PRT1
224
478
4 0 15 (2048 2608 1408 ) (2048 2608 1243 ) (2048 2064 1243 ) (2048 2064 1408 ) 
4 0 11 (2048 2072 1408 ) (2048 2064 1408 ) (2048 2064 1416 ) (2048 2072 1416 ) 
4 0 10 (2048 2608 1416 ) (2048 2608 1408 ) (2048 2072 1408 ) (2048 2072 1416 ) 
4 0 9 (2048 2064 1568 ) (2048 2608 1568 ) (2048 2608 1416 ) (2048 2064 1416 ) 
4 0 2 (2048 2064 1243 ) (2048 2608 1243 ) (2240 2608 1243 ) (2240 2064 1243 ) 
4 0 1 (2240 2064 1248 ) (2240 2064 1568 ) (2048 2064 1568 ) (2048 2064 1248 ) 
4 1 3 (2048 2048 1568 ) (2048 2048 1248 ) (2240 2048 1248 ) (2240 2048 1568 ) 
4 2 18 (2048 2064 1243 ) (2048 2608 1243 ) (2048 2608 1216 ) (2048 2064 1216 ) 
4 3 4 (2048 2032 1248 ) (2240 2032 1248 ) (2240 2032 1568 ) (2048 2032 1568 ) 
4 4 25 (2048 1496 1416 ) (2048 1496 1408 ) (2048 1488 1408 ) (2048 1488 1416 ) 
4 4 29 (2048 1496 1408 ) (2048 1496 1248 ) (2048 1488 1248 ) (2048 1488 1408 ) 
4 4 24 (2048 1488 1568 ) (2048 1496 1568 ) (2048 1496 1416 ) (2048 1488 1416 ) 
4 4 23 (2048 1496 1568 ) (2048 2032 1568 ) (2048 2032 1248 ) (2048 1496 1248 ) 
4 5 50 (2048 1024 1568 ) (2048 1024 1243 ) (2240 1024 1243 ) (2240 1024 1568 ) 
4 5 30 (2048 1024 1243 ) (2048 1024 1568 ) (2048 1456 1568 ) (2048 1456 1243 ) 
4 5 6 (2240 1024 1243 ) (2048 1024 1243 ) (2048 1456 1243 ) (2240 1456 1243 ) 
4 6 55 (2240 1024 1243 ) (2048 1024 1243 ) (2048 1024 1216 ) (2240 1024 1216 ) 
4 6 32 (2048 1024 1216 ) (2048 1024 1243 ) (2048 1456 1243 ) (2048 1456 1216 ) 
4 7 63 (2112 1024 1184 ) (2048 1024 1184 ) (2048 1024 1055 ) (2112 1024 1055 ) 
4 7 60 (2240 1024 1184 ) (2112 1024 1184 ) (2112 1024 1055 ) (2240 1024 1055 ) 
4 7 58 (2496 1024 1184 ) (2240 1024 1184 ) (2240 1024 1055 ) (2496 1024 1055 ) 
4 7 33 (2048 1024 1055 ) (2048 1024 1184 ) (2048 1104 1184 ) (2048 1104 1055 ) 
4 7 8 (2048 1024 1055 ) (2048 1104 1055 ) (2496 1104 1055 ) (2496 1024 1055 ) 
4 8 69 (2112 1024 1055 ) (2048 1024 1055 ) (2048 1024 1024 ) (2112 1024 1024 ) 
4 8 67 (2240 1024 1055 ) (2112 1024 1055 ) (2112 1024 1024 ) (2240 1024 1024 ) 
4 8 65 (2496 1024 1024 ) (2496 1024 1055 ) (2240 1024 1055 ) (2240 1024 1024 ) 
4 8 34 (2048 1024 1024 ) (2048 1024 1055 ) (2048 1104 1055 ) (2048 1104 1024 ) 
4 9 20 (1024 2608 1568 ) (1024 2608 1416 ) (1024 2064 1416 ) (1024 2064 1568 ) 
4 9 13 (1488 2064 1416 ) (1256 2064 1416 ) (1256 2072 1416 ) (1488 2072 1416 ) 
4 9 14 (1224 2064 1416 ) (1024 2064 1416 ) (1024 2072 1416 ) (1224 2072 1416 ) 
4 9 12 (1832 2064 1416 ) (1520 2064 1416 ) (1520 2072 1416 ) (1832 2072 1416 ) 
4 9 11 (2048 2064 1416 ) (1864 2064 1416 ) (1864 2072 1416 ) (2048 2072 1416 ) 
4 9 10 (1024 2072 1416 ) (1024 2608 1416 ) (2048 2608 1416 ) (2048 2072 1416 ) 
4 10 20 (1024 2608 1416 ) (1024 2608 1408 ) (1024 2072 1408 ) (1024 2072 1416 ) 
4 10 16 (1408 2608 1408 ) (1600 2608 1408 ) (1600 2072 1408 ) (1408 2072 1408 ) 
4 10 15 (1600 2608 1408 ) (2048 2608 1408 ) (2048 2072 1408 ) (1600 2072 1408 ) 
4 10 17 (1024 2072 1408 ) (1024 2608 1408 ) (1408 2608 1408 ) (1408 2072 1408 ) 
4 10 13 (1256 2072 1408 ) (1488 2072 1408 ) (1488 2072 1416 ) (1256 2072 1416 ) 
4 10 14 (1024 2072 1408 ) (1224 2072 1408 ) (1224 2072 1416 ) (1024 2072 1416 ) 
4 10 12 (1520 2072 1408 ) (1832 2072 1408 ) (1832 2072 1416 ) (1520 2072 1416 ) 
4 10 11 (1864 2072 1408 ) (2048 2072 1408 ) (2048 2072 1416 ) (1864 2072 1416 ) 
4 11 15 (2048 2064 1408 ) (1864 2064 1408 ) (1864 2072 1408 ) (2048 2072 1408 ) 
4 12 16 (1600 2064 1408 ) (1520 2064 1408 ) (1520 2072 1408 ) (1600 2072 1408 ) 
4 12 15 (1832 2064 1408 ) (1600 2064 1408 ) (1600 2072 1408 ) (1832 2072 1408 ) 
4 13 16 (1488 2064 1408 ) (1408 2064 1408 ) (1408 2072 1408 ) (1488 2072 1408 ) 
4 13 17 (1408 2064 1408 ) (1256 2064 1408 ) (1256 2072 1408 ) (1408 2072 1408 ) 
4 14 20 (1024 2072 1408 ) (1024 2064 1408 ) (1024 2064 1416 ) (1024 2072 1416 ) 
4 14 17 (1224 2064 1408 ) (1024 2064 1408 ) (1024 2072 1408 ) (1224 2072 1408 ) 
4 15 18 (1600 2608 1243 ) (2048 2608 1243 ) (2048 2064 1243 ) (1600 2064 1243 ) 
4 15 16 (1600 2064 1248 ) (1600 2064 1408 ) (1600 2608 1408 ) (1600 2608 1248 ) 
4 16 17 (1408 2064 1248 ) (1408 2064 1408 ) (1408 2608 1408 ) (1408 2608 1248 ) 
4 17 20 (1024 2608 1408 ) (1024 2608 1243 ) (1024 2064 1243 ) (1024 2064 1408 ) 
4 17 19 (1024 2064 1243 ) (1024 2608 1243 ) (1408 2608 1243 ) (1408 2064 1243 ) 
4 19 22 (1024 2064 1243 ) (1024 2608 1243 ) (1024 2608 1216 ) (1024 2064 1216 ) 
4 20 22 (1024 2608 1243 ) (1024 2064 1243 ) (960 2064 1243 ) (960 2608 1243 ) 
4 20 21 (960 2608 1568 ) (960 2608 1248 ) (960 2064 1248 ) (960 2064 1568 ) 
4 23 35 (1024 2032 1243 ) (1024 1496 1243 ) (1024 1496 1568 ) (1024 2032 1568 ) 
4 23 31 (1024 1496 1243 ) (1024 2032 1243 ) (2048 2032 1243 ) (2048 1496 1243 ) 
4 23 28 (1024 1496 1416 ) (1024 1496 1408 ) (1192 1496 1408 ) (1192 1496 1416 ) 
4 23 26 (1512 1496 1408 ) (1832 1496 1408 ) (1832 1496 1416 ) (1512 1496 1416 ) 
4 23 27 (1224 1496 1408 ) (1480 1496 1408 ) (1480 1496 1416 ) (1224 1496 1416 ) 
4 23 25 (1864 1496 1408 ) (2048 1496 1408 ) (2048 1496 1416 ) (1864 1496 1416 ) 
4 23 29 (1024 1496 1408 ) (1024 1496 1243 ) (2048 1496 1243 ) (2048 1496 1408 ) 
4 23 24 (1024 1496 1568 ) (1024 1496 1416 ) (2048 1496 1416 ) (2048 1496 1568 ) 
4 24 35 (1024 1488 1416 ) (1024 1488 1568 ) (1024 1496 1568 ) (1024 1496 1416 ) 
4 24 28 (1192 1488 1416 ) (1024 1488 1416 ) (1024 1496 1416 ) (1192 1496 1416 ) 
4 24 26 (1832 1488 1416 ) (1512 1488 1416 ) (1512 1496 1416 ) (1832 1496 1416 ) 
4 24 27 (1480 1488 1416 ) (1224 1488 1416 ) (1224 1496 1416 ) (1480 1496 1416 ) 
4 24 25 (2048 1488 1416 ) (1864 1488 1416 ) (1864 1496 1416 ) (2048 1496 1416 ) 
4 25 29 (2048 1488 1408 ) (1864 1488 1408 ) (1864 1496 1408 ) (2048 1496 1408 ) 
4 26 29 (1832 1488 1408 ) (1512 1488 1408 ) (1512 1496 1408 ) (1832 1496 1408 ) 
4 27 29 (1480 1488 1408 ) (1224 1488 1408 ) (1224 1496 1408 ) (1480 1496 1408 ) 
4 28 35 (1024 1488 1408 ) (1024 1488 1416 ) (1024 1496 1416 ) (1024 1496 1408 ) 
4 28 29 (1192 1488 1408 ) (1024 1488 1408 ) (1024 1496 1408 ) (1192 1496 1408 ) 
4 29 35 (1024 1496 1243 ) (1024 1488 1243 ) (1024 1488 1408 ) (1024 1496 1408 ) 
4 29 31 (1024 1488 1243 ) (1024 1496 1243 ) (2048 1496 1243 ) (2048 1488 1243 ) 
4 30 91 (2048 1024 1243 ) (2048 1024 1416 ) (1024 1024 1416 ) (1024 1024 1243 ) 
4 30 90 (2048 1024 1416 ) (2048 1024 1568 ) (1024 1024 1568 ) (1024 1024 1416 ) 
4 30 36 (1024 1456 1243 ) (1024 1024 1243 ) (1024 1024 1568 ) (1024 1456 1568 ) 
4 30 32 (2048 1024 1243 ) (1024 1024 1243 ) (1024 1456 1243 ) (2048 1456 1243 ) 
4 31 40 (1024 2032 1216 ) (1024 1488 1216 ) (1024 1488 1243 ) (1024 2032 1243 ) 
4 32 100 (2048 1024 1216 ) (2048 1024 1243 ) (1024 1024 1243 ) (1024 1024 1216 ) 
4 32 41 (1024 1456 1216 ) (1024 1024 1216 ) (1024 1024 1243 ) (1024 1456 1243 ) 
4 33 103 (2048 1024 1055 ) (2048 1024 1184 ) (1024 1024 1184 ) (1024 1024 1055 ) 
4 33 42 (1024 1104 1055 ) (1024 1024 1055 ) (1024 1024 1184 ) (1024 1104 1184 ) 
4 33 34 (2048 1104 1055 ) (2048 1024 1055 ) (1024 1024 1055 ) (1024 1104 1055 ) 
4 34 105 (2048 1024 1024 ) (2048 1024 1055 ) (1024 1024 1055 ) (1024 1024 1024 ) 
4 34 44 (1024 1024 1024 ) (1024 1024 1055 ) (1024 1104 1055 ) (1024 1104 1024 ) 
4 35 40 (960 1488 1243 ) (960 2032 1243 ) (1024 2032 1243 ) (1024 1488 1243 ) 
4 35 37 (960 1488 1248 ) (960 1488 1568 ) (960 2032 1568 ) (960 2032 1248 ) 
4 36 108 (1024 1024 1243 ) (1024 1024 1568 ) (960 1024 1568 ) (960 1024 1243 ) 
4 36 41 (1024 1024 1243 ) (960 1024 1243 ) (960 1456 1243 ) (1024 1456 1243 ) 
4 36 39 (960 1024 1248 ) (960 1024 1568 ) (960 1456 1568 ) (960 1456 1248 ) 
4 37 38 (768 1488 1568 ) (768 1488 1248 ) (960 1488 1248 ) (960 1488 1568 ) 
4 38 39 (768 1456 1568 ) (768 1456 1248 ) (960 1456 1248 ) (960 1456 1568 ) 
4 39 109 (960 1024 1568 ) (768 1024 1568 ) (768 1024 1248 ) (960 1024 1248 ) 
4 41 117 (1024 1024 1216 ) (1024 1024 1243 ) (960 1024 1243 ) (960 1024 1216 ) 
4 42 120 (1024 1024 1055 ) (1024 1024 1184 ) (768 1024 1184 ) (768 1024 1055 ) 
4 42 44 (1024 1104 1055 ) (1024 1024 1055 ) (768 1024 1055 ) (768 1104 1055 ) 
4 42 43 (768 1104 1184 ) (768 1104 1056 ) (768 1024 1056 ) (768 1024 1184 ) 
4 43 123 (768 1024 1184 ) (736 1024 1184 ) (736 1024 1056 ) (768 1024 1056 ) 
4 44 124 (1024 1024 1024 ) (1024 1024 1055 ) (768 1024 1055 ) (768 1024 1024 ) 
4 45 46 (3696 0 2456 ) (3696 0 2872 ) (3184 0 2872 ) (3184 0 2456 ) 
4 47 53 (2240 240 1568 ) (2240 240 1728 ) (2240 272 1728 ) (2240 272 1568 ) 
4 47 49 (2240 240 1728 ) (2240 240 1568 ) (2272 240 1568 ) (2272 240 1728 ) 
4 47 48 (2272 240 1568 ) (2528 240 1568 ) (2528 240 1728 ) (2272 240 1728 ) 
4 48 73 (2272 0 1243 ) (2528 0 1243 ) (2528 0 1408 ) (2272 0 1408 ) 
4 48 71 (2528 0 1408 ) (2528 0 1728 ) (2272 0 1728 ) (2272 0 1408 ) 
4 48 56 (2528 0 1243 ) (2272 0 1243 ) (2272 240 1243 ) (2528 240 1243 ) 
4 48 49 (2272 0 1728 ) (2272 240 1728 ) (2272 240 1408 ) (2272 0 1408 ) 
4 49 71 (2240 0 1728 ) (2240 0 1408 ) (2272 0 1408 ) (2272 0 1728 ) 
4 49 54 (2240 0 1408 ) (2240 0 1728 ) (2240 240 1728 ) (2240 240 1408 ) 
4 50 92 (2048 848 1408 ) (2048 848 1416 ) (2048 856 1416 ) (2048 856 1408 ) 
4 50 96 (2048 856 1243 ) (2048 848 1243 ) (2048 848 1408 ) (2048 856 1408 ) 
4 50 91 (2048 1024 1416 ) (2048 1024 1243 ) (2048 856 1243 ) (2048 856 1416 ) 
4 50 90 (2048 1024 1568 ) (2048 1024 1416 ) (2048 848 1416 ) (2048 848 1568 ) 
4 50 55 (2048 848 1243 ) (2048 1024 1243 ) (2240 1024 1243 ) (2240 848 1243 ) 
4 50 51 (2240 848 1248 ) (2240 848 1568 ) (2048 848 1568 ) (2048 848 1248 ) 
4 51 97 (2048 816 1728 ) (2048 848 1728 ) (2048 848 1568 ) (2048 816 1568 ) 
4 51 52 (2048 816 1248 ) (2240 816 1248 ) (2240 816 1728 ) (2048 816 1728 ) 
4 52 98 (2048 272 1248 ) (2048 272 1568 ) (2048 816 1568 ) (2048 816 1248 ) 
4 52 97 (2048 272 1568 ) (2048 272 1728 ) (2048 816 1728 ) (2048 816 1568 ) 
4 52 53 (2240 272 1568 ) (2240 272 1728 ) (2048 272 1728 ) (2048 272 1568 ) 
4 53 97 (2048 240 1568 ) (2048 240 1728 ) (2048 272 1728 ) (2048 272 1568 ) 
4 53 54 (2240 240 1568 ) (2240 240 1728 ) (2048 240 1728 ) (2048 240 1568 ) 
4 54 99 (2048 240 1243 ) (2048 0 1243 ) (2048 0 1568 ) (2048 240 1568 ) 
4 54 97 (2048 0 1568 ) (2048 0 1728 ) (2048 240 1728 ) (2048 240 1568 ) 
4 54 74 (2048 0 1408 ) (2048 0 1243 ) (2240 0 1243 ) (2240 0 1408 ) 
4 54 71 (2048 0 1728 ) (2048 0 1408 ) (2240 0 1408 ) (2240 0 1728 ) 
4 54 57 (2240 0 1243 ) (2048 0 1243 ) (2048 240 1243 ) (2240 240 1243 ) 
4 55 100 (2048 1024 1243 ) (2048 1024 1216 ) (2048 848 1216 ) (2048 848 1243 ) 
4 56 76 (2272 0 1216 ) (2272 0 1184 ) (2496 0 1184 ) (2496 0 1216 ) 
4 56 75 (2496 0 1184 ) (2528 0 1184 ) (2528 0 1216 ) (2496 0 1216 ) 
4 56 73 (2528 0 1243 ) (2272 0 1243 ) (2272 0 1216 ) (2528 0 1216 ) 
4 56 59 (2272 240 1184 ) (2496 240 1184 ) (2496 0 1184 ) (2272 0 1184 ) 
4 57 102 (2048 0 1216 ) (2048 0 1243 ) (2048 240 1243 ) (2048 240 1216 ) 
4 57 74 (2240 0 1243 ) (2048 0 1243 ) (2048 0 1216 ) (2240 0 1216 ) 
4 58 65 (2240 1024 1055 ) (2496 1024 1055 ) (2496 336 1055 ) (2240 336 1055 ) 
4 58 60 (2240 1024 1055 ) (2240 336 1055 ) (2240 336 1184 ) (2240 1024 1184 ) 
4 59 76 (2496 0 1184 ) (2272 0 1184 ) (2272 0 1055 ) (2496 0 1055 ) 
4 59 66 (2496 240 1055 ) (2496 0 1055 ) (2272 0 1055 ) (2272 240 1055 ) 
4 60 67 (2112 1024 1055 ) (2240 1024 1055 ) (2240 336 1055 ) (2112 336 1055 ) 
4 60 63 (2112 1024 1055 ) (2112 336 1055 ) (2112 336 1184 ) (2112 1024 1184 ) 
4 60 61 (2112 336 1184 ) (2112 336 1056 ) (2240 336 1056 ) (2240 336 1184 ) 
4 61 62 (2112 240 1184 ) (2112 240 1056 ) (2240 240 1056 ) (2240 240 1184 ) 
4 62 78 (2112 0 1088 ) (2112 0 1055 ) (2240 0 1055 ) (2240 0 1088 ) 
4 62 77 (2240 0 1184 ) (2112 0 1184 ) (2112 0 1088 ) (2240 0 1088 ) 
4 62 68 (2240 240 1055 ) (2240 0 1055 ) (2112 0 1055 ) (2112 240 1055 ) 
4 62 64 (2112 240 1055 ) (2112 0 1055 ) (2112 0 1184 ) (2112 240 1184 ) 
4 63 103 (2048 1024 1184 ) (2048 1024 1055 ) (2048 336 1055 ) (2048 336 1184 ) 
4 63 69 (2048 336 1055 ) (2048 1024 1055 ) (2112 1024 1055 ) (2112 336 1055 ) 
4 64 104 (2048 240 1055 ) (2048 0 1055 ) (2048 0 1184 ) (2048 240 1184 ) 
4 64 78 (2048 0 1088 ) (2048 0 1055 ) (2112 0 1055 ) (2112 0 1088 ) 
4 64 77 (2112 0 1184 ) (2048 0 1184 ) (2048 0 1088 ) (2112 0 1088 ) 
4 64 70 (2048 0 1055 ) (2048 240 1055 ) (2112 240 1055 ) (2112 0 1055 ) 
4 65 67 (2240 1024 1024 ) (2240 336 1024 ) (2240 336 1055 ) (2240 1024 1055 ) 
4 66 86 (2496 0 1055 ) (2272 0 1055 ) (2272 0 1024 ) (2496 0 1024 ) 
4 67 69 (2112 1024 1024 ) (2112 336 1024 ) (2112 336 1055 ) (2112 1024 1055 ) 
4 68 87 (2240 0 1055 ) (2112 0 1055 ) (2112 0 1024 ) (2240 0 1024 ) 
4 68 70 (2112 240 1024 ) (2112 0 1024 ) (2112 0 1055 ) (2112 240 1055 ) 
4 69 105 (2048 1024 1055 ) (2048 1024 1024 ) (2048 336 1024 ) (2048 336 1055 ) 
4 70 106 (2048 240 1024 ) (2048 0 1024 ) (2048 0 1055 ) (2048 240 1055 ) 
4 70 87 (2112 0 1055 ) (2048 0 1055 ) (2048 0 1024 ) (2112 0 1024 ) 
4 71 126 (2048 0 1728 ) (2048 0 1408 ) (2048 -272 1408 ) (2048 -272 1728 ) 
4 71 74 (2048 -272 1408 ) (2048 0 1408 ) (2240 0 1408 ) (2240 -272 1408 ) 
4 71 73 (2272 0 1408 ) (2528 0 1408 ) (2528 -272 1408 ) (2272 -272 1408 ) 
5 71 72 (2240 -272 1408 ) (2528 -272 1408 ) (2528 -272 1728 ) (2048 -272 1728 ) (2048 -272 1476.571289 ) 
4 72 127 (2048 -304 1476.571289 ) (2048 -304 1728 ) (2048 -272 1728 ) (2048 -272 1476.571289 ) 
5 72 81 (2048 -304 1728 ) (2048 -304 1476.571289 ) (2240 -304 1408 ) (2495.590332 -304 1408 ) (2495.590332 -304 1728 ) 
4 72 80 (2495.590332 -304 1408 ) (2496 -304 1408 ) (2496 -304 1728 ) (2495.590332 -304 1728 ) 
4 72 79 (2496 -304 1408 ) (2528 -304 1408 ) (2528 -304 1728 ) (2496 -304 1728 ) 
4 72 73 (2528 -304 1408 ) (2272 -304 1408 ) (2272 -272 1408 ) (2528 -272 1408 ) 
4 73 81 (2272 -304 1216 ) (2495.590332 -304 1216 ) (2495.590332 -304 1408 ) (2272 -304 1408 ) 
4 73 80 (2495.590332 -304 1216 ) (2496 -304 1216 ) (2496 -304 1408 ) (2495.590332 -304 1408 ) 
4 73 79 (2496 -304 1216 ) (2528 -304 1216 ) (2528 -304 1408 ) (2496 -304 1408 ) 
4 73 76 (2496 -304 1216 ) (2272 -304 1216 ) (2272 0 1216 ) (2496 0 1216 ) 
4 73 75 (2528 -304 1216 ) (2496 -304 1216 ) (2496 0 1216 ) (2528 0 1216 ) 
4 74 129 (2048 0 1408 ) (2048 0 1216 ) (2048 -272 1216 ) (2048 -272 1408 ) 
4 75 79 (2528 -304 1184 ) (2528 -304 1216 ) (2496 -304 1216 ) (2496 -304 1184 ) 
4 75 76 (2496 -304 1184 ) (2496 -304 1216 ) (2496 0 1216 ) (2496 0 1184 ) 
4 76 86 (2272 0 1055 ) (2496 0 1055 ) (2496 -304 1055 ) (2272 -304 1055 ) 
4 76 83 (2272 -304 1055 ) (2496 -304 1055 ) (2496 -304 1088 ) (2272 -304 1088 ) 
4 76 81 (2495.590332 -304 1216 ) (2272 -304 1216 ) (2272 -304 1088 ) (2495.590332 -304 1088 ) 
4 76 80 (2496 -304 1088 ) (2496 -304 1216 ) (2495.590332 -304 1216 ) (2495.590332 -304 1088 ) 
4 77 130 (2048 0 1184 ) (2048 0 1088 ) (2048 -272 1088 ) (2048 -272 1184 ) 
4 77 78 (2240 0 1088 ) (2240 -272 1088 ) (2048 -272 1088 ) (2048 0 1088 ) 
4 78 147 (2048 0 1088 ) (2048 0 1055 ) (2048 -272 1055 ) (2048 -272 1088 ) 
4 78 87 (2048 -272 1055 ) (2048 0 1055 ) (2240 0 1055 ) (2240 -272 1055 ) 
4 79 80 (2496 -560 1184 ) (2496 -560 1728 ) (2496 -304 1728 ) (2496 -304 1184 ) 
4 80 83 (2495.590332 -304 1088 ) (2496 -304 1088 ) (2496 -528 1088 ) (2495.590332 -528 1088 ) 
4 80 82 (2495.590332 -560 1184 ) (2495.590332 -560 1728 ) (2495.590332 -528 1728 ) (2495.590332 -528 1184 ) 
4 80 81 (2495.590332 -304 1088 ) (2495.590332 -528 1088 ) (2495.590332 -528 1728 ) (2495.590332 -304 1728 ) 
4 81 148 (2048 -304 1728 ) (2048 -304 1088 ) (2048 -528 1088 ) (2048 -528 1728 ) 
4 81 83 (2048 -304 1088 ) (2495.590332 -304 1088 ) (2495.590332 -528 1088 ) (2048 -528 1088 ) 
4 81 82 (2495.590332 -528 1184 ) (2495.590332 -528 1728 ) (2048 -528 1728 ) (2048 -528 1121.507446 ) 
4 82 149 (2048 -560 1121.507446 ) (2048 -560 1728 ) (2048 -528 1728 ) (2048 -528 1121.507446 ) 
4 83 150 (2048 -304 1088 ) (2048 -304 1055 ) (2048 -528 1055 ) (2048 -528 1088 ) 
4 83 88 (2048 -528 1055 ) (2048 -304 1055 ) (2496 -304 1055 ) (2496 -528 1055 ) 
4 84 193 (2048 -1024 1488 ) (2048 -1024 1056 ) (2128 -1024 1056 ) (2128 -1024 1488 ) 
4 84 192 (2128 -1024 1056 ) (2496 -1024 1056 ) (2496 -1024 1488 ) (2128 -1024 1488 ) 
4 84 154 (2048 -1024 1056 ) (2048 -1024 1184 ) (2048 -768 1184 ) (2048 -768 1056 ) 
4 84 152 (2048 -1024 1184 ) (2048 -1024 1264 ) (2048 -768 1264 ) (2048 -768 1184 ) 
4 84 151 (2048 -1024 1264 ) (2048 -1024 1488 ) (2048 -768 1488 ) (2048 -768 1264 ) 
4 84 85 (2048 -1024 1056 ) (2048 -768 1056 ) (2128 -768 1056 ) (2128 -1024 1056 ) 
4 85 193 (2048 -1024 1056 ) (2048 -1024 1055 ) (2128 -1024 1055 ) (2128 -1024 1056 ) 
4 85 154 (2048 -1024 1055 ) (2048 -1024 1056 ) (2048 -768 1056 ) (2048 -768 1055 ) 
4 85 89 (2048 -1024 1055 ) (2048 -768 1055 ) (2128 -768 1055 ) (2128 -1024 1055 ) 
4 86 88 (2272 -304 1024 ) (2496 -304 1024 ) (2496 -304 1055 ) (2272 -304 1055 ) 
4 87 159 (2048 -272 1055 ) (2048 0 1055 ) (2048 0 1024 ) (2048 -272 1024 ) 
4 88 160 (2048 -528 1055 ) (2048 -304 1055 ) (2048 -304 1024 ) (2048 -528 1024 ) 
4 89 193 (2128 -1024 864 ) (2128 -1024 1055 ) (2048 -1024 1055 ) (2048 -1024 864 ) 
4 89 161 (2048 -1024 864 ) (2048 -1024 1055 ) (2048 -768 1055 ) (2048 -768 864 ) 
4 90 108 (1024 1024 1568 ) (1024 1024 1416 ) (1024 848 1416 ) (1024 848 1568 ) 
4 90 95 (1184 848 1416 ) (1024 848 1416 ) (1024 856 1416 ) (1184 856 1416 ) 
4 90 93 (1824 848 1416 ) (1504 848 1416 ) (1504 856 1416 ) (1824 856 1416 ) 
4 90 94 (1472 848 1416 ) (1216 848 1416 ) (1216 856 1416 ) (1472 856 1416 ) 
4 90 92 (2048 848 1416 ) (1856 848 1416 ) (1856 856 1416 ) (2048 856 1416 ) 
4 90 91 (1024 856 1416 ) (1024 1024 1416 ) (2048 1024 1416 ) (2048 856 1416 ) 
4 91 108 (1024 1024 1416 ) (1024 1024 1243 ) (1024 856 1243 ) (1024 856 1416 ) 
4 91 100 (1024 856 1243 ) (1024 1024 1243 ) (2048 1024 1243 ) (2048 856 1243 ) 
4 91 95 (1184 856 1416 ) (1024 856 1416 ) (1024 856 1408 ) (1184 856 1408 ) 
4 91 93 (1824 856 1416 ) (1504 856 1416 ) (1504 856 1408 ) (1824 856 1408 ) 
4 91 94 (1472 856 1416 ) (1216 856 1416 ) (1216 856 1408 ) (1472 856 1408 ) 
4 91 92 (2048 856 1408 ) (2048 856 1416 ) (1856 856 1416 ) (1856 856 1408 ) 
4 91 96 (1024 856 1243 ) (2048 856 1243 ) (2048 856 1408 ) (1024 856 1408 ) 
4 92 96 (2048 848 1408 ) (1856 848 1408 ) (1856 856 1408 ) (2048 856 1408 ) 
4 93 96 (1824 848 1408 ) (1504 848 1408 ) (1504 856 1408 ) (1824 856 1408 ) 
4 94 96 (1472 848 1408 ) (1216 848 1408 ) (1216 856 1408 ) (1472 856 1408 ) 
4 95 108 (1024 848 1408 ) (1024 848 1416 ) (1024 856 1416 ) (1024 856 1408 ) 
4 95 96 (1184 848 1408 ) (1024 848 1408 ) (1024 856 1408 ) (1184 856 1408 ) 
4 96 108 (1024 856 1243 ) (1024 848 1243 ) (1024 848 1408 ) (1024 856 1408 ) 
4 96 100 (1024 848 1243 ) (1024 856 1243 ) (2048 856 1243 ) (2048 848 1243 ) 
4 97 126 (2048 0 1568 ) (2048 0 1728 ) (1024 0 1728 ) (1024 0 1568 ) 
4 97 112 (1024 240 1728 ) (1024 272 1728 ) (1024 272 1568 ) (1024 240 1568 ) 
4 97 113 (1024 0 1568 ) (1024 0 1728 ) (1024 240 1728 ) (1024 240 1568 ) 
4 97 107 (1024 272 1728 ) (1024 848 1728 ) (1024 848 1568 ) (1024 272 1568 ) 
4 97 98 (1024 272 1568 ) (1024 816 1568 ) (2048 816 1568 ) (2048 272 1568 ) 
4 97 99 (2048 0 1568 ) (1024 0 1568 ) (1024 240 1568 ) (2048 240 1568 ) 
4 98 110 (1024 816 1243 ) (1024 272 1243 ) (1024 272 1568 ) (1024 816 1568 ) 
4 98 101 (1024 272 1243 ) (1024 816 1243 ) (2048 816 1243 ) (2048 272 1243 ) 
4 99 129 (2048 0 1243 ) (2048 0 1408 ) (1024 0 1408 ) (1024 0 1243 ) 
4 99 126 (2048 0 1408 ) (2048 0 1568 ) (1024 0 1568 ) (1024 0 1408 ) 
4 99 113 (1024 240 1243 ) (1024 0 1243 ) (1024 0 1568 ) (1024 240 1568 ) 
4 99 102 (2048 0 1243 ) (1024 0 1243 ) (1024 240 1243 ) (2048 240 1243 ) 
4 100 117 (1024 1024 1243 ) (1024 1024 1216 ) (1024 848 1216 ) (1024 848 1243 ) 
4 101 118 (1024 816 1216 ) (1024 272 1216 ) (1024 272 1243 ) (1024 816 1243 ) 
4 102 129 (2048 0 1216 ) (2048 0 1243 ) (1024 0 1243 ) (1024 0 1216 ) 
4 102 119 (1024 240 1216 ) (1024 0 1216 ) (1024 0 1243 ) (1024 240 1243 ) 
4 103 120 (1024 1024 1184 ) (1024 1024 1055 ) (1024 336 1055 ) (1024 336 1184 ) 
4 103 105 (1024 336 1055 ) (1024 1024 1055 ) (2048 1024 1055 ) (2048 336 1055 ) 
4 104 147 (2048 0 1055 ) (2048 0 1088 ) (1024 0 1088 ) (1024 0 1055 ) 
4 104 130 (2048 0 1088 ) (2048 0 1184 ) (1024 0 1184 ) (1024 0 1088 ) 
4 104 121 (1024 240 1055 ) (1024 0 1055 ) (1024 0 1184 ) (1024 240 1184 ) 
4 104 106 (1024 0 1055 ) (1024 240 1055 ) (2048 240 1055 ) (2048 0 1055 ) 
4 105 124 (1024 1024 1055 ) (1024 1024 1024 ) (1024 336 1024 ) (1024 336 1055 ) 
4 106 159 (2048 0 1024 ) (2048 0 1055 ) (1024 0 1055 ) (1024 0 1024 ) 
4 106 125 (1024 240 1024 ) (1024 0 1024 ) (1024 0 1055 ) (1024 240 1055 ) 
4 107 116 (736 272 1728 ) (736 272 1568 ) (768 272 1568 ) (768 272 1728 ) 
4 107 114 (768 272 1568 ) (960 272 1568 ) (960 272 1728 ) (768 272 1728 ) 
4 107 112 (960 272 1568 ) (1024 272 1568 ) (1024 272 1728 ) (960 272 1728 ) 
4 107 111 (960 272 1568 ) (768 272 1568 ) (768 816 1568 ) (960 816 1568 ) 
4 107 110 (1024 272 1568 ) (960 272 1568 ) (960 816 1568 ) (1024 816 1568 ) 
4 108 117 (1024 1024 1243 ) (1024 848 1243 ) (960 848 1243 ) (960 1024 1243 ) 
4 108 109 (960 848 1248 ) (960 848 1568 ) (960 1024 1568 ) (960 1024 1248 ) 
4 110 118 (1024 816 1243 ) (1024 272 1243 ) (960 272 1243 ) (960 816 1243 ) 
4 110 111 (960 816 1568 ) (960 816 1408 ) (960 272 1408 ) (960 272 1568 ) 
4 111 114 (960 272 1408 ) (960 272 1568 ) (768 272 1568 ) (768 272 1408 ) 
4 112 114 (960 272 1728 ) (960 272 1568 ) (960 240 1568 ) (960 240 1728 ) 
4 112 113 (1024 240 1728 ) (960 240 1728 ) (960 240 1568 ) (1024 240 1568 ) 
4 113 167 (1024 0 1243 ) (1024 0 1408 ) (960 0 1408 ) (960 0 1243 ) 
4 113 166 (1024 0 1408 ) (1024 0 1568 ) (960 0 1568 ) (960 0 1408 ) 
4 113 165 (1024 0 1568 ) (1024 0 1728 ) (960 0 1728 ) (960 0 1568 ) 
4 113 119 (1024 240 1243 ) (1024 0 1243 ) (960 0 1243 ) (960 240 1243 ) 
4 113 115 (960 0 1408 ) (960 0 1728 ) (960 240 1728 ) (960 240 1408 ) 
4 114 116 (768 240 1568 ) (768 240 1728 ) (768 272 1728 ) (768 272 1568 ) 
4 114 115 (768 240 1728 ) (768 240 1408 ) (960 240 1408 ) (960 240 1728 ) 
4 115 166 (768 0 1408 ) (960 0 1408 ) (960 0 1568 ) (768 0 1568 ) 
4 115 165 (960 0 1568 ) (960 0 1728 ) (768 0 1728 ) (768 0 1568 ) 
4 115 116 (768 0 1568 ) (768 0 1728 ) (768 240 1728 ) (768 240 1568 ) 
4 116 165 (736 0 1728 ) (736 0 1568 ) (768 0 1568 ) (768 0 1728 ) 
4 119 167 (1024 0 1216 ) (1024 0 1243 ) (960 0 1243 ) (960 0 1216 ) 
4 120 124 (768 336 1055 ) (768 1024 1055 ) (1024 1024 1055 ) (1024 336 1055 ) 
4 120 123 (768 336 1056 ) (768 336 1184 ) (768 1024 1184 ) (768 1024 1056 ) 
4 121 171 (1024 0 1055 ) (1024 0 1088 ) (960 0 1088 ) (960 0 1055 ) 
4 121 169 (992 0 1184 ) (960 0 1184 ) (960 0 1088 ) (992 0 1088 ) 
4 121 168 (1024 0 1088 ) (1024 0 1184 ) (992 0 1184 ) (992 0 1088 ) 
4 121 125 (1024 0 1055 ) (960 0 1055 ) (960 240 1055 ) (1024 240 1055 ) 
4 121 122 (960 240 1184 ) (960 240 1056 ) (960 0 1056 ) (960 0 1184 ) 
4 122 172 (768 0 1088 ) (768 0 1056 ) (960 0 1056 ) (960 0 1088 ) 
4 122 170 (960 0 1184 ) (768 0 1184 ) (768 0 1088 ) (960 0 1088 ) 
4 125 186 (1024 0 1024 ) (1024 0 1055 ) (960 0 1055 ) (960 0 1024 ) 
4 126 166 (1024 0 1568 ) (1024 0 1408 ) (1024 -272 1408 ) (1024 -272 1568 ) 
4 126 165 (1024 0 1728 ) (1024 0 1568 ) (1024 -272 1568 ) (1024 -272 1728 ) 
4 126 129 (1024 -272 1408 ) (1024 0 1408 ) (2048 0 1408 ) (2048 -272 1408 ) 
4 126 128 (1792 -272 1568 ) (1344 -272 1728 ) (1024 -272 1728 ) (1024 -272 1568 ) 
3 126 127 (2048 -272 1476.571289 ) (2048 -272 1728 ) (1344 -272 1728 ) 
3 127 148 (2048 -304 1476.571289 ) (2048 -304 1728 ) (1344 -304 1728 ) 
4 127 128 (1344.003906 -304 1728 ) (1344.003906 -272 1728 ) (1792.004028 -272 1568 ) (1792.004028 -304 1568 ) 
4 128 165 (1024 -304 1568 ) (1024 -304 1728 ) (1024 -272 1728 ) (1024 -272 1568 ) 
4 128 148 (1024 -304 1728 ) (1024 -304 1568 ) (1792 -304 1568 ) (1344 -304 1728 ) 
4 129 167 (1024 0 1408 ) (1024 0 1216 ) (1024 -272 1216 ) (1024 -272 1408 ) 
4 130 168 (1024 0 1184 ) (1024 0 1088 ) (1024 -272 1088 ) (1024 -272 1184 ) 
4 130 147 (1024 -272 1088 ) (1024 0 1088 ) (2048 0 1088 ) (2048 -272 1088 ) 
4 130 146 (1056 -272 1088 ) (1088 -272 1088 ) (1088 -272 1184 ) (1056 -272 1184 ) 
4 130 144 (1184 -272 1088 ) (1216 -272 1088 ) (1216 -272 1184 ) (1184 -272 1184 ) 
4 130 145 (1120 -272 1088 ) (1152 -272 1088 ) (1152 -272 1184 ) (1120 -272 1184 ) 
4 130 143 (1248 -272 1088 ) (1280 -272 1088 ) (1280 -272 1184 ) (1248 -272 1184 ) 
4 130 142 (1312 -272 1088 ) (1344 -272 1088 ) (1344 -272 1184 ) (1312 -272 1184 ) 
4 130 140 (1440 -272 1088 ) (1472 -272 1088 ) (1472 -272 1184 ) (1440 -272 1184 ) 
4 130 141 (1376 -272 1088 ) (1408 -272 1088 ) (1408 -272 1184 ) (1376 -272 1184 ) 
4 130 139 (1504 -272 1088 ) (1536 -272 1088 ) (1536 -272 1184 ) (1504 -272 1184 ) 
4 130 138 (1568 -272 1088 ) (1600 -272 1088 ) (1600 -272 1184 ) (1568 -272 1184 ) 
4 130 136 (1696 -272 1088 ) (1728 -272 1088 ) (1728 -272 1184 ) (1696 -272 1184 ) 
4 130 137 (1632 -272 1088 ) (1664 -272 1088 ) (1664 -272 1184 ) (1632 -272 1184 ) 
4 130 135 (1760 -272 1088 ) (1792 -272 1088 ) (1792 -272 1184 ) (1760 -272 1184 ) 
4 130 134 (1824 -272 1088 ) (1856 -272 1088 ) (1856 -272 1184 ) (1824 -272 1184 ) 
4 130 132 (1952 -272 1088 ) (1984 -272 1088 ) (1984 -272 1184 ) (1952 -272 1184 ) 
4 130 133 (1888 -272 1088 ) (1920 -272 1088 ) (1920 -272 1184 ) (1888 -272 1184 ) 
4 130 131 (2016 -272 1088 ) (2048 -272 1088 ) (2048 -272 1184 ) (2016 -272 1184 ) 
4 131 148 (2016 -304 1088 ) (2048 -304 1088 ) (2048 -304 1184 ) (2016 -304 1184 ) 
4 132 148 (1952 -304 1088 ) (1984 -304 1088 ) (1984 -304 1184 ) (1952 -304 1184 ) 
4 133 148 (1888 -304 1088 ) (1920 -304 1088 ) (1920 -304 1184 ) (1888 -304 1184 ) 
4 134 148 (1824 -304 1088 ) (1856 -304 1088 ) (1856 -304 1184 ) (1824 -304 1184 ) 
4 135 148 (1760 -304 1088 ) (1792 -304 1088 ) (1792 -304 1184 ) (1760 -304 1184 ) 
4 136 148 (1696 -304 1088 ) (1728 -304 1088 ) (1728 -304 1184 ) (1696 -304 1184 ) 
4 137 148 (1632 -304 1088 ) (1664 -304 1088 ) (1664 -304 1184 ) (1632 -304 1184 ) 
4 138 148 (1568 -304 1088 ) (1600 -304 1088 ) (1600 -304 1184 ) (1568 -304 1184 ) 
4 139 148 (1504 -304 1088 ) (1536 -304 1088 ) (1536 -304 1184 ) (1504 -304 1184 ) 
4 140 148 (1440 -304 1088 ) (1472 -304 1088 ) (1472 -304 1184 ) (1440 -304 1184 ) 
4 141 148 (1376 -304 1088 ) (1408 -304 1088 ) (1408 -304 1184 ) (1376 -304 1184 ) 
4 142 148 (1312 -304 1088 ) (1344 -304 1088 ) (1344 -304 1184 ) (1312 -304 1184 ) 
4 143 148 (1248 -304 1088 ) (1280 -304 1088 ) (1280 -304 1184 ) (1248 -304 1184 ) 
4 144 148 (1184 -304 1088 ) (1216 -304 1088 ) (1216 -304 1184 ) (1184 -304 1184 ) 
4 145 148 (1120 -304 1088 ) (1152 -304 1088 ) (1152 -304 1184 ) (1120 -304 1184 ) 
4 146 148 (1056 -304 1088 ) (1088 -304 1088 ) (1088 -304 1184 ) (1056 -304 1184 ) 
4 147 171 (1024 0 1088 ) (1024 0 1055 ) (1024 -272 1055 ) (1024 -272 1088 ) 
4 147 159 (1024 0 1055 ) (2048 0 1055 ) (2048 -272 1055 ) (1024 -272 1055 ) 
4 148 173 (1024 -528 1728 ) (1024 -304 1728 ) (1024 -304 1088 ) (1024 -528 1088 ) 
4 148 150 (1024 -528 1088 ) (1024 -304 1088 ) (2048 -304 1088 ) (2048 -528 1088 ) 
5 148 149 (1024 -528 1088 ) (1808.009766 -528 1088 ) (2048 -528 1121.507446 ) (2048 -528 1728 ) (1024 -528 1728 ) 
4 149 173 (1024 -560 1088 ) (1024 -560 1728 ) (1024 -528 1728 ) (1024 -528 1088 ) 
4 150 175 (1024 -304 1055 ) (1024 -528 1055 ) (1024 -528 1088 ) (1024 -304 1088 ) 
4 150 160 (2048 -304 1055 ) (2048 -528 1055 ) (1024 -528 1055 ) (1024 -304 1055 ) 
5 151 194 (2048 -1024 1264 ) (2048 -1024 1488 ) (1048 -1024 1488 ) (1024 -1024 1482.873779 ) (1024 -1024 1264 ) 
4 151 176 (1024 -1024 1264 ) (1024 -1024 1482.873779 ) (1024 -768 1482.873779 ) (1024 -768 1264 ) 
4 151 158 (1120 -1024 1264 ) (1024 -1024 1264 ) (1024 -864 1264 ) (1120 -864 1264 ) 
4 151 156 (1120 -768 1264 ) (1152 -768 1264 ) (1152 -864 1264 ) (1120 -864 1264 ) 
4 151 157 (1024 -864 1264 ) (1024 -768 1264 ) (1120 -768 1264 ) (1120 -864 1264 ) 
4 151 152 (2048 -1024 1264 ) (1520 -1024 1264 ) (1520 -768 1264 ) (2048 -768 1264 ) 
4 151 153 (1488 -1024 1264 ) (1152 -1024 1264 ) (1152 -768 1264 ) (1488 -768 1264 ) 
4 152 195 (2048 -1024 1184 ) (2048 -1024 1264 ) (1520 -1024 1264 ) (1520 -1024 1184 ) 
4 152 154 (2048 -1024 1184 ) (1712 -1024 1184 ) (1712 -768 1184 ) (2048 -768 1184 ) 
4 153 198 (1488 -1024 1264 ) (1152 -1024 1264 ) (1152 -1024 1184 ) (1488 -1024 1184 ) 
4 153 156 (1152 -864 1264 ) (1152 -768 1264 ) (1152 -768 1184 ) (1152 -864 1184 ) 
4 153 155 (1488 -1024 1184 ) (1152 -1024 1184 ) (1152 -768 1184 ) (1488 -768 1184 ) 
4 154 197 (2048 -1024 1055 ) (2048 -1024 1184 ) (1712 -1024 1184 ) (1712 -1024 1055 ) 
4 154 161 (2048 -768 1055 ) (2048 -1024 1055 ) (1712 -1024 1055 ) (1712 -768 1055 ) 
4 155 198 (1488 -1024 1184 ) (1152 -1024 1184 ) (1152 -1024 1055 ) (1488 -1024 1055 ) 
4 155 162 (1488 -1024 1055 ) (1152 -1024 1055 ) (1152 -768 1055 ) (1488 -768 1055 ) 
4 155 156 (1152 -768 1184 ) (1152 -768 1056 ) (1152 -864 1056 ) (1152 -864 1184 ) 
4 156 157 (1120 -864 1056 ) (1120 -864 1264 ) (1120 -768 1264 ) (1120 -768 1056 ) 
4 157 176 (1024 -768 1055 ) (1024 -864 1055 ) (1024 -864 1264 ) (1024 -768 1264 ) 
4 157 163 (1024 -864 1055 ) (1024 -768 1055 ) (1120 -768 1055 ) (1120 -864 1055 ) 
4 157 158 (1024 -864 1055 ) (1120 -864 1055 ) (1120 -864 1264 ) (1024 -864 1264 ) 
4 158 199 (1120 -1024 1264 ) (1024 -1024 1264 ) (1024 -1024 1055 ) (1120 -1024 1055 ) 
4 158 176 (1024 -864 1055 ) (1024 -1024 1055 ) (1024 -1024 1264 ) (1024 -864 1264 ) 
4 158 164 (1120 -1024 1055 ) (1024 -1024 1055 ) (1024 -864 1055 ) (1120 -864 1055 ) 
4 159 186 (1024 0 1055 ) (1024 0 1024 ) (1024 -272 1024 ) (1024 -272 1055 ) 
4 160 187 (1024 -304 1024 ) (1024 -528 1024 ) (1024 -528 1055 ) (1024 -304 1055 ) 
4 161 197 (2048 -1024 864 ) (2048 -1024 1055 ) (1712 -1024 1055 ) (1712 -1024 864 ) 
4 162 198 (1488 -1024 1055 ) (1152 -1024 1055 ) (1152 -1024 864 ) (1488 -1024 864 ) 
4 163 189 (1024 -864 1055 ) (1024 -768 1055 ) (1024 -768 864 ) (1024 -864 864 ) 
4 163 164 (1024 -864 864 ) (1120 -864 864 ) (1120 -864 1055 ) (1024 -864 1055 ) 
4 164 199 (1120 -1024 1055 ) (1024 -1024 1055 ) (1024 -1024 864 ) (1120 -1024 864 ) 
4 164 189 (1024 -1024 864 ) (1024 -1024 1055 ) (1024 -864 1055 ) (1024 -864 864 ) 
4 165 174 (768 -304 1728 ) (736 -304 1728 ) (736 -304 1568 ) (768 -304 1568 ) 
4 165 173 (1024 -304 1568 ) (1024 -304 1728 ) (768 -304 1728 ) (768 -304 1568 ) 
4 165 166 (768 0 1568 ) (1024 0 1568 ) (1024 -272 1568 ) (768 -272 1568 ) 
4 166 167 (960 0 1408 ) (1024 0 1408 ) (1024 -272 1408 ) (960 -272 1408 ) 
4 168 173 (1024 -304 1088 ) (1024 -304 1184 ) (992 -304 1184 ) (992 -304 1088 ) 
4 168 171 (992 -272 1088 ) (992 0 1088 ) (1024 0 1088 ) (1024 -272 1088 ) 
4 168 169 (992 0 1088 ) (992 -272 1088 ) (992 -272 1184 ) (992 0 1184 ) 
4 169 171 (960 -272 1088 ) (960 0 1088 ) (992 0 1088 ) (992 -272 1088 ) 
4 169 170 (960 0 1088 ) (960 -272 1088 ) (960 -272 1184 ) (960 0 1184 ) 
4 170 173 (960 -304 1184 ) (768 -304 1184 ) (768 -304 1088 ) (960 -304 1088 ) 
4 170 172 (960 -304 1088 ) (768 -304 1088 ) (768 0 1088 ) (960 0 1088 ) 
4 171 186 (1024 0 1055 ) (1024 -272 1055 ) (960 -272 1055 ) (960 0 1055 ) 
4 171 172 (960 -272 1056 ) (960 -272 1088 ) (960 0 1088 ) (960 0 1056 ) 
4 172 175 (960 -304 1056 ) (960 -304 1088 ) (768 -304 1088 ) (768 -304 1056 ) 
4 173 175 (768 -528 1088 ) (768 -304 1088 ) (1024 -304 1088 ) (1024 -528 1088 ) 
5 173 174 (768 -528 1088 ) (768 -560 1088 ) (768 -560 1728 ) (768 -304 1728 ) (768 -304 1184 ) 
4 175 188 (960 -528 1055 ) (768 -528 1055 ) (768 -304 1055 ) (960 -304 1055 ) 
4 175 187 (1024 -304 1055 ) (1024 -528 1055 ) (960 -528 1055 ) (960 -304 1055 ) 
4 176 201 (1024 -1024 1055 ) (1024 -1024 1152 ) (800 -1024 1152 ) (800 -1024 1055 ) 
4 176 200 (1024 -1024 1152 ) (1024 -1024 1482.873779 ) (800 -1024 1435.029175 ) (800 -1024 1152 ) 
4 176 189 (1024 -768 1055 ) (1024 -1024 1055 ) (800 -1024 1055 ) (800 -768 1055 ) 
4 176 177 (800 -1024 1435.029297 ) (800 -768 1435.029297 ) (800 -768 1152 ) (800 -1024 1152 ) 
4 177 200 (800 -1024 1435.029175 ) (768 -1024 1428.194214 ) (768 -1024 1152 ) (800 -1024 1152 ) 
4 177 178 (768 -1024 1428.193359 ) (768 -768 1428.193359 ) (768 -768 1152 ) (768 -1024 1152 ) 
4 178 202 (576 -1024 1152 ) (576 -1024 1055 ) (768 -1024 1055 ) (768 -1024 1152 ) 
4 178 200 (768 -1024 1428.194214 ) (576 -1024 1387.184448 ) (576 -1024 1152 ) (768 -1024 1152 ) 
4 178 190 (768 -1024 1055 ) (576 -1024 1055 ) (576 -768 1055 ) (768 -768 1055 ) 
4 178 179 (576 -928 1387.185547 ) (576 -768 1387.185547 ) (576 -768 1056 ) (576 -928 1056 ) 
4 179 180 (544 -768 1056 ) (544 -928 1056 ) (544 -928 1380.348633 ) (544 -768 1380.348633 ) 
4 180 206 (544 -1024 1380.349487 ) (416 -1024 1353.009644 ) (416 -1024 1056 ) (544 -1024 1056 ) 
4 180 181 (416 -776 1304 ) (416 -776 1353.008789 ) (416 -768 1353.008789 ) (416 -768 1304 ) 
4 180 182 (416 -768 1056 ) (416 -776 1056 ) (416 -776 1296 ) (416 -768 1296 ) 
4 180 183 (416 -776 1056 ) (416 -1024 1056 ) (416 -1024 1353.008789 ) (416 -776 1353.008789 ) 
4 181 184 (384 -776 1304 ) (384 -776 1346.173340 ) (384 -768 1346.173340 ) (384 -768 1304 ) 
4 181 183 (384 -776 1346.171875 ) (384 -776 1304 ) (416 -776 1304 ) (416 -776 1353.009766 ) 
4 182 183 (384 -776 1296 ) (384 -776 1056 ) (416 -776 1056 ) (416 -776 1296 ) 
4 182 184 (384 -768 1056 ) (384 -776 1056 ) (384 -776 1296 ) (384 -768 1296 ) 
4 183 207 (416 -1024 1353.009644 ) (384 -1024 1346.174683 ) (384 -1024 1056 ) (416 -1024 1056 ) 
4 183 184 (384 -776 1056 ) (384 -1024 1056 ) (384 -1024 1346.173340 ) (384 -776 1346.173340 ) 
4 184 210 (384 -1024 1346.174683 ) (224 -1024 1312 ) (224 -1024 1056 ) (384 -1024 1056 ) 
4 184 185 (224 -768 1312 ) (224 -768 1056 ) (224 -1024 1056 ) (224 -1024 1312 ) 
4 185 212 (0 -1024 1055 ) (0 -1024 1504 ) (0 -768 1504 ) (0 -768 1055 ) 
4 185 211 (0 -1024 1504 ) (0 -1024 1055 ) (224 -1024 1055 ) (224 -1024 1504 ) 
4 185 191 (224 -1024 1055 ) (0 -1024 1055 ) (0 -768 1055 ) (224 -768 1055 ) 
4 187 188 (960 -304 1024 ) (960 -528 1024 ) (960 -528 1055 ) (960 -304 1055 ) 
4 189 201 (1024 -1024 864 ) (1024 -1024 1055 ) (800 -1024 1055 ) (800 -1024 864 ) 
4 190 202 (768 -1024 1055 ) (576 -1024 1055 ) (576 -1024 864 ) (768 -1024 864 ) 
4 191 212 (0 -1024 128 ) (0 -1024 1055 ) (0 -768 1055 ) (0 -768 128 ) 
4 191 211 (224 -1024 1055 ) (0 -1024 1055 ) (0 -1024 128 ) (224 -1024 128 ) 
4 192 193 (2128 -1024 1488 ) (2128 -1024 1056 ) (2128 -1504 1056 ) (2128 -1504 1488 ) 
4 193 197 (2048 -1024 1184 ) (2048 -1024 864 ) (2048 -1504 864 ) (2048 -1504 1184 ) 
4 193 195 (2048 -1024 1264 ) (2048 -1024 1184 ) (2048 -1504 1184 ) (2048 -1504 1264 ) 
4 193 194 (2048 -1024 1488 ) (2048 -1024 1264 ) (2048 -1504 1264 ) (2048 -1504 1488 ) 
4 194 203 (1024 -1424 1264 ) (1024 -1504 1264 ) (1024 -1504 1482.873779 ) (1024 -1424 1482.873779 ) 
4 194 200 (1024 -1024 1482.873779 ) (1024 -1024 1264 ) (1024 -1424 1264 ) (1024 -1424 1482.873779 ) 
4 194 198 (1488 -1504 1264 ) (1152 -1504 1264 ) (1152 -1024 1264 ) (1488 -1024 1264 ) 
4 194 199 (1120 -1504 1264 ) (1024 -1504 1264 ) (1024 -1024 1264 ) (1120 -1024 1264 ) 
4 194 196 (1520 -1504 1264 ) (1488 -1504 1264 ) (1488 -1424 1264 ) (1520 -1424 1264 ) 
4 194 195 (2048 -1504 1264 ) (1520 -1504 1264 ) (1520 -1024 1264 ) (2048 -1024 1264 ) 
4 195 197 (2048 -1504 1184 ) (1712 -1504 1184 ) (1712 -1024 1184 ) (2048 -1024 1184 ) 
4 195 196 (1520 -1424 1184 ) (1520 -1504 1184 ) (1520 -1504 1264 ) (1520 -1424 1264 ) 
4 196 198 (1488 -1504 1184 ) (1488 -1504 1264 ) (1488 -1424 1264 ) (1488 -1424 1184 ) 
4 199 204 (1024 -1424 864 ) (1024 -1504 864 ) (1024 -1504 1056 ) (1024 -1424 1056 ) 
4 199 203 (1024 -1504 1056 ) (1024 -1504 1264 ) (1024 -1424 1264 ) (1024 -1424 1056 ) 
4 199 201 (1024 -1024 1152 ) (1024 -1024 864 ) (1024 -1424 864 ) (1024 -1424 1152 ) 
4 199 200 (1024 -1024 1264 ) (1024 -1024 1152 ) (1024 -1424 1152 ) (1024 -1424 1264 ) 
4 200 203 (576 -1424 1387.184448 ) (576 -1424 1152 ) (1024 -1424 1152 ) (1024 -1424 1482.873779 ) 
4 200 201 (1024 -1424 1152 ) (800 -1424 1152 ) (800 -1024 1152 ) (1024 -1024 1152 ) 
4 200 202 (768 -1424 1152 ) (576 -1424 1152 ) (576 -1024 1152 ) (768 -1024 1152 ) 
4 201 204 (800 -1424 864 ) (1024 -1424 864 ) (1024 -1424 1056 ) (800 -1424 1056 ) 
4 201 203 (1024 -1424 1056 ) (1024 -1424 1152 ) (800 -1424 1152 ) (800 -1424 1056 ) 
4 202 205 (576 -1424 1056 ) (576 -1424 864 ) (768 -1424 864 ) (768 -1424 1056 ) 
4 202 203 (576 -1424 1152 ) (576 -1424 1056 ) (768 -1424 1056 ) (768 -1424 1152 ) 
4 203 204 (1024 -1504 1056 ) (800 -1504 1056 ) (800 -1424 1056 ) (1024 -1424 1056 ) 
4 203 205 (768 -1504 1056 ) (576 -1504 1056 ) (576 -1424 1056 ) (768 -1424 1056 ) 
4 206 208 (416 -1504 1304 ) (416 -1504 1353.007690 ) (416 -1496 1353.007690 ) (416 -1496 1304 ) 
4 206 209 (416 -1496 1056 ) (416 -1504 1056 ) (416 -1504 1296 ) (416 -1496 1296 ) 
4 206 207 (416 -1024 1056 ) (416 -1496 1056 ) (416 -1496 1353.007690 ) (416 -1024 1353.007690 ) 
4 207 208 (384 -1496 1346.175781 ) (384 -1496 1304 ) (416 -1496 1304 ) (416 -1496 1353.003906 ) 
4 207 209 (384 -1496 1296 ) (384 -1496 1056 ) (416 -1496 1056 ) (416 -1496 1296 ) 
4 207 210 (384 -1024 1056 ) (384 -1496 1056 ) (384 -1496 1346.171753 ) (384 -1024 1346.171753 ) 
4 208 210 (384 -1504 1304 ) (384 -1504 1346.171753 ) (384 -1496 1346.171753 ) (384 -1496 1304 ) 
4 209 210 (384 -1496 1056 ) (384 -1504 1056 ) (384 -1504 1296 ) (384 -1496 1296 ) 
4 210 211 (224 -1504 1056 ) (224 -1504 1312 ) (224 -1024 1312 ) (224 -1024 1056 ) 
4 211 215 (0 -1504 128 ) (0 -1504 1504 ) (0 -1024 1504 ) (0 -1024 128 ) 
4 212 215 (0 -1024 128 ) (0 -1024 1504 ) (-1024 -1024 1504 ) (-1024 -1024 128 ) 
4 212 213 (-1024 -1024 128 ) (-1024 -1024 1504 ) (-1024 -768 1504 ) (-1024 -768 128 ) 
4 213 216 (-1024 -1024 128 ) (-1024 -1024 1504 ) (-2048 -1024 1504 ) (-2048 -1024 128 ) 
4 213 214 (-2048 -1024 128 ) (-2048 -1024 1504 ) (-2048 -768 1504 ) (-2048 -768 128 ) 
4 214 219 (-3072 -1024 128 ) (-3072 -1024 160 ) (-3072 -768 160 ) (-3072 -768 128 ) 
4 214 218 (-3072 -1024 160 ) (-3072 -1024 1504 ) (-3072 -768 1504 ) (-3072 -768 160 ) 
4 214 217 (-2048 -1024 128 ) (-2048 -1024 1504 ) (-3072 -1024 1504 ) (-3072 -1024 128 ) 
4 215 216 (-1024 -1024 1504 ) (-1024 -1024 128 ) (-1024 -1504 128 ) (-1024 -1504 1504 ) 
4 216 217 (-2048 -1024 1504 ) (-2048 -1024 128 ) (-2048 -1504 128 ) (-2048 -1504 1504 ) 
4 217 222 (-3072 -1024 160 ) (-3072 -1024 128 ) (-3072 -1504 128 ) (-3072 -1504 160 ) 
4 217 221 (-3072 -1024 1504 ) (-3072 -1024 160 ) (-3072 -1504 160 ) (-3072 -1504 1504 ) 
4 218 221 (-3072 -1024 160 ) (-3072 -1024 1504 ) (-4096 -1024 1504 ) (-4096 -1024 160 ) 
4 218 220 (-4096 -1024 160 ) (-4096 -1024 1504 ) (-4096 -768 1504 ) (-4096 -768 160 ) 
4 218 219 (-4048 -768 160 ) (-3072 -768 160 ) (-3072 -1024 160 ) (-4048 -1024 160 ) 
4 219 222 (-3072 -1024 128 ) (-3072 -1024 160 ) (-4048 -1024 160 ) (-4048 -1024 128 ) 
4 220 223 (-4096 -1024 160 ) (-4096 -1024 1504 ) (-4448 -1024 1504 ) (-4448 -1024 160 ) 
4 221 223 (-4096 -1024 1504 ) (-4096 -1024 160 ) (-4096 -1504 160 ) (-4096 -1504 1504 ) 
4 221 222 (-3072 -1504 160 ) (-4048 -1504 160 ) (-4048 -1024 160 ) (-3072 -1024 160 ) 
