PRT1
279
716
4 0 15 (2048 2608 1408 ) (2048 2608 1243 ) (2048 2064 1243 ) (2048 2064 1408 ) 
4 0 11 (2048 2072 1408 ) (2048 2064 1408 ) (2048 2064 1416 ) (2048 2072 1416 ) 
4 0 10 (2048 2608 1416 ) (2048 2608 1408 ) (2048 2072 1408 ) (2048 2072 1416 ) 
4 0 9 (2048 2064 1568 ) (2048 2608 1568 ) (2048 2608 1416 ) (2048 2064 1416 ) 
4 0 2 (2048 2064 1243 ) (2048 2608 1243 ) (2240 2608 1243 ) (2240 2064 1243 ) 
4 0 1 (2240 2064 1248 ) (2240 2064 1568 ) (2048 2064 1568 ) (2048 2064 1248 ) 
4 1 3 (2048 2048 1568 ) (2048 2048 1248 ) (2240 2048 1248 ) (2240 2048 1568 ) 
4 2 18 (2048 2064 1243 ) (2048 2608 1243 ) (2048 2608 1216 ) (2048 2064 1216 ) 
4 3 4 (2048 2032 1248 ) (2240 2032 1248 ) (2240 2032 1568 ) (2048 2032 1568 ) 
4 4 25 (2048 1496 1416 ) (2048 1496 1408 ) (2048 1488 1408 ) (2048 1488 1416 ) 
4 4 29 (2048 1496 1408 ) (2048 1496 1248 ) (2048 1488 1248 ) (2048 1488 1408 ) 
4 4 24 (2048 1488 1568 ) (2048 1496 1568 ) (2048 1496 1416 ) (2048 1488 1416 ) 
4 4 23 (2048 1496 1568 ) (2048 2032 1568 ) (2048 2032 1248 ) (2048 1496 1248 ) 
4 5 50 (2048 1024 1568 ) (2048 1024 1243 ) (2240 1024 1243 ) (2240 1024 1568 ) 
4 5 30 (2048 1024 1243 ) (2048 1024 1568 ) (2048 1456 1568 ) (2048 1456 1243 ) 
4 5 6 (2240 1024 1243 ) (2048 1024 1243 ) (2048 1456 1243 ) (2240 1456 1243 ) 
4 6 55 (2240 1024 1243 ) (2048 1024 1243 ) (2048 1024 1216 ) (2240 1024 1216 ) 
4 6 32 (2048 1024 1216 ) (2048 1024 1243 ) (2048 1456 1243 ) (2048 1456 1216 ) 
4 7 63 (2112 1024 1184 ) (2048 1024 1184 ) (2048 1024 1055 ) (2112 1024 1055 ) 
4 7 60 (2240 1024 1184 ) (2112 1024 1184 ) (2112 1024 1055 ) (2240 1024 1055 ) 
4 7 58 (2496 1024 1184 ) (2240 1024 1184 ) (2240 1024 1055 ) (2496 1024 1055 ) 
4 7 33 (2048 1024 1055 ) (2048 1024 1184 ) (2048 1104 1184 ) (2048 1104 1055 ) 
4 7 8 (2048 1024 1055 ) (2048 1104 1055 ) (2496 1104 1055 ) (2496 1024 1055 ) 
4 8 68 (2104 1024 1055 ) (2088 1024 1055 ) (2088 1024 1028 ) (2104 1024 1028 ) 
4 8 76 (2088 1024 1028 ) (2088 1024 1024 ) (2104 1024 1024 ) (2104 1024 1028 ) 
4 8 67 (2240 1024 1055 ) (2104 1024 1055 ) (2104 1024 1024 ) (2240 1024 1024 ) 
4 8 77 (2088 1024 1055 ) (2048 1024 1055 ) (2048 1024 1024 ) (2088 1024 1024 ) 
4 8 65 (2496 1024 1024 ) (2496 1024 1055 ) (2240 1024 1055 ) (2240 1024 1024 ) 
4 8 34 (2048 1024 1024 ) (2048 1024 1055 ) (2048 1104 1055 ) (2048 1104 1024 ) 
4 9 20 (1024 2608 1568 ) (1024 2608 1416 ) (1024 2064 1416 ) (1024 2064 1568 ) 
4 9 13 (1488 2064 1416 ) (1256 2064 1416 ) (1256 2072 1416 ) (1488 2072 1416 ) 
4 9 14 (1224 2064 1416 ) (1024 2064 1416 ) (1024 2072 1416 ) (1224 2072 1416 ) 
4 9 12 (1832 2064 1416 ) (1520 2064 1416 ) (1520 2072 1416 ) (1832 2072 1416 ) 
4 9 11 (2048 2064 1416 ) (1864 2064 1416 ) (1864 2072 1416 ) (2048 2072 1416 ) 
4 9 10 (1024 2072 1416 ) (1024 2608 1416 ) (2048 2608 1416 ) (2048 2072 1416 ) 
4 10 20 (1024 2608 1416 ) (1024 2608 1408 ) (1024 2072 1408 ) (1024 2072 1416 ) 
4 10 16 (1408 2608 1408 ) (1600 2608 1408 ) (1600 2072 1408 ) (1408 2072 1408 ) 
4 10 15 (1600 2608 1408 ) (2048 2608 1408 ) (2048 2072 1408 ) (1600 2072 1408 ) 
4 10 17 (1024 2072 1408 ) (1024 2608 1408 ) (1408 2608 1408 ) (1408 2072 1408 ) 
4 10 13 (1256 2072 1408 ) (1488 2072 1408 ) (1488 2072 1416 ) (1256 2072 1416 ) 
4 10 14 (1024 2072 1408 ) (1224 2072 1408 ) (1224 2072 1416 ) (1024 2072 1416 ) 
4 10 12 (1520 2072 1408 ) (1832 2072 1408 ) (1832 2072 1416 ) (1520 2072 1416 ) 
4 10 11 (1864 2072 1408 ) (2048 2072 1408 ) (2048 2072 1416 ) (1864 2072 1416 ) 
4 11 15 (2048 2064 1408 ) (1864 2064 1408 ) (1864 2072 1408 ) (2048 2072 1408 ) 
4 12 16 (1600 2064 1408 ) (1520 2064 1408 ) (1520 2072 1408 ) (1600 2072 1408 ) 
4 12 15 (1832 2064 1408 ) (1600 2064 1408 ) (1600 2072 1408 ) (1832 2072 1408 ) 
4 13 16 (1488 2064 1408 ) (1408 2064 1408 ) (1408 2072 1408 ) (1488 2072 1408 ) 
4 13 17 (1408 2064 1408 ) (1256 2064 1408 ) (1256 2072 1408 ) (1408 2072 1408 ) 
4 14 20 (1024 2072 1408 ) (1024 2064 1408 ) (1024 2064 1416 ) (1024 2072 1416 ) 
4 14 17 (1224 2064 1408 ) (1024 2064 1408 ) (1024 2072 1408 ) (1224 2072 1408 ) 
4 15 18 (1600 2608 1243 ) (2048 2608 1243 ) (2048 2064 1243 ) (1600 2064 1243 ) 
4 15 16 (1600 2064 1248 ) (1600 2064 1408 ) (1600 2608 1408 ) (1600 2608 1248 ) 
4 16 17 (1408 2064 1248 ) (1408 2064 1408 ) (1408 2608 1408 ) (1408 2608 1248 ) 
4 17 20 (1024 2608 1408 ) (1024 2608 1243 ) (1024 2064 1243 ) (1024 2064 1408 ) 
4 17 19 (1024 2064 1243 ) (1024 2608 1243 ) (1408 2608 1243 ) (1408 2064 1243 ) 
4 19 22 (1024 2064 1243 ) (1024 2608 1243 ) (1024 2608 1216 ) (1024 2064 1216 ) 
4 20 22 (1024 2608 1243 ) (1024 2064 1243 ) (960 2064 1243 ) (960 2608 1243 ) 
4 20 21 (960 2608 1568 ) (960 2608 1248 ) (960 2064 1248 ) (960 2064 1568 ) 
4 23 35 (1024 2032 1243 ) (1024 1496 1243 ) (1024 1496 1568 ) (1024 2032 1568 ) 
4 23 31 (1024 1496 1243 ) (1024 2032 1243 ) (2048 2032 1243 ) (2048 1496 1243 ) 
4 23 28 (1024 1496 1416 ) (1024 1496 1408 ) (1192 1496 1408 ) (1192 1496 1416 ) 
4 23 26 (1512 1496 1408 ) (1832 1496 1408 ) (1832 1496 1416 ) (1512 1496 1416 ) 
4 23 27 (1224 1496 1408 ) (1480 1496 1408 ) (1480 1496 1416 ) (1224 1496 1416 ) 
4 23 25 (1864 1496 1408 ) (2048 1496 1408 ) (2048 1496 1416 ) (1864 1496 1416 ) 
4 23 29 (1024 1496 1408 ) (1024 1496 1243 ) (2048 1496 1243 ) (2048 1496 1408 ) 
4 23 24 (1024 1496 1568 ) (1024 1496 1416 ) (2048 1496 1416 ) (2048 1496 1568 ) 
4 24 35 (1024 1488 1416 ) (1024 1488 1568 ) (1024 1496 1568 ) (1024 1496 1416 ) 
4 24 28 (1192 1488 1416 ) (1024 1488 1416 ) (1024 1496 1416 ) (1192 1496 1416 ) 
4 24 26 (1832 1488 1416 ) (1512 1488 1416 ) (1512 1496 1416 ) (1832 1496 1416 ) 
4 24 27 (1480 1488 1416 ) (1224 1488 1416 ) (1224 1496 1416 ) (1480 1496 1416 ) 
4 24 25 (2048 1488 1416 ) (1864 1488 1416 ) (1864 1496 1416 ) (2048 1496 1416 ) 
4 25 29 (2048 1488 1408 ) (1864 1488 1408 ) (1864 1496 1408 ) (2048 1496 1408 ) 
4 26 29 (1832 1488 1408 ) (1512 1488 1408 ) (1512 1496 1408 ) (1832 1496 1408 ) 
4 27 29 (1480 1488 1408 ) (1224 1488 1408 ) (1224 1496 1408 ) (1480 1496 1408 ) 
4 28 35 (1024 1488 1408 ) (1024 1488 1416 ) (1024 1496 1416 ) (1024 1496 1408 ) 
4 28 29 (1192 1488 1408 ) (1024 1488 1408 ) (1024 1496 1408 ) (1192 1496 1408 ) 
4 29 35 (1024 1496 1243 ) (1024 1488 1243 ) (1024 1488 1408 ) (1024 1496 1408 ) 
4 29 31 (1024 1488 1243 ) (1024 1496 1243 ) (2048 1496 1243 ) (2048 1488 1243 ) 
4 30 99 (2048 1024 1243 ) (2048 1024 1416 ) (1024 1024 1416 ) (1024 1024 1243 ) 
4 30 98 (2048 1024 1416 ) (2048 1024 1568 ) (1024 1024 1568 ) (1024 1024 1416 ) 
4 30 36 (1024 1456 1243 ) (1024 1024 1243 ) (1024 1024 1568 ) (1024 1456 1568 ) 
4 30 32 (2048 1024 1243 ) (1024 1024 1243 ) (1024 1456 1243 ) (2048 1456 1243 ) 
4 31 40 (1024 2032 1216 ) (1024 1488 1216 ) (1024 1488 1243 ) (1024 2032 1243 ) 
4 32 114 (2048 1024 1216 ) (2048 1024 1243 ) (1024 1024 1243 ) (1024 1024 1216 ) 
4 32 41 (1024 1456 1216 ) (1024 1024 1216 ) (1024 1024 1243 ) (1024 1456 1243 ) 
4 33 117 (2048 1024 1055 ) (2048 1024 1184 ) (1024 1024 1184 ) (1024 1024 1055 ) 
4 33 42 (1024 1104 1055 ) (1024 1024 1055 ) (1024 1024 1184 ) (1024 1104 1184 ) 
4 33 34 (2048 1104 1055 ) (2048 1024 1055 ) (1024 1024 1055 ) (1024 1104 1055 ) 
4 34 150 (2048 1024 1024 ) (2048 1024 1028 ) (1024 1024 1028 ) (1024 1024 1024 ) 
4 34 131 (1076 1024 1055 ) (1060 1024 1055 ) (1060 1024 1028 ) (1076 1024 1028 ) 
4 34 136 (1060 1024 1055 ) (1024 1024 1055 ) (1024 1024 1028 ) (1060 1024 1028 ) 
4 34 128 (1508 1024 1044 ) (1508 1024 1028 ) (1524 1024 1028 ) (1524 1024 1044 ) 
4 34 127 (1524 1024 1055 ) (1508 1024 1055 ) (1508 1024 1044 ) (1524 1024 1044 ) 
4 34 126 (1780 1024 1055 ) (1524 1024 1055 ) (1524 1024 1028 ) (1780 1024 1028 ) 
4 34 130 (1508 1024 1055 ) (1076 1024 1055 ) (1076 1024 1028 ) (1508 1024 1028 ) 
4 34 120 (1796 1024 1055 ) (1780 1024 1055 ) (1780 1024 1028 ) (1796 1024 1028 ) 
4 34 119 (2048 1024 1028 ) (2048 1024 1055 ) (1796 1024 1055 ) (1796 1024 1028 ) 
4 34 44 (1024 1024 1024 ) (1024 1024 1055 ) (1024 1104 1055 ) (1024 1104 1024 ) 
4 35 40 (960 1488 1243 ) (960 2032 1243 ) (1024 2032 1243 ) (1024 1488 1243 ) 
4 35 37 (960 1488 1248 ) (960 1488 1568 ) (960 2032 1568 ) (960 2032 1248 ) 
4 36 153 (1024 1024 1243 ) (1024 1024 1568 ) (960 1024 1568 ) (960 1024 1243 ) 
4 36 41 (1024 1024 1243 ) (960 1024 1243 ) (960 1456 1243 ) (1024 1456 1243 ) 
4 36 39 (960 1024 1248 ) (960 1024 1568 ) (960 1456 1568 ) (960 1456 1248 ) 
4 37 38 (768 1488 1568 ) (768 1488 1248 ) (960 1488 1248 ) (960 1488 1568 ) 
4 38 39 (768 1456 1568 ) (768 1456 1248 ) (960 1456 1248 ) (960 1456 1568 ) 
4 39 154 (960 1024 1568 ) (768 1024 1568 ) (768 1024 1248 ) (960 1024 1248 ) 
4 41 162 (1024 1024 1216 ) (1024 1024 1243 ) (960 1024 1243 ) (960 1024 1216 ) 
4 42 165 (1024 1024 1055 ) (1024 1024 1184 ) (768 1024 1184 ) (768 1024 1055 ) 
4 42 44 (1024 1104 1055 ) (1024 1024 1055 ) (768 1024 1055 ) (768 1104 1055 ) 
4 42 43 (768 1104 1184 ) (768 1104 1056 ) (768 1024 1056 ) (768 1024 1184 ) 
4 43 168 (768 1024 1184 ) (736 1024 1184 ) (736 1024 1056 ) (768 1024 1056 ) 
4 44 169 (1024 1024 1024 ) (1024 1024 1055 ) (768 1024 1055 ) (768 1024 1024 ) 
4 45 46 (3696 0 2456 ) (3696 0 2872 ) (3184 0 2872 ) (3184 0 2456 ) 
4 47 53 (2240 240 1568 ) (2240 240 1728 ) (2240 272 1728 ) (2240 272 1568 ) 
4 47 49 (2240 240 1728 ) (2240 240 1568 ) (2272 240 1568 ) (2272 240 1728 ) 
4 47 48 (2272 240 1568 ) (2528 240 1568 ) (2528 240 1728 ) (2272 240 1728 ) 
4 48 82 (2272 0 1243 ) (2528 0 1243 ) (2528 0 1408 ) (2272 0 1408 ) 
4 48 80 (2528 0 1408 ) (2528 0 1728 ) (2272 0 1728 ) (2272 0 1408 ) 
4 48 56 (2528 0 1243 ) (2272 0 1243 ) (2272 240 1243 ) (2528 240 1243 ) 
4 48 49 (2272 0 1728 ) (2272 240 1728 ) (2272 240 1408 ) (2272 0 1408 ) 
4 49 80 (2240 0 1728 ) (2240 0 1408 ) (2272 0 1408 ) (2272 0 1728 ) 
4 49 54 (2240 0 1408 ) (2240 0 1728 ) (2240 240 1728 ) (2240 240 1408 ) 
4 50 100 (2048 848 1408 ) (2048 848 1416 ) (2048 856 1416 ) (2048 856 1408 ) 
4 50 104 (2048 856 1243 ) (2048 848 1243 ) (2048 848 1408 ) (2048 856 1408 ) 
4 50 99 (2048 1024 1416 ) (2048 1024 1243 ) (2048 856 1243 ) (2048 856 1416 ) 
4 50 98 (2048 1024 1568 ) (2048 1024 1416 ) (2048 848 1416 ) (2048 848 1568 ) 
4 50 55 (2048 848 1243 ) (2048 1024 1243 ) (2240 1024 1243 ) (2240 848 1243 ) 
4 50 51 (2240 848 1248 ) (2240 848 1568 ) (2048 848 1568 ) (2048 848 1248 ) 
4 51 105 (2048 816 1728 ) (2048 848 1728 ) (2048 848 1568 ) (2048 816 1568 ) 
4 51 52 (2048 816 1248 ) (2240 816 1248 ) (2240 816 1728 ) (2048 816 1728 ) 
4 52 108 (2048 272 1504 ) (2048 272 1512 ) (2048 280 1512 ) (2048 280 1504 ) 
4 52 111 (2048 272 1248 ) (2048 272 1504 ) (2048 280 1504 ) (2048 280 1248 ) 
4 52 107 (2048 272 1512 ) (2048 272 1728 ) (2048 280 1728 ) (2048 280 1512 ) 
4 52 106 (2048 280 1728 ) (2048 816 1728 ) (2048 816 1248 ) (2048 280 1248 ) 
4 52 53 (2240 272 1568 ) (2240 272 1728 ) (2048 272 1728 ) (2048 272 1568 ) 
4 53 112 (2048 240 1568 ) (2048 240 1728 ) (2048 272 1728 ) (2048 272 1568 ) 
4 53 54 (2240 240 1568 ) (2240 240 1728 ) (2048 240 1728 ) (2048 240 1568 ) 
4 54 113 (2048 240 1243 ) (2048 0 1243 ) (2048 0 1568 ) (2048 240 1568 ) 
4 54 112 (2048 0 1568 ) (2048 0 1728 ) (2048 240 1728 ) (2048 240 1568 ) 
4 54 83 (2048 0 1408 ) (2048 0 1243 ) (2240 0 1243 ) (2240 0 1408 ) 
4 54 80 (2048 0 1728 ) (2048 0 1408 ) (2240 0 1408 ) (2240 0 1728 ) 
4 54 57 (2240 0 1243 ) (2048 0 1243 ) (2048 240 1243 ) (2240 240 1243 ) 
4 55 114 (2048 1024 1243 ) (2048 1024 1216 ) (2048 848 1216 ) (2048 848 1243 ) 
4 56 85 (2272 0 1216 ) (2272 0 1184 ) (2496 0 1184 ) (2496 0 1216 ) 
4 56 84 (2496 0 1184 ) (2528 0 1184 ) (2528 0 1216 ) (2496 0 1216 ) 
4 56 82 (2528 0 1243 ) (2272 0 1243 ) (2272 0 1216 ) (2528 0 1216 ) 
4 56 59 (2272 240 1184 ) (2496 240 1184 ) (2496 0 1184 ) (2272 0 1184 ) 
4 57 116 (2048 0 1216 ) (2048 0 1243 ) (2048 240 1243 ) (2048 240 1216 ) 
4 57 83 (2240 0 1243 ) (2048 0 1243 ) (2048 0 1216 ) (2240 0 1216 ) 
4 58 65 (2240 1024 1055 ) (2496 1024 1055 ) (2496 336 1055 ) (2240 336 1055 ) 
4 58 60 (2240 1024 1055 ) (2240 336 1055 ) (2240 336 1184 ) (2240 1024 1184 ) 
4 59 85 (2496 0 1184 ) (2272 0 1184 ) (2272 0 1055 ) (2496 0 1055 ) 
4 59 66 (2496 240 1055 ) (2496 0 1055 ) (2272 0 1055 ) (2272 240 1055 ) 
4 60 67 (2112 1024 1055 ) (2240 1024 1055 ) (2240 336 1055 ) (2112 336 1055 ) 
4 60 63 (2112 1024 1055 ) (2112 336 1055 ) (2112 336 1184 ) (2112 1024 1184 ) 
4 60 61 (2112 336 1184 ) (2112 336 1056 ) (2240 336 1056 ) (2240 336 1184 ) 
4 61 62 (2112 240 1184 ) (2112 240 1056 ) (2240 240 1056 ) (2240 240 1184 ) 
4 62 87 (2112 0 1088 ) (2112 0 1055 ) (2240 0 1055 ) (2240 0 1088 ) 
4 62 86 (2240 0 1184 ) (2112 0 1184 ) (2112 0 1088 ) (2240 0 1088 ) 
4 62 78 (2240 240 1055 ) (2240 0 1055 ) (2112 0 1055 ) (2112 240 1055 ) 
4 62 64 (2112 240 1055 ) (2112 0 1055 ) (2112 0 1184 ) (2112 240 1184 ) 
4 63 117 (2048 1024 1184 ) (2048 1024 1055 ) (2048 336 1055 ) (2048 336 1184 ) 
4 63 73 (2104 492 1055 ) (2104 476 1055 ) (2088 476 1055 ) (2088 492 1055 ) 
4 63 72 (2104 712 1055 ) (2104 492 1055 ) (2088 492 1055 ) (2088 712 1055 ) 
4 63 75 (2104 476 1055 ) (2104 336 1055 ) (2088 336 1055 ) (2088 476 1055 ) 
4 63 71 (2104 728 1055 ) (2104 712 1055 ) (2088 712 1055 ) (2088 728 1055 ) 
4 63 70 (2104 916 1055 ) (2104 728 1055 ) (2088 728 1055 ) (2088 916 1055 ) 
4 63 69 (2104 932 1055 ) (2104 916 1055 ) (2088 916 1055 ) (2088 932 1055 ) 
4 63 68 (2088 1024 1055 ) (2104 1024 1055 ) (2104 932 1055 ) (2088 932 1055 ) 
4 63 67 (2104 1024 1055 ) (2112 1024 1055 ) (2112 336 1055 ) (2104 336 1055 ) 
4 63 77 (2048 336 1055 ) (2048 1024 1055 ) (2088 1024 1055 ) (2088 336 1055 ) 
4 64 118 (2048 240 1055 ) (2048 0 1055 ) (2048 0 1184 ) (2048 240 1184 ) 
4 64 87 (2048 0 1088 ) (2048 0 1055 ) (2112 0 1055 ) (2112 0 1088 ) 
4 64 86 (2112 0 1184 ) (2048 0 1184 ) (2048 0 1088 ) (2112 0 1088 ) 
4 64 79 (2048 0 1055 ) (2048 240 1055 ) (2112 240 1055 ) (2112 0 1055 ) 
4 65 67 (2240 1024 1024 ) (2240 336 1024 ) (2240 336 1055 ) (2240 1024 1055 ) 
4 66 94 (2496 0 1055 ) (2272 0 1055 ) (2272 0 1024 ) (2496 0 1024 ) 
4 67 73 (2104 476 1055 ) (2104 492 1055 ) (2104 492 1047 ) (2104 476 1047 ) 
4 67 74 (2104 492 1031 ) (2104 492 1028 ) (2104 476 1028 ) (2104 476 1031 ) 
4 67 72 (2104 492 1055 ) (2104 712 1055 ) (2104 712 1028 ) (2104 492 1028 ) 
4 67 75 (2104 336 1028 ) (2104 336 1055 ) (2104 476 1055 ) (2104 476 1028 ) 
4 67 71 (2104 712 1055 ) (2104 728 1055 ) (2104 728 1044 ) (2104 712 1044 ) 
4 67 70 (2104 728 1055 ) (2104 916 1055 ) (2104 916 1028 ) (2104 728 1028 ) 
4 67 69 (2104 916 1055 ) (2104 932 1055 ) (2104 932 1044 ) (2104 916 1044 ) 
4 67 68 (2104 932 1055 ) (2104 1024 1055 ) (2104 1024 1028 ) (2104 932 1028 ) 
4 67 76 (2104 1024 1024 ) (2104 336 1024 ) (2104 336 1028 ) (2104 1024 1028 ) 
4 68 69 (2088 932 1055 ) (2088 932 1044 ) (2104 932 1044 ) (2104 932 1055 ) 
4 68 77 (2088 932 1055 ) (2088 1024 1055 ) (2088 1024 1028 ) (2088 932 1028 ) 
4 68 76 (2088 932 1028 ) (2088 1024 1028 ) (2104 1024 1028 ) (2104 932 1028 ) 
4 69 70 (2088 916 1055 ) (2088 916 1044 ) (2104 916 1044 ) (2104 916 1055 ) 
4 69 77 (2088 916 1055 ) (2088 932 1055 ) (2088 932 1044 ) (2088 916 1044 ) 
4 70 71 (2088 728 1055 ) (2088 728 1044 ) (2104 728 1044 ) (2104 728 1055 ) 
4 70 76 (2088 728 1028 ) (2088 916 1028 ) (2104 916 1028 ) (2104 728 1028 ) 
4 70 77 (2088 728 1055 ) (2088 916 1055 ) (2088 916 1028 ) (2088 728 1028 ) 
4 71 72 (2088 712 1055 ) (2088 712 1044 ) (2104 712 1044 ) (2104 712 1055 ) 
4 71 77 (2088 712 1055 ) (2088 728 1055 ) (2088 728 1044 ) (2088 712 1044 ) 
4 72 73 (2088 492 1055 ) (2088 492 1047 ) (2104 492 1047 ) (2104 492 1055 ) 
4 72 74 (2088 492 1031 ) (2088 492 1028 ) (2104 492 1028 ) (2104 492 1031 ) 
4 72 77 (2088 492 1055 ) (2088 712 1055 ) (2088 712 1028 ) (2088 492 1028 ) 
4 72 76 (2088 492 1028 ) (2088 712 1028 ) (2104 712 1028 ) (2104 492 1028 ) 
4 73 75 (2088 476 1055 ) (2088 476 1047 ) (2104 476 1047 ) (2104 476 1055 ) 
4 73 77 (2088 476 1055 ) (2088 492 1055 ) (2088 492 1047 ) (2088 476 1047 ) 
4 74 76 (2088 476 1028 ) (2088 492 1028 ) (2104 492 1028 ) (2104 476 1028 ) 
4 74 77 (2088 492 1031 ) (2088 492 1028 ) (2088 476 1028 ) (2088 476 1031 ) 
4 74 75 (2088 476 1031 ) (2088 476 1028 ) (2104 476 1028 ) (2104 476 1031 ) 
4 75 76 (2088 336 1028 ) (2088 476 1028 ) (2104 476 1028 ) (2104 336 1028 ) 
4 75 77 (2088 336 1028 ) (2088 336 1055 ) (2088 476 1055 ) (2088 476 1028 ) 
4 76 77 (2088 1024 1024 ) (2088 336 1024 ) (2088 336 1028 ) (2088 1024 1028 ) 
4 77 150 (2048 1024 1028 ) (2048 1024 1024 ) (2048 336 1024 ) (2048 336 1028 ) 
4 77 148 (2048 504 1028 ) (2048 336 1028 ) (2048 336 1055 ) (2048 504 1055 ) 
4 77 143 (2048 528 1028 ) (2048 504 1028 ) (2048 504 1044 ) (2048 528 1044 ) 
4 77 142 (2048 504 1044 ) (2048 504 1055 ) (2048 528 1055 ) (2048 528 1044 ) 
4 77 137 (2048 708 1028 ) (2048 528 1028 ) (2048 528 1055 ) (2048 708 1055 ) 
4 77 119 (2048 1024 1055 ) (2048 1024 1028 ) (2048 708 1028 ) (2048 708 1055 ) 
4 78 95 (2240 0 1055 ) (2112 0 1055 ) (2112 0 1024 ) (2240 0 1024 ) 
4 78 79 (2112 240 1024 ) (2112 0 1024 ) (2112 0 1055 ) (2112 240 1055 ) 
4 79 151 (2048 240 1024 ) (2048 0 1024 ) (2048 0 1028 ) (2048 240 1028 ) 
4 79 149 (2048 0 1028 ) (2048 0 1055 ) (2048 240 1055 ) (2048 240 1028 ) 
4 79 95 (2112 0 1055 ) (2048 0 1055 ) (2048 0 1024 ) (2112 0 1024 ) 
4 80 171 (2048 0 1728 ) (2048 0 1408 ) (2048 -272 1408 ) (2048 -272 1728 ) 
4 80 83 (2048 -272 1408 ) (2048 0 1408 ) (2240 0 1408 ) (2240 -272 1408 ) 
4 80 82 (2272 0 1408 ) (2528 0 1408 ) (2528 -272 1408 ) (2272 -272 1408 ) 
5 80 81 (2240 -272 1408 ) (2528 -272 1408 ) (2528 -272 1728 ) (2048 -272 1728 ) (2048 -272 1476.571289 ) 
4 81 172 (2048 -304 1476.571289 ) (2048 -304 1728 ) (2048 -272 1728 ) (2048 -272 1476.571289 ) 
5 81 89 (2048 -304 1728 ) (2048 -304 1476.571289 ) (2240 -304 1408 ) (2496 -304 1408 ) (2496 -304 1728 ) 
4 81 88 (2496 -304 1408 ) (2528 -304 1408 ) (2528 -304 1728 ) (2496 -304 1728 ) 
4 81 82 (2528 -304 1408 ) (2272 -304 1408 ) (2272 -272 1408 ) (2528 -272 1408 ) 
4 82 89 (2272 -304 1216 ) (2496 -304 1216 ) (2496 -304 1408 ) (2272 -304 1408 ) 
4 82 88 (2496 -304 1216 ) (2528 -304 1216 ) (2528 -304 1408 ) (2496 -304 1408 ) 
4 82 85 (2496 -304 1216 ) (2272 -304 1216 ) (2272 0 1216 ) (2496 0 1216 ) 
4 82 84 (2528 -304 1216 ) (2496 -304 1216 ) (2496 0 1216 ) (2528 0 1216 ) 
4 83 174 (2048 0 1408 ) (2048 0 1216 ) (2048 -272 1216 ) (2048 -272 1408 ) 
4 84 88 (2528 -304 1184 ) (2528 -304 1216 ) (2496 -304 1216 ) (2496 -304 1184 ) 
4 84 85 (2496 -304 1184 ) (2496 -304 1216 ) (2496 0 1216 ) (2496 0 1184 ) 
4 85 94 (2272 0 1055 ) (2496 0 1055 ) (2496 -304 1055 ) (2272 -304 1055 ) 
4 85 91 (2272 -304 1055 ) (2496 -304 1055 ) (2496 -304 1088 ) (2272 -304 1088 ) 
4 85 89 (2496 -304 1088 ) (2496 -304 1216 ) (2272 -304 1216 ) (2272 -304 1088 ) 
4 86 175 (2048 0 1184 ) (2048 0 1088 ) (2048 -272 1088 ) (2048 -272 1184 ) 
4 86 87 (2240 0 1088 ) (2240 -272 1088 ) (2048 -272 1088 ) (2048 0 1088 ) 
4 87 192 (2048 0 1088 ) (2048 0 1055 ) (2048 -272 1055 ) (2048 -272 1088 ) 
4 87 95 (2048 -272 1055 ) (2048 0 1055 ) (2240 0 1055 ) (2240 -272 1055 ) 
4 88 90 (2496 -560 1184 ) (2496 -560 1728 ) (2496 -528 1728 ) (2496 -528 1184 ) 
4 88 89 (2496 -528 1728 ) (2496 -304 1728 ) (2496 -304 1184 ) (2496 -528 1184 ) 
4 89 193 (2048 -304 1728 ) (2048 -304 1088 ) (2048 -528 1088 ) (2048 -528 1728 ) 
4 89 91 (2048 -304 1088 ) (2496 -304 1088 ) (2496 -528 1088 ) (2048 -528 1088 ) 
4 89 90 (2496 -528 1184 ) (2496 -528 1728 ) (2048 -528 1728 ) (2048 -528 1121.487549 ) 
4 90 194 (2048 -560 1121.487427 ) (2048 -560 1728 ) (2048 -528 1728 ) (2048 -528 1121.487549 ) 
4 91 195 (2048 -304 1088 ) (2048 -304 1055 ) (2048 -528 1055 ) (2048 -528 1088 ) 
4 91 96 (2048 -528 1055 ) (2048 -304 1055 ) (2496 -304 1055 ) (2496 -528 1055 ) 
4 92 248 (2048 -1024 1488 ) (2048 -1024 1056 ) (2128 -1024 1056 ) (2128 -1024 1488 ) 
4 92 247 (2128 -1024 1056 ) (2496 -1024 1056 ) (2496 -1024 1488 ) (2128 -1024 1488 ) 
4 92 199 (2048 -1024 1056 ) (2048 -1024 1184 ) (2048 -768 1184 ) (2048 -768 1056 ) 
4 92 197 (2048 -1024 1184 ) (2048 -1024 1264 ) (2048 -768 1264 ) (2048 -768 1184 ) 
4 92 196 (2048 -1024 1264 ) (2048 -1024 1488 ) (2048 -768 1488 ) (2048 -768 1264 ) 
4 92 93 (2048 -1024 1056 ) (2048 -768 1056 ) (2128 -768 1056 ) (2128 -1024 1056 ) 
4 93 248 (2048 -1024 1056 ) (2048 -1024 1055 ) (2128 -1024 1055 ) (2128 -1024 1056 ) 
4 93 199 (2048 -1024 1055 ) (2048 -1024 1056 ) (2048 -768 1056 ) (2048 -768 1055 ) 
4 93 97 (2048 -1024 1055 ) (2048 -768 1055 ) (2128 -768 1055 ) (2128 -1024 1055 ) 
4 94 96 (2272 -304 1024 ) (2496 -304 1024 ) (2496 -304 1055 ) (2272 -304 1055 ) 
4 95 209 (2048 -272 1055 ) (2048 -40 1055 ) (2048 -40 1024 ) (2048 -272 1024 ) 
4 95 204 (2048 -40 1055 ) (2048 0 1055 ) (2048 0 1024 ) (2048 -40 1024 ) 
4 96 215 (2048 -528 1055 ) (2048 -304 1055 ) (2048 -304 1024 ) (2048 -528 1024 ) 
4 97 248 (2128 -1024 864 ) (2128 -1024 1055 ) (2048 -1024 1055 ) (2048 -1024 864 ) 
4 97 216 (2048 -1024 864 ) (2048 -1024 1055 ) (2048 -768 1055 ) (2048 -768 864 ) 
4 98 153 (1024 1024 1568 ) (1024 1024 1416 ) (1024 848 1416 ) (1024 848 1568 ) 
4 98 103 (1184 848 1416 ) (1024 848 1416 ) (1024 856 1416 ) (1184 856 1416 ) 
4 98 101 (1824 848 1416 ) (1504 848 1416 ) (1504 856 1416 ) (1824 856 1416 ) 
4 98 102 (1472 848 1416 ) (1216 848 1416 ) (1216 856 1416 ) (1472 856 1416 ) 
4 98 100 (2048 848 1416 ) (1856 848 1416 ) (1856 856 1416 ) (2048 856 1416 ) 
4 98 99 (1024 856 1416 ) (1024 1024 1416 ) (2048 1024 1416 ) (2048 856 1416 ) 
4 99 153 (1024 1024 1416 ) (1024 1024 1243 ) (1024 856 1243 ) (1024 856 1416 ) 
4 99 114 (1024 856 1243 ) (1024 1024 1243 ) (2048 1024 1243 ) (2048 856 1243 ) 
4 99 103 (1184 856 1416 ) (1024 856 1416 ) (1024 856 1408 ) (1184 856 1408 ) 
4 99 101 (1824 856 1416 ) (1504 856 1416 ) (1504 856 1408 ) (1824 856 1408 ) 
4 99 102 (1472 856 1416 ) (1216 856 1416 ) (1216 856 1408 ) (1472 856 1408 ) 
4 99 100 (2048 856 1408 ) (2048 856 1416 ) (1856 856 1416 ) (1856 856 1408 ) 
4 99 104 (1024 856 1243 ) (2048 856 1243 ) (2048 856 1408 ) (1024 856 1408 ) 
4 100 104 (2048 848 1408 ) (1856 848 1408 ) (1856 856 1408 ) (2048 856 1408 ) 
4 101 104 (1824 848 1408 ) (1504 848 1408 ) (1504 856 1408 ) (1824 856 1408 ) 
4 102 104 (1472 848 1408 ) (1216 848 1408 ) (1216 856 1408 ) (1472 856 1408 ) 
4 103 153 (1024 848 1408 ) (1024 848 1416 ) (1024 856 1416 ) (1024 856 1408 ) 
4 103 104 (1184 848 1408 ) (1024 848 1408 ) (1024 856 1408 ) (1184 856 1408 ) 
4 104 153 (1024 856 1243 ) (1024 848 1243 ) (1024 848 1408 ) (1024 856 1408 ) 
4 104 114 (1024 848 1243 ) (1024 856 1243 ) (2048 856 1243 ) (2048 848 1243 ) 
4 105 152 (1024 816 1568 ) (1024 816 1728 ) (1024 848 1728 ) (1024 848 1568 ) 
4 105 106 (2048 816 1568 ) (2048 816 1728 ) (1024 816 1728 ) (1024 816 1568 ) 
4 106 155 (1024 816 1243 ) (1024 280 1243 ) (1024 280 1568 ) (1024 816 1568 ) 
4 106 152 (1024 280 1568 ) (1024 280 1728 ) (1024 816 1728 ) (1024 816 1568 ) 
4 106 115 (1024 280 1243 ) (1024 816 1243 ) (2048 816 1243 ) (2048 280 1243 ) 
4 106 109 (1376 280 1504 ) (1856 280 1504 ) (1856 280 1512 ) (1376 280 1512 ) 
4 106 110 (1024 280 1512 ) (1024 280 1504 ) (1344 280 1504 ) (1344 280 1512 ) 
4 106 108 (1888 280 1504 ) (2048 280 1504 ) (2048 280 1512 ) (1888 280 1512 ) 
4 106 111 (1024 280 1504 ) (1024 280 1243 ) (2048 280 1243 ) (2048 280 1504 ) 
4 106 107 (1024 280 1728 ) (1024 280 1512 ) (2048 280 1512 ) (2048 280 1728 ) 
4 107 155 (1024 272 1512 ) (1024 272 1568 ) (1024 280 1568 ) (1024 280 1512 ) 
4 107 152 (1024 272 1568 ) (1024 272 1728 ) (1024 280 1728 ) (1024 280 1568 ) 
4 107 112 (2048 272 1568 ) (2048 272 1728 ) (1024 272 1728 ) (1024 272 1568 ) 
4 107 109 (1856 272 1512 ) (1376 272 1512 ) (1376 280 1512 ) (1856 280 1512 ) 
4 107 110 (1344 272 1512 ) (1024 272 1512 ) (1024 280 1512 ) (1344 280 1512 ) 
4 107 108 (2048 272 1512 ) (1888 272 1512 ) (1888 280 1512 ) (2048 280 1512 ) 
4 108 111 (2048 272 1504 ) (1888 272 1504 ) (1888 280 1504 ) (2048 280 1504 ) 
4 109 111 (1856 272 1504 ) (1376 272 1504 ) (1376 280 1504 ) (1856 280 1504 ) 
4 110 155 (1024 272 1504 ) (1024 272 1512 ) (1024 280 1512 ) (1024 280 1504 ) 
4 110 111 (1344 272 1504 ) (1024 272 1504 ) (1024 280 1504 ) (1344 280 1504 ) 
4 111 155 (1024 280 1243 ) (1024 272 1243 ) (1024 272 1504 ) (1024 280 1504 ) 
4 111 115 (1024 272 1243 ) (1024 280 1243 ) (2048 280 1243 ) (2048 272 1243 ) 
4 112 171 (2048 0 1568 ) (2048 0 1728 ) (1024 0 1728 ) (1024 0 1568 ) 
4 112 157 (1024 240 1728 ) (1024 272 1728 ) (1024 272 1568 ) (1024 240 1568 ) 
4 112 158 (1024 0 1568 ) (1024 0 1728 ) (1024 240 1728 ) (1024 240 1568 ) 
4 112 113 (1024 0 1568 ) (1024 240 1568 ) (2048 240 1568 ) (2048 0 1568 ) 
4 113 174 (2048 0 1243 ) (2048 0 1408 ) (1024 0 1408 ) (1024 0 1243 ) 
4 113 171 (2048 0 1408 ) (2048 0 1568 ) (1024 0 1568 ) (1024 0 1408 ) 
4 113 158 (1024 240 1243 ) (1024 0 1243 ) (1024 0 1568 ) (1024 240 1568 ) 
4 113 116 (2048 0 1243 ) (1024 0 1243 ) (1024 240 1243 ) (2048 240 1243 ) 
4 114 162 (1024 1024 1243 ) (1024 1024 1216 ) (1024 848 1216 ) (1024 848 1243 ) 
4 115 163 (1024 816 1216 ) (1024 272 1216 ) (1024 272 1243 ) (1024 816 1243 ) 
4 116 174 (2048 0 1216 ) (2048 0 1243 ) (1024 0 1243 ) (1024 0 1216 ) 
4 116 164 (1024 240 1216 ) (1024 0 1216 ) (1024 0 1243 ) (1024 240 1243 ) 
4 117 165 (1024 1024 1184 ) (1024 1024 1055 ) (1024 336 1055 ) (1024 336 1184 ) 
4 117 148 (1024 336 1055 ) (1024 504 1055 ) (2048 504 1055 ) (2048 336 1055 ) 
4 117 142 (1024 504 1055 ) (1024 528 1055 ) (2048 528 1055 ) (2048 504 1055 ) 
4 117 139 (1524 544 1055 ) (1524 528 1055 ) (1508 528 1055 ) (1508 544 1055 ) 
4 117 138 (1508 708 1055 ) (1524 708 1055 ) (1524 544 1055 ) (1508 544 1055 ) 
4 117 137 (1524 708 1055 ) (2048 708 1055 ) (2048 528 1055 ) (1524 528 1055 ) 
4 117 141 (1024 528 1055 ) (1024 708 1055 ) (1508 708 1055 ) (1508 528 1055 ) 
4 117 135 (1076 724 1055 ) (1076 708 1055 ) (1060 708 1055 ) (1060 724 1055 ) 
4 117 134 (1076 944 1055 ) (1076 724 1055 ) (1060 724 1055 ) (1060 944 1055 ) 
4 117 132 (1076 960 1055 ) (1076 944 1055 ) (1060 944 1055 ) (1060 960 1055 ) 
4 117 131 (1060 1024 1055 ) (1076 1024 1055 ) (1076 960 1055 ) (1060 960 1055 ) 
4 117 136 (1024 708 1055 ) (1024 1024 1055 ) (1060 1024 1055 ) (1060 708 1055 ) 
4 117 127 (1508 1024 1055 ) (1524 1024 1055 ) (1524 708 1055 ) (1508 708 1055 ) 
4 117 126 (1524 1024 1055 ) (1780 1024 1055 ) (1780 708 1055 ) (1524 708 1055 ) 
4 117 130 (1076 1024 1055 ) (1508 1024 1055 ) (1508 708 1055 ) (1076 708 1055 ) 
4 117 124 (1796 732 1055 ) (1796 716 1055 ) (1780 716 1055 ) (1780 732 1055 ) 
4 117 125 (1796 716 1055 ) (1796 708 1055 ) (1780 708 1055 ) (1780 716 1055 ) 
4 117 121 (1796 920 1055 ) (1796 904 1055 ) (1780 904 1055 ) (1780 920 1055 ) 
4 117 120 (1780 1024 1055 ) (1796 1024 1055 ) (1796 920 1055 ) (1780 920 1055 ) 
4 117 123 (1796 904 1055 ) (1796 732 1055 ) (1780 732 1055 ) (1780 904 1055 ) 
4 117 119 (1796 1024 1055 ) (2048 1024 1055 ) (2048 708 1055 ) (1796 708 1055 ) 
4 118 192 (2048 0 1055 ) (2048 0 1088 ) (1024 0 1088 ) (1024 0 1055 ) 
4 118 175 (2048 0 1088 ) (2048 0 1184 ) (1024 0 1184 ) (1024 0 1088 ) 
4 118 166 (1024 240 1055 ) (1024 0 1055 ) (1024 0 1184 ) (1024 240 1184 ) 
4 118 149 (1024 0 1055 ) (1024 240 1055 ) (2048 240 1055 ) (2048 0 1055 ) 
4 119 150 (1796 1024 1028 ) (2048 1024 1028 ) (2048 708 1028 ) (1796 708 1028 ) 
4 119 137 (1796 708 1028 ) (2048 708 1028 ) (2048 708 1055 ) (1796 708 1055 ) 
4 119 124 (1796 716 1044 ) (1796 716 1055 ) (1796 732 1055 ) (1796 732 1044 ) 
4 119 125 (1796 716 1028 ) (1796 708 1028 ) (1796 708 1055 ) (1796 716 1055 ) 
4 119 121 (1796 904 1047 ) (1796 904 1055 ) (1796 920 1055 ) (1796 920 1047 ) 
4 119 122 (1796 920 1028 ) (1796 904 1028 ) (1796 904 1031 ) (1796 920 1031 ) 
4 119 120 (1796 1024 1028 ) (1796 920 1028 ) (1796 920 1055 ) (1796 1024 1055 ) 
4 119 123 (1796 904 1028 ) (1796 732 1028 ) (1796 732 1055 ) (1796 904 1055 ) 
4 120 150 (1780 1024 1028 ) (1796 1024 1028 ) (1796 920 1028 ) (1780 920 1028 ) 
4 120 126 (1780 1024 1028 ) (1780 920 1028 ) (1780 920 1055 ) (1780 1024 1055 ) 
4 120 121 (1780 920 1055 ) (1780 920 1047 ) (1796 920 1047 ) (1796 920 1055 ) 
4 120 122 (1780 920 1031 ) (1780 920 1028 ) (1796 920 1028 ) (1796 920 1031 ) 
4 121 126 (1780 904 1047 ) (1780 904 1055 ) (1780 920 1055 ) (1780 920 1047 ) 
4 121 123 (1780 904 1055 ) (1780 904 1047 ) (1796 904 1047 ) (1796 904 1055 ) 
4 122 150 (1796 920 1028 ) (1796 904 1028 ) (1780 904 1028 ) (1780 920 1028 ) 
4 122 126 (1780 920 1028 ) (1780 904 1028 ) (1780 904 1031 ) (1780 920 1031 ) 
4 122 123 (1780 904 1031 ) (1780 904 1028 ) (1796 904 1028 ) (1796 904 1031 ) 
4 123 150 (1796 904 1028 ) (1796 732 1028 ) (1780 732 1028 ) (1780 904 1028 ) 
4 123 126 (1780 904 1028 ) (1780 732 1028 ) (1780 732 1055 ) (1780 904 1055 ) 
4 123 124 (1780 732 1055 ) (1780 732 1044 ) (1796 732 1044 ) (1796 732 1055 ) 
4 124 126 (1780 716 1044 ) (1780 716 1055 ) (1780 732 1055 ) (1780 732 1044 ) 
4 124 125 (1780 716 1055 ) (1780 716 1044 ) (1796 716 1044 ) (1796 716 1055 ) 
4 125 150 (1796 716 1028 ) (1796 708 1028 ) (1780 708 1028 ) (1780 716 1028 ) 
4 125 137 (1780 708 1028 ) (1796 708 1028 ) (1796 708 1055 ) (1780 708 1055 ) 
4 125 126 (1780 716 1028 ) (1780 708 1028 ) (1780 708 1055 ) (1780 716 1055 ) 
4 126 150 (1524 1024 1028 ) (1780 1024 1028 ) (1780 708 1028 ) (1524 708 1028 ) 
4 126 137 (1524 708 1028 ) (1780 708 1028 ) (1780 708 1055 ) (1524 708 1055 ) 
4 126 129 (1524 908 1028 ) (1524 724 1028 ) (1524 724 1044 ) (1524 908 1044 ) 
4 126 128 (1524 1024 1028 ) (1524 924 1028 ) (1524 924 1044 ) (1524 1024 1044 ) 
4 126 127 (1524 708 1044 ) (1524 708 1055 ) (1524 1024 1055 ) (1524 1024 1044 ) 
4 127 138 (1524 708 1044 ) (1524 708 1055 ) (1508 708 1055 ) (1508 708 1044 ) 
4 127 129 (1508 724 1044 ) (1508 908 1044 ) (1524 908 1044 ) (1524 724 1044 ) 
4 127 128 (1508 924 1044 ) (1508 1024 1044 ) (1524 1024 1044 ) (1524 924 1044 ) 
4 127 130 (1508 708 1044 ) (1508 708 1055 ) (1508 1024 1055 ) (1508 1024 1044 ) 
4 128 150 (1508 1024 1028 ) (1524 1024 1028 ) (1524 924 1028 ) (1508 924 1028 ) 
4 128 130 (1508 1024 1028 ) (1508 924 1028 ) (1508 924 1044 ) (1508 1024 1044 ) 
4 129 150 (1524 908 1028 ) (1524 724 1028 ) (1508 724 1028 ) (1508 908 1028 ) 
4 129 130 (1508 908 1028 ) (1508 724 1028 ) (1508 724 1044 ) (1508 908 1044 ) 
4 130 150 (1076 1024 1028 ) (1508 1024 1028 ) (1508 708 1028 ) (1076 708 1028 ) 
4 130 141 (1076 708 1028 ) (1508 708 1028 ) (1508 708 1055 ) (1076 708 1055 ) 
4 130 135 (1076 708 1044 ) (1076 708 1055 ) (1076 724 1055 ) (1076 724 1044 ) 
4 130 134 (1076 944 1028 ) (1076 724 1028 ) (1076 724 1055 ) (1076 944 1055 ) 
4 130 132 (1076 944 1047 ) (1076 944 1055 ) (1076 960 1055 ) (1076 960 1047 ) 
4 130 133 (1076 960 1028 ) (1076 944 1028 ) (1076 944 1031 ) (1076 960 1031 ) 
4 130 131 (1076 1024 1028 ) (1076 960 1028 ) (1076 960 1055 ) (1076 1024 1055 ) 
4 131 150 (1060 1024 1028 ) (1076 1024 1028 ) (1076 960 1028 ) (1060 960 1028 ) 
4 131 132 (1060 960 1055 ) (1060 960 1047 ) (1076 960 1047 ) (1076 960 1055 ) 
4 131 133 (1060 960 1031 ) (1060 960 1028 ) (1076 960 1028 ) (1076 960 1031 ) 
4 131 136 (1060 1024 1028 ) (1060 960 1028 ) (1060 960 1055 ) (1060 1024 1055 ) 
4 132 134 (1060 944 1055 ) (1060 944 1047 ) (1076 944 1047 ) (1076 944 1055 ) 
4 132 136 (1060 944 1047 ) (1060 944 1055 ) (1060 960 1055 ) (1060 960 1047 ) 
4 133 150 (1076 960 1028 ) (1076 944 1028 ) (1060 944 1028 ) (1060 960 1028 ) 
4 133 134 (1060 944 1031 ) (1060 944 1028 ) (1076 944 1028 ) (1076 944 1031 ) 
4 133 136 (1060 960 1028 ) (1060 944 1028 ) (1060 944 1031 ) (1060 960 1031 ) 
4 134 150 (1076 944 1028 ) (1076 724 1028 ) (1060 724 1028 ) (1060 944 1028 ) 
4 134 135 (1060 724 1055 ) (1060 724 1044 ) (1076 724 1044 ) (1076 724 1055 ) 
4 134 136 (1060 944 1028 ) (1060 724 1028 ) (1060 724 1055 ) (1060 944 1055 ) 
4 135 141 (1076 708 1044 ) (1076 708 1055 ) (1060 708 1055 ) (1060 708 1044 ) 
4 135 136 (1060 708 1044 ) (1060 708 1055 ) (1060 724 1055 ) (1060 724 1044 ) 
4 136 169 (1024 1024 1055 ) (1024 1024 1028 ) (1024 708 1028 ) (1024 708 1055 ) 
4 136 150 (1024 708 1028 ) (1024 1024 1028 ) (1060 1024 1028 ) (1060 708 1028 ) 
4 136 141 (1024 708 1028 ) (1060 708 1028 ) (1060 708 1055 ) (1024 708 1055 ) 
4 137 150 (1524 708 1028 ) (2048 708 1028 ) (2048 528 1028 ) (1524 528 1028 ) 
4 137 143 (1796 528 1028 ) (2048 528 1028 ) (2048 528 1044 ) (1796 528 1044 ) 
4 137 145 (1524 528 1028 ) (1780 528 1028 ) (1780 528 1044 ) (1524 528 1044 ) 
4 137 142 (2048 528 1044 ) (2048 528 1055 ) (1524 528 1055 ) (1524 528 1044 ) 
4 137 139 (1524 528 1047 ) (1524 528 1055 ) (1524 544 1055 ) (1524 544 1047 ) 
4 137 140 (1524 544 1028 ) (1524 528 1028 ) (1524 528 1031 ) (1524 544 1031 ) 
4 137 138 (1524 708 1055 ) (1524 708 1028 ) (1524 544 1028 ) (1524 544 1055 ) 
4 138 150 (1508 708 1028 ) (1524 708 1028 ) (1524 544 1028 ) (1508 544 1028 ) 
4 138 139 (1508 544 1055 ) (1508 544 1047 ) (1524 544 1047 ) (1524 544 1055 ) 
4 138 140 (1508 544 1031 ) (1508 544 1028 ) (1524 544 1028 ) (1524 544 1031 ) 
4 138 141 (1508 708 1055 ) (1508 708 1028 ) (1508 544 1028 ) (1508 544 1055 ) 
4 139 142 (1524 528 1047 ) (1524 528 1055 ) (1508 528 1055 ) (1508 528 1047 ) 
4 139 141 (1508 528 1047 ) (1508 528 1055 ) (1508 544 1055 ) (1508 544 1047 ) 
4 140 150 (1524 544 1028 ) (1524 528 1028 ) (1508 528 1028 ) (1508 544 1028 ) 
4 140 145 (1508 528 1028 ) (1524 528 1028 ) (1524 528 1031 ) (1508 528 1031 ) 
4 140 141 (1508 544 1028 ) (1508 528 1028 ) (1508 528 1031 ) (1508 544 1031 ) 
4 141 169 (1024 708 1028 ) (1024 528 1028 ) (1024 528 1055 ) (1024 708 1055 ) 
4 141 150 (1024 528 1028 ) (1024 708 1028 ) (1508 708 1028 ) (1508 528 1028 ) 
4 141 146 (1060 528 1028 ) (1076 528 1028 ) (1076 528 1044 ) (1060 528 1044 ) 
4 141 147 (1024 528 1028 ) (1060 528 1028 ) (1060 528 1044 ) (1024 528 1044 ) 
4 141 145 (1076 528 1028 ) (1508 528 1028 ) (1508 528 1044 ) (1076 528 1044 ) 
4 141 142 (1508 528 1044 ) (1508 528 1055 ) (1024 528 1055 ) (1024 528 1044 ) 
4 142 169 (1024 504 1044 ) (1024 504 1055 ) (1024 528 1055 ) (1024 528 1044 ) 
4 142 148 (2048 504 1044 ) (2048 504 1055 ) (1024 504 1055 ) (1024 504 1044 ) 
4 142 146 (1060 520 1044 ) (1060 528 1044 ) (1076 528 1044 ) (1076 520 1044 ) 
4 142 147 (1060 504 1044 ) (1024 504 1044 ) (1024 528 1044 ) (1060 528 1044 ) 
4 142 144 (1796 504 1044 ) (1780 504 1044 ) (1780 512 1044 ) (1796 512 1044 ) 
4 142 143 (2048 504 1044 ) (1796 504 1044 ) (1796 528 1044 ) (2048 528 1044 ) 
4 142 145 (1780 504 1044 ) (1076 504 1044 ) (1076 528 1044 ) (1780 528 1044 ) 
4 143 150 (1796 528 1028 ) (2048 528 1028 ) (2048 504 1028 ) (1796 504 1028 ) 
4 143 148 (1796 504 1028 ) (2048 504 1028 ) (2048 504 1044 ) (1796 504 1044 ) 
4 143 144 (1796 504 1028 ) (1796 504 1044 ) (1796 512 1044 ) (1796 512 1028 ) 
4 144 150 (1796 512 1028 ) (1796 504 1028 ) (1780 504 1028 ) (1780 512 1028 ) 
4 144 148 (1780 504 1028 ) (1796 504 1028 ) (1796 504 1044 ) (1780 504 1044 ) 
4 144 145 (1780 504 1028 ) (1780 504 1044 ) (1780 512 1044 ) (1780 512 1028 ) 
4 145 150 (1076 528 1028 ) (1780 528 1028 ) (1780 504 1028 ) (1076 504 1028 ) 
4 145 148 (1076 504 1028 ) (1780 504 1028 ) (1780 504 1044 ) (1076 504 1044 ) 
4 145 146 (1076 520 1044 ) (1076 528 1044 ) (1076 528 1028 ) (1076 520 1028 ) 
4 146 150 (1060 528 1028 ) (1076 528 1028 ) (1076 520 1028 ) (1060 520 1028 ) 
4 146 147 (1060 520 1044 ) (1060 528 1044 ) (1060 528 1028 ) (1060 520 1028 ) 
4 147 169 (1024 528 1028 ) (1024 504 1028 ) (1024 504 1044 ) (1024 528 1044 ) 
4 147 150 (1024 504 1028 ) (1024 528 1028 ) (1060 528 1028 ) (1060 504 1028 ) 
4 147 148 (1024 504 1028 ) (1060 504 1028 ) (1060 504 1044 ) (1024 504 1044 ) 
4 148 169 (1024 504 1028 ) (1024 336 1028 ) (1024 336 1055 ) (1024 504 1055 ) 
4 148 150 (1024 336 1028 ) (1024 504 1028 ) (2048 504 1028 ) (2048 336 1028 ) 
4 149 205 (1752 0 1055 ) (1736 0 1055 ) (1736 0 1028 ) (1752 0 1028 ) 
4 149 204 (2048 0 1028 ) (2048 0 1055 ) (1752 0 1055 ) (1752 0 1028 ) 
4 149 208 (1736 0 1055 ) (1024 0 1055 ) (1024 0 1028 ) (1736 0 1028 ) 
4 149 170 (1024 240 1028 ) (1024 0 1028 ) (1024 0 1055 ) (1024 240 1055 ) 
4 149 151 (2048 0 1028 ) (1024 0 1028 ) (1024 240 1028 ) (2048 240 1028 ) 
4 150 169 (1024 1024 1028 ) (1024 1024 1024 ) (1024 336 1024 ) (1024 336 1028 ) 
4 151 205 (1752 0 1028 ) (1736 0 1028 ) (1736 0 1024 ) (1752 0 1024 ) 
4 151 204 (2048 0 1024 ) (2048 0 1028 ) (1752 0 1028 ) (1752 0 1024 ) 
4 151 208 (1736 0 1028 ) (1024 0 1028 ) (1024 0 1024 ) (1736 0 1024 ) 
4 151 170 (1024 240 1024 ) (1024 0 1024 ) (1024 0 1028 ) (1024 240 1028 ) 
4 152 161 (736 272 1728 ) (736 272 1568 ) (768 272 1568 ) (768 272 1728 ) 
4 152 159 (768 272 1568 ) (960 272 1568 ) (960 272 1728 ) (768 272 1728 ) 
4 152 157 (960 272 1568 ) (1024 272 1568 ) (1024 272 1728 ) (960 272 1728 ) 
4 152 156 (960 272 1568 ) (768 272 1568 ) (768 816 1568 ) (960 816 1568 ) 
4 152 155 (1024 272 1568 ) (960 272 1568 ) (960 816 1568 ) (1024 816 1568 ) 
4 153 162 (1024 1024 1243 ) (1024 848 1243 ) (960 848 1243 ) (960 1024 1243 ) 
4 153 154 (960 848 1248 ) (960 848 1568 ) (960 1024 1568 ) (960 1024 1248 ) 
4 155 163 (1024 816 1243 ) (1024 272 1243 ) (960 272 1243 ) (960 816 1243 ) 
4 155 156 (960 816 1568 ) (960 816 1408 ) (960 272 1408 ) (960 272 1568 ) 
4 156 159 (960 272 1408 ) (960 272 1568 ) (768 272 1568 ) (768 272 1408 ) 
4 157 159 (960 272 1728 ) (960 272 1568 ) (960 240 1568 ) (960 240 1728 ) 
4 157 158 (1024 240 1728 ) (960 240 1728 ) (960 240 1568 ) (1024 240 1568 ) 
4 158 222 (1024 0 1243 ) (1024 0 1408 ) (960 0 1408 ) (960 0 1243 ) 
4 158 221 (1024 0 1408 ) (1024 0 1568 ) (960 0 1568 ) (960 0 1408 ) 
4 158 220 (1024 0 1568 ) (1024 0 1728 ) (960 0 1728 ) (960 0 1568 ) 
4 158 164 (1024 240 1243 ) (1024 0 1243 ) (960 0 1243 ) (960 240 1243 ) 
4 158 160 (960 0 1408 ) (960 0 1728 ) (960 240 1728 ) (960 240 1408 ) 
4 159 161 (768 240 1568 ) (768 240 1728 ) (768 272 1728 ) (768 272 1568 ) 
4 159 160 (768 240 1728 ) (768 240 1408 ) (960 240 1408 ) (960 240 1728 ) 
4 160 221 (768 0 1408 ) (960 0 1408 ) (960 0 1568 ) (768 0 1568 ) 
4 160 220 (960 0 1568 ) (960 0 1728 ) (768 0 1728 ) (768 0 1568 ) 
4 160 161 (768 0 1568 ) (768 0 1728 ) (768 240 1728 ) (768 240 1568 ) 
4 161 220 (736 0 1728 ) (736 0 1568 ) (768 0 1568 ) (768 0 1728 ) 
4 164 222 (1024 0 1216 ) (1024 0 1243 ) (960 0 1243 ) (960 0 1216 ) 
4 165 169 (768 336 1055 ) (768 1024 1055 ) (1024 1024 1055 ) (1024 336 1055 ) 
4 165 168 (768 336 1056 ) (768 336 1184 ) (768 1024 1184 ) (768 1024 1056 ) 
4 166 226 (1024 0 1055 ) (1024 0 1088 ) (960 0 1088 ) (960 0 1055 ) 
4 166 224 (992 0 1184 ) (960 0 1184 ) (960 0 1088 ) (992 0 1088 ) 
4 166 223 (1024 0 1088 ) (1024 0 1184 ) (992 0 1184 ) (992 0 1088 ) 
4 166 170 (1024 0 1055 ) (960 0 1055 ) (960 240 1055 ) (1024 240 1055 ) 
4 166 167 (960 240 1184 ) (960 240 1056 ) (960 0 1056 ) (960 0 1184 ) 
4 167 227 (768 0 1088 ) (768 0 1056 ) (960 0 1056 ) (960 0 1088 ) 
4 167 225 (960 0 1184 ) (768 0 1184 ) (768 0 1088 ) (960 0 1088 ) 
4 170 241 (1024 0 1024 ) (1024 0 1055 ) (960 0 1055 ) (960 0 1024 ) 
4 171 221 (1024 0 1568 ) (1024 0 1408 ) (1024 -272 1408 ) (1024 -272 1568 ) 
4 171 220 (1024 0 1728 ) (1024 0 1568 ) (1024 -272 1568 ) (1024 -272 1728 ) 
4 171 174 (1024 -272 1408 ) (1024 0 1408 ) (2048 0 1408 ) (2048 -272 1408 ) 
4 171 173 (1792 -272 1568 ) (1344 -272 1728 ) (1024 -272 1728 ) (1024 -272 1568 ) 
3 171 172 (2048 -272 1476.571289 ) (2048 -272 1728 ) (1344 -272 1728 ) 
3 172 193 (2048 -304 1476.571289 ) (2048 -304 1728 ) (1344 -304 1728 ) 
4 172 173 (1344.003906 -304 1728 ) (1344.003906 -272 1728 ) (1792.004028 -272 1568 ) (1792.004028 -304 1568 ) 
4 173 220 (1024 -304 1568 ) (1024 -304 1728 ) (1024 -272 1728 ) (1024 -272 1568 ) 
4 173 193 (1024 -304 1728 ) (1024 -304 1568 ) (1792 -304 1568 ) (1344 -304 1728 ) 
4 174 222 (1024 0 1408 ) (1024 0 1216 ) (1024 -272 1216 ) (1024 -272 1408 ) 
4 175 223 (1024 0 1184 ) (1024 0 1088 ) (1024 -272 1088 ) (1024 -272 1184 ) 
4 175 192 (1024 -272 1088 ) (1024 0 1088 ) (2048 0 1088 ) (2048 -272 1088 ) 
4 175 191 (1056 -272 1088 ) (1088 -272 1088 ) (1088 -272 1184 ) (1056 -272 1184 ) 
4 175 189 (1184 -272 1088 ) (1216 -272 1088 ) (1216 -272 1184 ) (1184 -272 1184 ) 
4 175 190 (1120 -272 1088 ) (1152 -272 1088 ) (1152 -272 1184 ) (1120 -272 1184 ) 
4 175 188 (1248 -272 1088 ) (1280 -272 1088 ) (1280 -272 1184 ) (1248 -272 1184 ) 
4 175 187 (1312 -272 1088 ) (1344 -272 1088 ) (1344 -272 1184 ) (1312 -272 1184 ) 
4 175 185 (1440 -272 1088 ) (1472 -272 1088 ) (1472 -272 1184 ) (1440 -272 1184 ) 
4 175 186 (1376 -272 1088 ) (1408 -272 1088 ) (1408 -272 1184 ) (1376 -272 1184 ) 
4 175 184 (1504 -272 1088 ) (1536 -272 1088 ) (1536 -272 1184 ) (1504 -272 1184 ) 
4 175 183 (1568 -272 1088 ) (1600 -272 1088 ) (1600 -272 1184 ) (1568 -272 1184 ) 
4 175 181 (1696 -272 1088 ) (1728 -272 1088 ) (1728 -272 1184 ) (1696 -272 1184 ) 
4 175 182 (1632 -272 1088 ) (1664 -272 1088 ) (1664 -272 1184 ) (1632 -272 1184 ) 
4 175 180 (1760 -272 1088 ) (1792 -272 1088 ) (1792 -272 1184 ) (1760 -272 1184 ) 
4 175 179 (1824 -272 1088 ) (1856 -272 1088 ) (1856 -272 1184 ) (1824 -272 1184 ) 
4 175 177 (1952 -272 1088 ) (1984 -272 1088 ) (1984 -272 1184 ) (1952 -272 1184 ) 
4 175 178 (1888 -272 1088 ) (1920 -272 1088 ) (1920 -272 1184 ) (1888 -272 1184 ) 
4 175 176 (2016 -272 1088 ) (2048 -272 1088 ) (2048 -272 1184 ) (2016 -272 1184 ) 
4 176 193 (2016 -304 1088 ) (2048 -304 1088 ) (2048 -304 1184 ) (2016 -304 1184 ) 
4 177 193 (1952 -304 1088 ) (1984 -304 1088 ) (1984 -304 1184 ) (1952 -304 1184 ) 
4 178 193 (1888 -304 1088 ) (1920 -304 1088 ) (1920 -304 1184 ) (1888 -304 1184 ) 
4 179 193 (1824 -304 1088 ) (1856 -304 1088 ) (1856 -304 1184 ) (1824 -304 1184 ) 
4 180 193 (1760 -304 1088 ) (1792 -304 1088 ) (1792 -304 1184 ) (1760 -304 1184 ) 
4 181 193 (1696 -304 1088 ) (1728 -304 1088 ) (1728 -304 1184 ) (1696 -304 1184 ) 
4 182 193 (1632 -304 1088 ) (1664 -304 1088 ) (1664 -304 1184 ) (1632 -304 1184 ) 
4 183 193 (1568 -304 1088 ) (1600 -304 1088 ) (1600 -304 1184 ) (1568 -304 1184 ) 
4 184 193 (1504 -304 1088 ) (1536 -304 1088 ) (1536 -304 1184 ) (1504 -304 1184 ) 
4 185 193 (1440 -304 1088 ) (1472 -304 1088 ) (1472 -304 1184 ) (1440 -304 1184 ) 
4 186 193 (1376 -304 1088 ) (1408 -304 1088 ) (1408 -304 1184 ) (1376 -304 1184 ) 
4 187 193 (1312 -304 1088 ) (1344 -304 1088 ) (1344 -304 1184 ) (1312 -304 1184 ) 
4 188 193 (1248 -304 1088 ) (1280 -304 1088 ) (1280 -304 1184 ) (1248 -304 1184 ) 
4 189 193 (1184 -304 1088 ) (1216 -304 1088 ) (1216 -304 1184 ) (1184 -304 1184 ) 
4 190 193 (1120 -304 1088 ) (1152 -304 1088 ) (1152 -304 1184 ) (1120 -304 1184 ) 
4 191 193 (1056 -304 1088 ) (1088 -304 1088 ) (1088 -304 1184 ) (1056 -304 1184 ) 
4 192 226 (1024 0 1088 ) (1024 0 1055 ) (1024 -272 1055 ) (1024 -272 1088 ) 
4 192 211 (1448 -200 1055 ) (1448 -184 1055 ) (1464 -184 1055 ) (1464 -200 1055 ) 
4 192 210 (1448 -184 1055 ) (1448 -40 1055 ) (1464 -40 1055 ) (1464 -184 1055 ) 
4 192 213 (1464 -272 1055 ) (1448 -272 1055 ) (1448 -200 1055 ) (1464 -200 1055 ) 
4 192 209 (2048 -40 1055 ) (2048 -272 1055 ) (1464 -272 1055 ) (1464 -40 1055 ) 
4 192 214 (1448 -272 1055 ) (1024 -272 1055 ) (1024 -40 1055 ) (1448 -40 1055 ) 
4 192 206 (1752 -24 1055 ) (1752 -40 1055 ) (1736 -40 1055 ) (1736 -24 1055 ) 
4 192 205 (1736 0 1055 ) (1752 0 1055 ) (1752 -24 1055 ) (1736 -24 1055 ) 
4 192 204 (1752 0 1055 ) (2048 0 1055 ) (2048 -40 1055 ) (1752 -40 1055 ) 
4 192 208 (1024 0 1055 ) (1736 0 1055 ) (1736 -40 1055 ) (1024 -40 1055 ) 
4 193 228 (1024 -528 1728 ) (1024 -304 1728 ) (1024 -304 1088 ) (1024 -528 1088 ) 
4 193 195 (1024 -528 1088 ) (1024 -304 1088 ) (2048 -304 1088 ) (2048 -528 1088 ) 
5 193 194 (1024 -528 1088 ) (1808.010010 -528 1088 ) (2048 -528 1121.487427 ) (2048 -528 1728 ) (1024 -528 1728 ) 
4 194 228 (1024 -560 1088 ) (1024 -560 1728 ) (1024 -528 1728 ) (1024 -528 1088 ) 
4 195 230 (1024 -304 1055 ) (1024 -528 1055 ) (1024 -528 1088 ) (1024 -304 1088 ) 
4 195 215 (2048 -304 1055 ) (2048 -528 1055 ) (1024 -528 1055 ) (1024 -304 1055 ) 
5 196 249 (2048 -1024 1264 ) (2048 -1024 1488 ) (1048 -1024 1488 ) (1024 -1024 1482.873779 ) (1024 -1024 1264 ) 
4 196 231 (1024 -1024 1264 ) (1024 -1024 1482.873779 ) (1024 -768 1482.873779 ) (1024 -768 1264 ) 
4 196 203 (1120 -1024 1264 ) (1024 -1024 1264 ) (1024 -864 1264 ) (1120 -864 1264 ) 
4 196 201 (1120 -768 1264 ) (1152 -768 1264 ) (1152 -864 1264 ) (1120 -864 1264 ) 
4 196 202 (1024 -864 1264 ) (1024 -768 1264 ) (1120 -768 1264 ) (1120 -864 1264 ) 
4 196 197 (2048 -1024 1264 ) (1520 -1024 1264 ) (1520 -768 1264 ) (2048 -768 1264 ) 
4 196 198 (1488 -1024 1264 ) (1152 -1024 1264 ) (1152 -768 1264 ) (1488 -768 1264 ) 
4 197 250 (2048 -1024 1184 ) (2048 -1024 1264 ) (1520 -1024 1264 ) (1520 -1024 1184 ) 
4 197 199 (2048 -1024 1184 ) (1712 -1024 1184 ) (1712 -768 1184 ) (2048 -768 1184 ) 
4 198 253 (1488 -1024 1264 ) (1152 -1024 1264 ) (1152 -1024 1184 ) (1488 -1024 1184 ) 
4 198 201 (1152 -864 1264 ) (1152 -768 1264 ) (1152 -768 1184 ) (1152 -864 1184 ) 
4 198 200 (1488 -1024 1184 ) (1152 -1024 1184 ) (1152 -768 1184 ) (1488 -768 1184 ) 
4 199 252 (2048 -1024 1055 ) (2048 -1024 1184 ) (1712 -1024 1184 ) (1712 -1024 1055 ) 
4 199 216 (2048 -768 1055 ) (2048 -1024 1055 ) (1712 -1024 1055 ) (1712 -768 1055 ) 
4 200 253 (1488 -1024 1184 ) (1152 -1024 1184 ) (1152 -1024 1055 ) (1488 -1024 1055 ) 
4 200 217 (1488 -1024 1055 ) (1152 -1024 1055 ) (1152 -768 1055 ) (1488 -768 1055 ) 
4 200 201 (1152 -768 1184 ) (1152 -768 1056 ) (1152 -864 1056 ) (1152 -864 1184 ) 
4 201 202 (1120 -864 1056 ) (1120 -864 1264 ) (1120 -768 1264 ) (1120 -768 1056 ) 
4 202 231 (1024 -768 1055 ) (1024 -864 1055 ) (1024 -864 1264 ) (1024 -768 1264 ) 
4 202 218 (1024 -864 1055 ) (1024 -768 1055 ) (1120 -768 1055 ) (1120 -864 1055 ) 
4 202 203 (1024 -864 1055 ) (1120 -864 1055 ) (1120 -864 1264 ) (1024 -864 1264 ) 
4 203 254 (1120 -1024 1264 ) (1024 -1024 1264 ) (1024 -1024 1055 ) (1120 -1024 1055 ) 
4 203 231 (1024 -864 1055 ) (1024 -1024 1055 ) (1024 -1024 1264 ) (1024 -864 1264 ) 
4 203 219 (1120 -1024 1055 ) (1024 -1024 1055 ) (1024 -864 1055 ) (1120 -864 1055 ) 
4 204 209 (1752 -40 1024 ) (2048 -40 1024 ) (2048 -40 1055 ) (1752 -40 1055 ) 
4 204 206 (1752 -40 1044 ) (1752 -40 1055 ) (1752 -24 1055 ) (1752 -24 1044 ) 
4 204 207 (1752 -24 1024 ) (1752 -40 1024 ) (1752 -40 1028 ) (1752 -24 1028 ) 
4 204 205 (1752 0 1024 ) (1752 -24 1024 ) (1752 -24 1055 ) (1752 0 1055 ) 
4 205 206 (1736 -24 1055 ) (1736 -24 1044 ) (1752 -24 1044 ) (1752 -24 1055 ) 
4 205 207 (1736 -24 1028 ) (1736 -24 1024 ) (1752 -24 1024 ) (1752 -24 1028 ) 
4 205 208 (1736 0 1024 ) (1736 -24 1024 ) (1736 -24 1055 ) (1736 0 1055 ) 
4 206 209 (1752 -40 1044 ) (1752 -40 1055 ) (1736 -40 1055 ) (1736 -40 1044 ) 
4 206 208 (1736 -40 1044 ) (1736 -40 1055 ) (1736 -24 1055 ) (1736 -24 1044 ) 
4 207 209 (1736 -40 1024 ) (1752 -40 1024 ) (1752 -40 1028 ) (1736 -40 1028 ) 
4 207 208 (1736 -24 1024 ) (1736 -40 1024 ) (1736 -40 1028 ) (1736 -24 1028 ) 
4 208 241 (1024 0 1055 ) (1024 0 1024 ) (1024 -40 1024 ) (1024 -40 1055 ) 
4 208 210 (1448 -40 1024 ) (1464 -40 1024 ) (1464 -40 1055 ) (1448 -40 1055 ) 
4 208 209 (1464 -40 1024 ) (1736 -40 1024 ) (1736 -40 1055 ) (1464 -40 1055 ) 
4 208 214 (1024 -40 1024 ) (1448 -40 1024 ) (1448 -40 1055 ) (1024 -40 1055 ) 
4 209 211 (1464 -200 1044 ) (1464 -200 1055 ) (1464 -184 1055 ) (1464 -184 1044 ) 
4 209 212 (1464 -184 1024 ) (1464 -200 1024 ) (1464 -200 1028 ) (1464 -184 1028 ) 
4 209 210 (1464 -40 1055 ) (1464 -40 1024 ) (1464 -184 1024 ) (1464 -184 1055 ) 
4 209 213 (1464 -200 1024 ) (1464 -272 1024 ) (1464 -272 1055 ) (1464 -200 1055 ) 
4 210 211 (1448 -184 1055 ) (1448 -184 1044 ) (1464 -184 1044 ) (1464 -184 1055 ) 
4 210 212 (1448 -184 1028 ) (1448 -184 1024 ) (1464 -184 1024 ) (1464 -184 1028 ) 
4 210 214 (1448 -40 1055 ) (1448 -40 1024 ) (1448 -184 1024 ) (1448 -184 1055 ) 
4 211 213 (1448 -200 1055 ) (1448 -200 1044 ) (1464 -200 1044 ) (1464 -200 1055 ) 
4 211 214 (1448 -200 1044 ) (1448 -200 1055 ) (1448 -184 1055 ) (1448 -184 1044 ) 
4 212 214 (1448 -184 1024 ) (1448 -200 1024 ) (1448 -200 1028 ) (1448 -184 1028 ) 
4 212 213 (1448 -200 1028 ) (1448 -200 1024 ) (1464 -200 1024 ) (1464 -200 1028 ) 
4 213 214 (1448 -200 1024 ) (1448 -272 1024 ) (1448 -272 1055 ) (1448 -200 1055 ) 
4 214 241 (1024 -40 1024 ) (1024 -272 1024 ) (1024 -272 1055 ) (1024 -40 1055 ) 
4 215 242 (1024 -304 1024 ) (1024 -528 1024 ) (1024 -528 1055 ) (1024 -304 1055 ) 
4 216 252 (2048 -1024 864 ) (2048 -1024 1055 ) (1712 -1024 1055 ) (1712 -1024 864 ) 
4 217 253 (1488 -1024 1055 ) (1152 -1024 1055 ) (1152 -1024 864 ) (1488 -1024 864 ) 
4 218 244 (1024 -864 1055 ) (1024 -768 1055 ) (1024 -768 864 ) (1024 -864 864 ) 
4 218 219 (1024 -864 864 ) (1120 -864 864 ) (1120 -864 1055 ) (1024 -864 1055 ) 
4 219 254 (1120 -1024 1055 ) (1024 -1024 1055 ) (1024 -1024 864 ) (1120 -1024 864 ) 
4 219 244 (1024 -1024 864 ) (1024 -1024 1055 ) (1024 -864 1055 ) (1024 -864 864 ) 
4 220 229 (768 -304 1728 ) (736 -304 1728 ) (736 -304 1568 ) (768 -304 1568 ) 
4 220 228 (1024 -304 1568 ) (1024 -304 1728 ) (768 -304 1728 ) (768 -304 1568 ) 
4 220 221 (768 0 1568 ) (1024 0 1568 ) (1024 -272 1568 ) (768 -272 1568 ) 
4 221 222 (960 0 1408 ) (1024 0 1408 ) (1024 -272 1408 ) (960 -272 1408 ) 
4 223 228 (1024 -304 1088 ) (1024 -304 1184 ) (992 -304 1184 ) (992 -304 1088 ) 
4 223 226 (992 -272 1088 ) (992 0 1088 ) (1024 0 1088 ) (1024 -272 1088 ) 
4 223 224 (992 0 1088 ) (992 -272 1088 ) (992 -272 1184 ) (992 0 1184 ) 
4 224 226 (960 -272 1088 ) (960 0 1088 ) (992 0 1088 ) (992 -272 1088 ) 
4 224 225 (960 0 1088 ) (960 -272 1088 ) (960 -272 1184 ) (960 0 1184 ) 
4 225 228 (960 -304 1184 ) (768 -304 1184 ) (768 -304 1088 ) (960 -304 1088 ) 
4 225 227 (960 -304 1088 ) (768 -304 1088 ) (768 0 1088 ) (960 0 1088 ) 
4 226 241 (1024 0 1055 ) (1024 -272 1055 ) (960 -272 1055 ) (960 0 1055 ) 
4 226 227 (960 -272 1056 ) (960 -272 1088 ) (960 0 1088 ) (960 0 1056 ) 
4 227 230 (960 -304 1056 ) (960 -304 1088 ) (768 -304 1088 ) (768 -304 1056 ) 
4 228 230 (768 -528 1088 ) (768 -304 1088 ) (1024 -304 1088 ) (1024 -528 1088 ) 
5 228 229 (768 -528 1088 ) (768 -560 1088 ) (768 -560 1728 ) (768 -304 1728 ) (768 -304 1184 ) 
4 230 243 (960 -528 1055 ) (768 -528 1055 ) (768 -304 1055 ) (960 -304 1055 ) 
4 230 242 (1024 -304 1055 ) (1024 -528 1055 ) (960 -528 1055 ) (960 -304 1055 ) 
4 231 256 (1024 -1024 1055 ) (1024 -1024 1152 ) (800 -1024 1152 ) (800 -1024 1055 ) 
4 231 255 (1024 -1024 1152 ) (1024 -1024 1482.873779 ) (800 -1024 1435.029175 ) (800 -1024 1152 ) 
4 231 244 (1024 -768 1055 ) (1024 -1024 1055 ) (800 -1024 1055 ) (800 -768 1055 ) 
4 231 232 (800 -1024 1435.029297 ) (800 -768 1435.029297 ) (800 -768 1152 ) (800 -1024 1152 ) 
4 232 255 (800 -1024 1435.029175 ) (768 -1024 1428.194214 ) (768 -1024 1152 ) (800 -1024 1152 ) 
4 232 233 (768 -1024 1428.193359 ) (768 -768 1428.193359 ) (768 -768 1152 ) (768 -1024 1152 ) 
4 233 257 (576 -1024 1152 ) (576 -1024 1055 ) (768 -1024 1055 ) (768 -1024 1152 ) 
4 233 255 (768 -1024 1428.194214 ) (576 -1024 1387.184448 ) (576 -1024 1152 ) (768 -1024 1152 ) 
4 233 245 (768 -1024 1055 ) (576 -1024 1055 ) (576 -768 1055 ) (768 -768 1055 ) 
4 233 234 (576 -928 1387.185547 ) (576 -768 1387.185547 ) (576 -768 1056 ) (576 -928 1056 ) 
4 234 235 (544 -768 1056 ) (544 -928 1056 ) (544 -928 1380.348633 ) (544 -768 1380.348633 ) 
4 235 261 (544 -1024 1380.349487 ) (416 -1024 1353.009644 ) (416 -1024 1056 ) (544 -1024 1056 ) 
4 235 236 (416 -776 1304 ) (416 -776 1353.008789 ) (416 -768 1353.008789 ) (416 -768 1304 ) 
4 235 237 (416 -768 1056 ) (416 -776 1056 ) (416 -776 1296 ) (416 -768 1296 ) 
4 235 238 (416 -776 1056 ) (416 -1024 1056 ) (416 -1024 1353.008789 ) (416 -776 1353.008789 ) 
4 236 239 (384 -776 1304 ) (384 -776 1346.173340 ) (384 -768 1346.173340 ) (384 -768 1304 ) 
4 236 238 (384 -776 1346.171875 ) (384 -776 1304 ) (416 -776 1304 ) (416 -776 1353.009766 ) 
4 237 238 (384 -776 1296 ) (384 -776 1056 ) (416 -776 1056 ) (416 -776 1296 ) 
4 237 239 (384 -768 1056 ) (384 -776 1056 ) (384 -776 1296 ) (384 -768 1296 ) 
4 238 262 (416 -1024 1353.009644 ) (384 -1024 1346.174683 ) (384 -1024 1056 ) (416 -1024 1056 ) 
4 238 239 (384 -776 1056 ) (384 -1024 1056 ) (384 -1024 1346.173340 ) (384 -776 1346.173340 ) 
4 239 265 (384 -1024 1346.174683 ) (224 -1024 1312 ) (224 -1024 1056 ) (384 -1024 1056 ) 
4 239 240 (224 -768 1312 ) (224 -768 1056 ) (224 -1024 1056 ) (224 -1024 1312 ) 
4 240 267 (0 -1024 1055 ) (0 -1024 1504 ) (0 -768 1504 ) (0 -768 1055 ) 
4 240 266 (0 -1024 1504 ) (0 -1024 1055 ) (224 -1024 1055 ) (224 -1024 1504 ) 
4 240 246 (224 -1024 1055 ) (0 -1024 1055 ) (0 -768 1055 ) (224 -768 1055 ) 
4 242 243 (960 -304 1024 ) (960 -528 1024 ) (960 -528 1055 ) (960 -304 1055 ) 
4 244 256 (1024 -1024 864 ) (1024 -1024 1055 ) (800 -1024 1055 ) (800 -1024 864 ) 
4 245 257 (768 -1024 1055 ) (576 -1024 1055 ) (576 -1024 864 ) (768 -1024 864 ) 
4 246 267 (0 -1024 128 ) (0 -1024 1055 ) (0 -768 1055 ) (0 -768 128 ) 
4 246 266 (224 -1024 1055 ) (0 -1024 1055 ) (0 -1024 128 ) (224 -1024 128 ) 
4 247 248 (2128 -1024 1488 ) (2128 -1024 1056 ) (2128 -1504 1056 ) (2128 -1504 1488 ) 
4 248 252 (2048 -1024 1184 ) (2048 -1024 864 ) (2048 -1504 864 ) (2048 -1504 1184 ) 
4 248 250 (2048 -1024 1264 ) (2048 -1024 1184 ) (2048 -1504 1184 ) (2048 -1504 1264 ) 
4 248 249 (2048 -1024 1488 ) (2048 -1024 1264 ) (2048 -1504 1264 ) (2048 -1504 1488 ) 
4 249 258 (1024 -1424 1264 ) (1024 -1504 1264 ) (1024 -1504 1482.873779 ) (1024 -1424 1482.873779 ) 
4 249 255 (1024 -1024 1482.873779 ) (1024 -1024 1264 ) (1024 -1424 1264 ) (1024 -1424 1482.873779 ) 
4 249 253 (1488 -1504 1264 ) (1152 -1504 1264 ) (1152 -1024 1264 ) (1488 -1024 1264 ) 
4 249 254 (1120 -1504 1264 ) (1024 -1504 1264 ) (1024 -1024 1264 ) (1120 -1024 1264 ) 
4 249 251 (1520 -1504 1264 ) (1488 -1504 1264 ) (1488 -1424 1264 ) (1520 -1424 1264 ) 
4 249 250 (2048 -1504 1264 ) (1520 -1504 1264 ) (1520 -1024 1264 ) (2048 -1024 1264 ) 
4 250 252 (2048 -1504 1184 ) (1712 -1504 1184 ) (1712 -1024 1184 ) (2048 -1024 1184 ) 
4 250 251 (1520 -1424 1184 ) (1520 -1504 1184 ) (1520 -1504 1264 ) (1520 -1424 1264 ) 
4 251 253 (1488 -1504 1184 ) (1488 -1504 1264 ) (1488 -1424 1264 ) (1488 -1424 1184 ) 
4 254 259 (1024 -1424 864 ) (1024 -1504 864 ) (1024 -1504 1056 ) (1024 -1424 1056 ) 
4 254 258 (1024 -1504 1056 ) (1024 -1504 1264 ) (1024 -1424 1264 ) (1024 -1424 1056 ) 
4 254 256 (1024 -1024 1152 ) (1024 -1024 864 ) (1024 -1424 864 ) (1024 -1424 1152 ) 
4 254 255 (1024 -1024 1264 ) (1024 -1024 1152 ) (1024 -1424 1152 ) (1024 -1424 1264 ) 
4 255 258 (576 -1424 1387.184448 ) (576 -1424 1152 ) (1024 -1424 1152 ) (1024 -1424 1482.873779 ) 
4 255 256 (1024 -1424 1152 ) (800 -1424 1152 ) (800 -1024 1152 ) (1024 -1024 1152 ) 
4 255 257 (768 -1424 1152 ) (576 -1424 1152 ) (576 -1024 1152 ) (768 -1024 1152 ) 
4 256 259 (800 -1424 864 ) (1024 -1424 864 ) (1024 -1424 1056 ) (800 -1424 1056 ) 
4 256 258 (1024 -1424 1056 ) (1024 -1424 1152 ) (800 -1424 1152 ) (800 -1424 1056 ) 
4 257 260 (576 -1424 1056 ) (576 -1424 864 ) (768 -1424 864 ) (768 -1424 1056 ) 
4 257 258 (576 -1424 1152 ) (576 -1424 1056 ) (768 -1424 1056 ) (768 -1424 1152 ) 
4 258 259 (1024 -1504 1056 ) (800 -1504 1056 ) (800 -1424 1056 ) (1024 -1424 1056 ) 
4 258 260 (768 -1504 1056 ) (576 -1504 1056 ) (576 -1424 1056 ) (768 -1424 1056 ) 
4 261 263 (416 -1504 1304 ) (416 -1504 1353.007690 ) (416 -1496 1353.007690 ) (416 -1496 1304 ) 
4 261 264 (416 -1496 1056 ) (416 -1504 1056 ) (416 -1504 1296 ) (416 -1496 1296 ) 
4 261 262 (416 -1024 1056 ) (416 -1496 1056 ) (416 -1496 1353.007690 ) (416 -1024 1353.007690 ) 
4 262 263 (384 -1496 1346.175781 ) (384 -1496 1304 ) (416 -1496 1304 ) (416 -1496 1353.003906 ) 
4 262 264 (384 -1496 1296 ) (384 -1496 1056 ) (416 -1496 1056 ) (416 -1496 1296 ) 
4 262 265 (384 -1024 1056 ) (384 -1496 1056 ) (384 -1496 1346.171753 ) (384 -1024 1346.171753 ) 
4 263 265 (384 -1504 1304 ) (384 -1504 1346.171753 ) (384 -1496 1346.171753 ) (384 -1496 1304 ) 
4 264 265 (384 -1496 1056 ) (384 -1504 1056 ) (384 -1504 1296 ) (384 -1496 1296 ) 
4 265 266 (224 -1504 1056 ) (224 -1504 1312 ) (224 -1024 1312 ) (224 -1024 1056 ) 
4 266 270 (0 -1504 128 ) (0 -1504 1504 ) (0 -1024 1504 ) (0 -1024 128 ) 
4 267 270 (0 -1024 128 ) (0 -1024 1504 ) (-1024 -1024 1504 ) (-1024 -1024 128 ) 
4 267 268 (-1024 -1024 128 ) (-1024 -1024 1504 ) (-1024 -768 1504 ) (-1024 -768 128 ) 
4 268 271 (-1024 -1024 128 ) (-1024 -1024 1504 ) (-2048 -1024 1504 ) (-2048 -1024 128 ) 
4 268 269 (-2048 -1024 128 ) (-2048 -1024 1504 ) (-2048 -768 1504 ) (-2048 -768 128 ) 
4 269 274 (-3072 -1024 128 ) (-3072 -1024 160 ) (-3072 -768 160 ) (-3072 -768 128 ) 
4 269 273 (-3072 -1024 160 ) (-3072 -1024 1504 ) (-3072 -768 1504 ) (-3072 -768 160 ) 
4 269 272 (-2048 -1024 128 ) (-2048 -1024 1504 ) (-3072 -1024 1504 ) (-3072 -1024 128 ) 
4 270 271 (-1024 -1024 1504 ) (-1024 -1024 128 ) (-1024 -1504 128 ) (-1024 -1504 1504 ) 
4 271 272 (-2048 -1024 1504 ) (-2048 -1024 128 ) (-2048 -1504 128 ) (-2048 -1504 1504 ) 
4 272 277 (-3072 -1024 160 ) (-3072 -1024 128 ) (-3072 -1504 128 ) (-3072 -1504 160 ) 
4 272 276 (-3072 -1024 1504 ) (-3072 -1024 160 ) (-3072 -1504 160 ) (-3072 -1504 1504 ) 
4 273 276 (-3072 -1024 160 ) (-3072 -1024 1504 ) (-4096 -1024 1504 ) (-4096 -1024 160 ) 
4 273 275 (-4096 -1024 160 ) (-4096 -1024 1504 ) (-4096 -768 1504 ) (-4096 -768 160 ) 
4 273 274 (-4048 -768 160 ) (-3072 -768 160 ) (-3072 -1024 160 ) (-4048 -1024 160 ) 
4 274 277 (-3072 -1024 128 ) (-3072 -1024 160 ) (-4048 -1024 160 ) (-4048 -1024 128 ) 
4 275 278 (-4096 -1024 160 ) (-4096 -1024 1504 ) (-4448 -1024 1504 ) (-4448 -1024 160 ) 
4 276 278 (-4096 -1024 1504 ) (-4096 -1024 160 ) (-4096 -1504 160 ) (-4096 -1504 1504 ) 
4 276 277 (-3072 -1504 160 ) (-4048 -1504 160 ) (-4048 -1024 160 ) (-3072 -1024 160 ) 
