PRT1
209
453
4 0 15 (2048 2608 1408 ) (2048 2608 1243 ) (2048 2064 1243 ) (2048 2064 1408 ) 
4 0 11 (2048 2072 1408 ) (2048 2064 1408 ) (2048 2064 1416 ) (2048 2072 1416 ) 
4 0 10 (2048 2608 1416 ) (2048 2608 1408 ) (2048 2072 1408 ) (2048 2072 1416 ) 
4 0 9 (2048 2064 1568 ) (2048 2608 1568 ) (2048 2608 1416 ) (2048 2064 1416 ) 
4 0 2 (2048 2064 1243 ) (2048 2608 1243 ) (2240 2608 1243 ) (2240 2064 1243 ) 
4 0 1 (2240 2064 1248 ) (2240 2064 1568 ) (2048 2064 1568 ) (2048 2064 1248 ) 
4 1 3 (2048 2048 1568 ) (2048 2048 1248 ) (2240 2048 1248 ) (2240 2048 1568 ) 
4 2 18 (2048 2064 1243 ) (2048 2608 1243 ) (2048 2608 1216 ) (2048 2064 1216 ) 
4 3 4 (2048 2032 1248 ) (2240 2032 1248 ) (2240 2032 1568 ) (2048 2032 1568 ) 
4 4 22 (2048 1496 1416 ) (2048 1496 1408 ) (2048 1488 1408 ) (2048 1488 1416 ) 
4 4 26 (2048 1496 1408 ) (2048 1496 1248 ) (2048 1488 1248 ) (2048 1488 1408 ) 
4 4 21 (2048 1488 1568 ) (2048 1496 1568 ) (2048 1496 1416 ) (2048 1488 1416 ) 
4 4 20 (2048 1496 1568 ) (2048 2032 1568 ) (2048 2032 1248 ) (2048 1496 1248 ) 
4 5 48 (2048 1024 1568 ) (2048 1024 1243 ) (2240 1024 1243 ) (2240 1024 1568 ) 
4 5 27 (2048 1024 1243 ) (2048 1024 1568 ) (2048 1456 1568 ) (2048 1456 1243 ) 
4 5 6 (2240 1456 1243 ) (2240 1024 1243 ) (2048 1024 1243 ) (2048 1456 1243 ) 
4 6 53 (2240 1024 1243 ) (2048 1024 1243 ) (2048 1024 1216 ) (2240 1024 1216 ) 
4 6 29 (2048 1024 1216 ) (2048 1024 1243 ) (2048 1456 1243 ) (2048 1456 1216 ) 
4 7 62 (2112 1024 1184 ) (2048 1024 1184 ) (2048 1024 1055 ) (2112 1024 1055 ) 
4 7 59 (2240 1024 1184 ) (2112 1024 1184 ) (2112 1024 1055 ) (2240 1024 1055 ) 
4 7 57 (2496 1024 1184 ) (2240 1024 1184 ) (2240 1024 1055 ) (2496 1024 1055 ) 
4 7 30 (2048 1024 1055 ) (2048 1024 1184 ) (2048 1104 1184 ) (2048 1104 1055 ) 
4 7 8 (2496 1024 1055 ) (2048 1024 1055 ) (2048 1104 1055 ) (2496 1104 1055 ) 
4 8 64 (2496 1024 1024 ) (2496 1024 1055 ) (2048 1024 1055 ) (2048 1024 1024 ) 
4 8 31 (2048 1024 1024 ) (2048 1024 1055 ) (2048 1104 1055 ) (2048 1104 1024 ) 
4 9 32 (1024 2608 1568 ) (1024 2608 1416 ) (1024 2064 1416 ) (1024 2064 1568 ) 
4 9 13 (1488 2064 1416 ) (1256 2064 1416 ) (1256 2072 1416 ) (1488 2072 1416 ) 
4 9 14 (1224 2064 1416 ) (1024 2064 1416 ) (1024 2072 1416 ) (1224 2072 1416 ) 
4 9 12 (1832 2064 1416 ) (1520 2064 1416 ) (1520 2072 1416 ) (1832 2072 1416 ) 
4 9 11 (2048 2064 1416 ) (1864 2064 1416 ) (1864 2072 1416 ) (2048 2072 1416 ) 
4 9 10 (1024 2072 1416 ) (1024 2608 1416 ) (2048 2608 1416 ) (2048 2072 1416 ) 
4 10 32 (1024 2608 1416 ) (1024 2608 1408 ) (1024 2072 1408 ) (1024 2072 1416 ) 
4 10 16 (1408 2608 1408 ) (1600 2608 1408 ) (1600 2072 1408 ) (1408 2072 1408 ) 
4 10 15 (1600 2608 1408 ) (2048 2608 1408 ) (2048 2072 1408 ) (1600 2072 1408 ) 
4 10 17 (1024 2072 1408 ) (1024 2608 1408 ) (1408 2608 1408 ) (1408 2072 1408 ) 
4 10 13 (1256 2072 1408 ) (1488 2072 1408 ) (1488 2072 1416 ) (1256 2072 1416 ) 
4 10 14 (1024 2072 1408 ) (1224 2072 1408 ) (1224 2072 1416 ) (1024 2072 1416 ) 
4 10 12 (1520 2072 1408 ) (1832 2072 1408 ) (1832 2072 1416 ) (1520 2072 1416 ) 
4 10 11 (1864 2072 1408 ) (2048 2072 1408 ) (2048 2072 1416 ) (1864 2072 1416 ) 
4 11 15 (2048 2064 1408 ) (1864 2064 1408 ) (1864 2072 1408 ) (2048 2072 1408 ) 
4 12 16 (1600 2064 1408 ) (1520 2064 1408 ) (1520 2072 1408 ) (1600 2072 1408 ) 
4 12 15 (1832 2064 1408 ) (1600 2064 1408 ) (1600 2072 1408 ) (1832 2072 1408 ) 
4 13 16 (1488 2064 1408 ) (1408 2064 1408 ) (1408 2072 1408 ) (1488 2072 1408 ) 
4 13 17 (1408 2064 1408 ) (1256 2064 1408 ) (1256 2072 1408 ) (1408 2072 1408 ) 
4 14 32 (1024 2072 1408 ) (1024 2064 1408 ) (1024 2064 1416 ) (1024 2072 1416 ) 
4 14 17 (1224 2064 1408 ) (1024 2064 1408 ) (1024 2072 1408 ) (1224 2072 1408 ) 
4 15 18 (1600 2608 1243 ) (2048 2608 1243 ) (2048 2064 1243 ) (1600 2064 1243 ) 
4 15 16 (1600 2064 1248 ) (1600 2064 1408 ) (1600 2608 1408 ) (1600 2608 1248 ) 
4 16 17 (1408 2064 1248 ) (1408 2064 1408 ) (1408 2608 1408 ) (1408 2608 1248 ) 
4 17 32 (1024 2608 1408 ) (1024 2608 1243 ) (1024 2064 1243 ) (1024 2064 1408 ) 
4 17 19 (1024 2064 1243 ) (1024 2608 1243 ) (1408 2608 1243 ) (1408 2064 1243 ) 
4 19 34 (1024 2064 1243 ) (1024 2608 1243 ) (1024 2608 1216 ) (1024 2064 1216 ) 
4 20 35 (1024 2032 1243 ) (1024 1496 1243 ) (1024 1496 1568 ) (1024 2032 1568 ) 
4 20 28 (2048 2032 1243 ) (2048 1496 1243 ) (1024 1496 1243 ) (1024 2032 1243 ) 
4 20 25 (1192 1496 1416 ) (1024 1496 1416 ) (1024 1496 1408 ) (1192 1496 1408 ) 
4 20 23 (1832 1496 1416 ) (1512 1496 1416 ) (1512 1496 1408 ) (1832 1496 1408 ) 
4 20 24 (1480 1496 1416 ) (1224 1496 1416 ) (1224 1496 1408 ) (1480 1496 1408 ) 
4 20 22 (2048 1496 1408 ) (2048 1496 1416 ) (1864 1496 1416 ) (1864 1496 1408 ) 
4 20 26 (1024 1496 1243 ) (2048 1496 1243 ) (2048 1496 1408 ) (1024 1496 1408 ) 
4 20 21 (2048 1496 1416 ) (2048 1496 1568 ) (1024 1496 1568 ) (1024 1496 1416 ) 
4 21 35 (1024 1496 1568 ) (1024 1496 1416 ) (1024 1488 1416 ) (1024 1488 1568 ) 
4 21 25 (1192 1488 1416 ) (1024 1488 1416 ) (1024 1496 1416 ) (1192 1496 1416 ) 
4 21 23 (1832 1488 1416 ) (1512 1488 1416 ) (1512 1496 1416 ) (1832 1496 1416 ) 
4 21 24 (1480 1488 1416 ) (1224 1488 1416 ) (1224 1496 1416 ) (1480 1496 1416 ) 
4 21 22 (2048 1488 1416 ) (1864 1488 1416 ) (1864 1496 1416 ) (2048 1496 1416 ) 
4 22 26 (2048 1488 1408 ) (1864 1488 1408 ) (1864 1496 1408 ) (2048 1496 1408 ) 
4 23 26 (1832 1488 1408 ) (1512 1488 1408 ) (1512 1496 1408 ) (1832 1496 1408 ) 
4 24 26 (1480 1488 1408 ) (1224 1488 1408 ) (1224 1496 1408 ) (1480 1496 1408 ) 
4 25 35 (1024 1496 1416 ) (1024 1496 1408 ) (1024 1488 1408 ) (1024 1488 1416 ) 
4 25 26 (1192 1488 1408 ) (1024 1488 1408 ) (1024 1496 1408 ) (1192 1496 1408 ) 
4 26 35 (1024 1496 1408 ) (1024 1496 1243 ) (1024 1488 1243 ) (1024 1488 1408 ) 
4 26 28 (2048 1496 1243 ) (2048 1488 1243 ) (1024 1488 1243 ) (1024 1496 1243 ) 
4 27 89 (2048 1024 1243 ) (2048 1024 1416 ) (1024 1024 1416 ) (1024 1024 1243 ) 
4 27 88 (2048 1024 1416 ) (2048 1024 1568 ) (1024 1024 1568 ) (1024 1024 1416 ) 
4 27 36 (1024 1024 1243 ) (1024 1024 1568 ) (1024 1456 1568 ) (1024 1456 1243 ) 
4 27 29 (2048 1456 1243 ) (2048 1024 1243 ) (1024 1024 1243 ) (1024 1456 1243 ) 
4 28 40 (1024 1488 1243 ) (1024 2032 1243 ) (1024 2032 1216 ) (1024 1488 1216 ) 
4 29 98 (2048 1024 1216 ) (2048 1024 1243 ) (1024 1024 1243 ) (1024 1024 1216 ) 
4 29 41 (1024 1024 1216 ) (1024 1024 1243 ) (1024 1456 1243 ) (1024 1456 1216 ) 
4 30 101 (2048 1024 1055 ) (2048 1024 1184 ) (1024 1024 1184 ) (1024 1024 1055 ) 
4 30 42 (1024 1024 1055 ) (1024 1024 1184 ) (1024 1104 1184 ) (1024 1104 1055 ) 
4 30 31 (2048 1024 1055 ) (1024 1024 1055 ) (1024 1104 1055 ) (2048 1104 1055 ) 
4 31 103 (2048 1024 1024 ) (2048 1024 1055 ) (1024 1024 1055 ) (1024 1024 1024 ) 
4 31 44 (1024 1024 1024 ) (1024 1024 1055 ) (1024 1104 1055 ) (1024 1104 1024 ) 
4 32 34 (960 2608 1243 ) (1024 2608 1243 ) (1024 2064 1243 ) (960 2064 1243 ) 
4 32 33 (960 2608 1568 ) (960 2608 1248 ) (960 2064 1248 ) (960 2064 1568 ) 
4 35 40 (960 1488 1243 ) (960 2032 1243 ) (1024 2032 1243 ) (1024 1488 1243 ) 
4 35 38 (960 1488 1248 ) (960 1488 1568 ) (960 1504 1568 ) (960 1504 1248 ) 
4 35 37 (960 1504 1568 ) (960 2032 1568 ) (960 2032 1248 ) (960 1504 1248 ) 
4 36 131 (1024 1024 1243 ) (1024 1024 1568 ) (960 1024 1568 ) (960 1024 1243 ) 
4 36 41 (1024 1024 1243 ) (960 1024 1243 ) (960 1456 1243 ) (1024 1456 1243 ) 
4 36 39 (960 1024 1248 ) (960 1024 1568 ) (960 1456 1568 ) (960 1456 1248 ) 
4 37 38 (768 1504 1568 ) (768 1504 1248 ) (960 1504 1248 ) (960 1504 1568 ) 
4 38 39 (768 1472 1568 ) (768 1472 1248 ) (960 1472 1248 ) (960 1472 1568 ) 
4 39 134 (960 1024 1568 ) (768 1024 1568 ) (768 1024 1248 ) (960 1024 1248 ) 
4 41 138 (1024 1024 1216 ) (1024 1024 1243 ) (960 1024 1243 ) (960 1024 1216 ) 
4 42 141 (1024 1024 1055 ) (1024 1024 1184 ) (768 1024 1184 ) (768 1024 1055 ) 
4 42 44 (1024 1104 1055 ) (1024 1024 1055 ) (768 1024 1055 ) (768 1104 1055 ) 
4 42 43 (768 1104 1184 ) (768 1104 1056 ) (768 1024 1056 ) (768 1024 1184 ) 
4 43 144 (768 1024 1184 ) (736 1024 1184 ) (736 1024 1056 ) (768 1024 1056 ) 
4 44 145 (1024 1024 1024 ) (1024 1024 1055 ) (768 1024 1055 ) (768 1024 1024 ) 
4 45 51 (2240 240 1568 ) (2240 240 1728 ) (2240 272 1728 ) (2240 272 1568 ) 
4 45 47 (2240 240 1728 ) (2240 240 1568 ) (2272 240 1568 ) (2272 240 1728 ) 
4 45 46 (2272 240 1568 ) (2528 240 1568 ) (2528 240 1728 ) (2272 240 1728 ) 
4 46 68 (2272 0 1243 ) (2528 0 1243 ) (2528 0 1408 ) (2272 0 1408 ) 
4 46 66 (2528 0 1408 ) (2528 0 1728 ) (2272 0 1728 ) (2272 0 1408 ) 
4 46 54 (2528 0 1243 ) (2272 0 1243 ) (2272 240 1243 ) (2528 240 1243 ) 
4 46 47 (2272 0 1728 ) (2272 240 1728 ) (2272 240 1408 ) (2272 0 1408 ) 
4 47 66 (2272 0 1408 ) (2272 0 1728 ) (2240 0 1728 ) (2240 0 1408 ) 
4 47 52 (2240 0 1408 ) (2240 0 1728 ) (2240 240 1728 ) (2240 240 1408 ) 
4 48 90 (2048 848 1408 ) (2048 848 1416 ) (2048 856 1416 ) (2048 856 1408 ) 
4 48 94 (2048 856 1243 ) (2048 848 1243 ) (2048 848 1408 ) (2048 856 1408 ) 
4 48 89 (2048 1024 1416 ) (2048 1024 1243 ) (2048 856 1243 ) (2048 856 1416 ) 
4 48 88 (2048 1024 1568 ) (2048 1024 1416 ) (2048 848 1416 ) (2048 848 1568 ) 
4 48 53 (2048 848 1243 ) (2048 1024 1243 ) (2240 1024 1243 ) (2240 848 1243 ) 
4 48 49 (2240 848 1248 ) (2240 848 1568 ) (2048 848 1568 ) (2048 848 1248 ) 
4 49 95 (2048 816 1728 ) (2048 848 1728 ) (2048 848 1568 ) (2048 816 1568 ) 
4 49 50 (2048 816 1248 ) (2240 816 1248 ) (2240 816 1728 ) (2048 816 1728 ) 
4 50 96 (2048 272 1248 ) (2048 272 1568 ) (2048 816 1568 ) (2048 816 1248 ) 
4 50 95 (2048 272 1568 ) (2048 272 1728 ) (2048 816 1728 ) (2048 816 1568 ) 
4 50 51 (2240 272 1568 ) (2240 272 1728 ) (2048 272 1728 ) (2048 272 1568 ) 
4 51 95 (2048 240 1568 ) (2048 240 1728 ) (2048 272 1728 ) (2048 272 1568 ) 
4 51 52 (2240 240 1568 ) (2240 240 1728 ) (2048 240 1728 ) (2048 240 1568 ) 
4 52 97 (2048 240 1243 ) (2048 0 1243 ) (2048 0 1568 ) (2048 240 1568 ) 
4 52 95 (2048 0 1568 ) (2048 0 1728 ) (2048 240 1728 ) (2048 240 1568 ) 
4 52 69 (2048 0 1408 ) (2048 0 1243 ) (2240 0 1243 ) (2240 0 1408 ) 
4 52 66 (2048 0 1728 ) (2048 0 1408 ) (2240 0 1408 ) (2240 0 1728 ) 
4 52 56 (2048 0 1243 ) (2048 240 1243 ) (2240 240 1243 ) (2240 0 1243 ) 
4 53 98 (2048 1024 1243 ) (2048 1024 1216 ) (2048 848 1216 ) (2048 848 1243 ) 
4 54 70 (2272 0 1184 ) (2528 0 1184 ) (2528 0 1216 ) (2272 0 1216 ) 
4 54 68 (2528 0 1216 ) (2528 0 1243 ) (2272 0 1243 ) (2272 0 1216 ) 
4 54 58 (2496 0 1184 ) (2272 0 1184 ) (2272 240 1184 ) (2496 240 1184 ) 
4 54 55 (2272 240 1216 ) (2272 240 1184 ) (2272 0 1184 ) (2272 0 1216 ) 
4 55 70 (2240 0 1184 ) (2272 0 1184 ) (2272 0 1216 ) (2240 0 1216 ) 
4 55 58 (2272 0 1184 ) (2240 0 1184 ) (2240 240 1184 ) (2272 240 1184 ) 
4 56 100 (2048 0 1216 ) (2048 0 1243 ) (2048 240 1243 ) (2048 240 1216 ) 
4 56 69 (2048 0 1243 ) (2048 0 1216 ) (2240 0 1216 ) (2240 0 1243 ) 
4 57 64 (2240 336 1055 ) (2240 1024 1055 ) (2496 1024 1055 ) (2496 336 1055 ) 
4 57 59 (2240 1024 1055 ) (2240 336 1055 ) (2240 336 1184 ) (2240 1024 1184 ) 
4 58 71 (2240 0 1055 ) (2496 0 1055 ) (2496 0 1184 ) (2240 0 1184 ) 
4 58 65 (2496 0 1055 ) (2240 0 1055 ) (2240 240 1055 ) (2496 240 1055 ) 
4 58 61 (2240 240 1055 ) (2240 0 1055 ) (2240 0 1184 ) (2240 240 1184 ) 
4 59 64 (2112 336 1055 ) (2112 1024 1055 ) (2240 1024 1055 ) (2240 336 1055 ) 
4 59 62 (2112 1024 1055 ) (2112 336 1055 ) (2112 336 1184 ) (2112 1024 1184 ) 
4 59 60 (2112 336 1184 ) (2112 336 1056 ) (2240 336 1056 ) (2240 336 1184 ) 
4 60 61 (2112 240 1184 ) (2112 240 1056 ) (2240 240 1056 ) (2240 240 1184 ) 
4 61 72 (2112 0 1055 ) (2240 0 1055 ) (2240 0 1184 ) (2112 0 1184 ) 
4 61 65 (2240 0 1055 ) (2112 0 1055 ) (2112 240 1055 ) (2240 240 1055 ) 
4 61 63 (2112 240 1055 ) (2112 0 1055 ) (2112 0 1184 ) (2112 240 1184 ) 
4 62 101 (2048 1024 1184 ) (2048 1024 1055 ) (2048 336 1055 ) (2048 336 1184 ) 
4 62 64 (2048 336 1055 ) (2048 1024 1055 ) (2112 1024 1055 ) (2112 336 1055 ) 
4 63 102 (2048 240 1055 ) (2048 0 1055 ) (2048 0 1184 ) (2048 240 1184 ) 
4 63 72 (2048 0 1184 ) (2048 0 1055 ) (2112 0 1055 ) (2112 0 1184 ) 
4 63 65 (2112 0 1055 ) (2048 0 1055 ) (2048 240 1055 ) (2112 240 1055 ) 
4 64 103 (2048 1024 1055 ) (2048 1024 1024 ) (2048 336 1024 ) (2048 336 1055 ) 
4 65 104 (2048 240 1024 ) (2048 0 1024 ) (2048 0 1055 ) (2048 240 1055 ) 
4 65 83 (2048 0 1055 ) (2048 0 1024 ) (2240 0 1024 ) (2240 0 1055 ) 
4 65 82 (2240 0 1024 ) (2496 0 1024 ) (2496 0 1055 ) (2240 0 1055 ) 
4 66 105 (2048 0 1728 ) (2048 0 1408 ) (2048 -272 1408 ) (2048 -272 1728 ) 
4 66 69 (2048 -272 1408 ) (2048 0 1408 ) (2240 0 1408 ) (2240 -272 1408 ) 
4 66 68 (2272 0 1408 ) (2528 0 1408 ) (2528 -272 1408 ) (2272 -272 1408 ) 
5 66 67 (2240 -272 1408 ) (2528 -272 1408 ) (2528 -272 1728 ) (2048 -272 1728 ) (2048 -272 1476.571289 ) 
4 67 106 (2048 -304 1476.571289 ) (2048 -304 1728 ) (2048 -272 1728 ) (2048 -272 1476.571289 ) 
5 67 77 (2048 -304 1728 ) (2048 -304 1476.571289 ) (2240 -304 1408 ) (2495.590332 -304 1408 ) (2495.590332 -304 1728 ) 
4 67 76 (2495.590332 -304 1408 ) (2496 -304 1408 ) (2496 -304 1728 ) (2495.590332 -304 1728 ) 
4 67 75 (2496 -304 1408 ) (2528 -304 1408 ) (2528 -304 1536 ) (2496 -304 1536 ) 
4 67 74 (2528 -304 1536 ) (2528 -304 1728 ) (2496 -304 1728 ) (2496 -304 1536 ) 
4 67 68 (2528 -304 1408 ) (2272 -304 1408 ) (2272 -272 1408 ) (2528 -272 1408 ) 
4 68 77 (2495.590332 -304 1408 ) (2272 -304 1408 ) (2272 -304 1216 ) (2495.590332 -304 1216 ) 
4 68 76 (2496 -304 1408 ) (2495.590332 -304 1408 ) (2495.590332 -304 1216 ) (2496 -304 1216 ) 
4 68 75 (2528 -304 1408 ) (2496 -304 1408 ) (2496 -304 1216 ) (2528 -304 1216 ) 
4 68 70 (2528 -304 1216 ) (2272 -304 1216 ) (2272 0 1216 ) (2528 0 1216 ) 
4 69 108 (2048 0 1408 ) (2048 0 1216 ) (2048 -272 1216 ) (2048 -272 1408 ) 
4 70 77 (2495.590332 -304 1216 ) (2240 -304 1216 ) (2240 -304 1184 ) (2495.590332 -304 1184 ) 
4 70 76 (2496 -304 1216 ) (2495.590332 -304 1216 ) (2495.590332 -304 1184 ) (2496 -304 1184 ) 
4 70 75 (2528 -304 1216 ) (2496 -304 1216 ) (2496 -304 1184 ) (2528 -304 1184 ) 
4 70 71 (2496 -304 1184 ) (2240 -304 1184 ) (2240 0 1184 ) (2496 0 1184 ) 
4 71 82 (2240 0 1055 ) (2496 0 1055 ) (2496 -304 1055 ) (2240 -304 1055 ) 
4 71 79 (2240 -304 1055 ) (2496 -304 1055 ) (2496 -304 1088 ) (2240 -304 1088 ) 
4 71 77 (2495.590332 -304 1184 ) (2240 -304 1184 ) (2240 -304 1088 ) (2495.590332 -304 1088 ) 
4 71 76 (2496 -304 1088 ) (2496 -304 1184 ) (2495.590332 -304 1184 ) (2495.590332 -304 1088 ) 
4 71 73 (2240 -304 1088 ) (2240 -304 1184 ) (2240 -272 1184 ) (2240 -272 1088 ) 
4 71 72 (2240 0 1055 ) (2240 -272 1055 ) (2240 -272 1184 ) (2240 0 1184 ) 
4 72 109 (2048 0 1184 ) (2048 0 1055 ) (2048 -272 1055 ) (2048 -272 1184 ) 
4 72 83 (2048 -272 1055 ) (2048 0 1055 ) (2240 0 1055 ) (2240 -272 1055 ) 
4 72 73 (2240 -272 1088 ) (2240 -272 1184 ) (2048 -272 1184 ) (2048 -272 1088 ) 
4 73 110 (2048 -304 1088 ) (2048 -304 1184 ) (2048 -272 1184 ) (2048 -272 1088 ) 
4 73 77 (2240 -304 1088 ) (2240 -304 1184 ) (2048 -304 1184 ) (2048 -304 1088 ) 
4 74 76 (2496 -304 1728 ) (2496 -304 1536 ) (2496 -544 1536 ) (2496 -544 1728 ) 
4 74 75 (2496 -544 1536 ) (2496 -304 1536 ) (2528 -304 1536 ) (2528 -544 1536 ) 
4 75 76 (2496 -304 1536 ) (2496 -304 1184 ) (2496 -544 1184 ) (2496 -544 1536 ) 
4 76 79 (2495.590332 -528 1088 ) (2495.590332 -304 1088 ) (2496 -304 1088 ) (2496 -528 1088 ) 
4 76 78 (2495.590332 -544 1184 ) (2495.590332 -544 1728 ) (2495.590332 -528 1728 ) (2495.590332 -528 1184 ) 
4 76 77 (2495.590332 -304 1088 ) (2495.590332 -528 1088 ) (2495.590332 -528 1728 ) (2495.590332 -304 1728 ) 
4 77 111 (2048 -304 1728 ) (2048 -304 1088 ) (2048 -528 1088 ) (2048 -528 1728 ) 
4 77 79 (2048 -528 1088 ) (2048 -304 1088 ) (2495.590332 -304 1088 ) (2495.590332 -528 1088 ) 
4 77 78 (2495.590332 -528 1184 ) (2495.590332 -528 1728 ) (2048 -528 1728 ) (2048 -528 1121.507446 ) 
4 78 112 (2048 -544 1121.507446 ) (2048 -544 1728 ) (2048 -528 1728 ) (2048 -528 1121.507446 ) 
4 79 113 (2048 -304 1088 ) (2048 -304 1055 ) (2048 -528 1055 ) (2048 -528 1088 ) 
4 79 84 (2048 -528 1055 ) (2048 -304 1055 ) (2240 -304 1055 ) (2240 -528 1055 ) 
4 79 82 (2240 -304 1055 ) (2496 -304 1055 ) (2496 -528 1055 ) (2240 -528 1055 ) 
4 80 116 (2048 -1024 1056 ) (2048 -1024 1184 ) (2048 -768 1184 ) (2048 -768 1056 ) 
4 80 115 (2048 -1024 1184 ) (2048 -1024 1264 ) (2048 -768 1264 ) (2048 -768 1184 ) 
4 80 114 (2048 -1024 1264 ) (2048 -1024 1488 ) (2048 -768 1488 ) (2048 -768 1264 ) 
4 80 87 (2048 -1024 1488 ) (2048 -1024 1056 ) (2128 -1024 1056 ) (2128 -1024 1488 ) 
4 80 86 (2128 -1024 1056 ) (2496 -1024 1056 ) (2496 -1024 1488 ) (2128 -1024 1488 ) 
4 80 81 (2048 -1024 1056 ) (2048 -768 1056 ) (2128 -768 1056 ) (2128 -1024 1056 ) 
4 81 116 (2048 -1024 1055 ) (2048 -1024 1056 ) (2048 -768 1056 ) (2048 -768 1055 ) 
4 81 87 (2048 -1024 1056 ) (2048 -1024 1055 ) (2128 -1024 1055 ) (2128 -1024 1056 ) 
4 81 85 (2128 -1024 1055 ) (2048 -1024 1055 ) (2048 -768 1055 ) (2128 -768 1055 ) 
4 82 83 (2240 0 1024 ) (2240 -272 1024 ) (2240 -272 1055 ) (2240 0 1055 ) 
4 82 84 (2240 -304 1024 ) (2240 -528 1024 ) (2240 -528 1055 ) (2240 -304 1055 ) 
4 83 122 (2048 -272 1055 ) (2048 0 1055 ) (2048 0 1024 ) (2048 -272 1024 ) 
4 84 123 (2048 -528 1055 ) (2048 -304 1055 ) (2048 -304 1024 ) (2048 -528 1024 ) 
4 85 124 (2048 -1024 864 ) (2048 -1024 1055 ) (2048 -768 1055 ) (2048 -768 864 ) 
4 85 87 (2128 -1024 1055 ) (2048 -1024 1055 ) (2048 -1024 864 ) (2128 -1024 864 ) 
4 86 87 (2128 -1504 1056 ) (2128 -1504 1488 ) (2128 -1024 1488 ) (2128 -1024 1056 ) 
4 87 183 (2048 -1024 1184 ) (2048 -1024 864 ) (2048 -1504 864 ) (2048 -1504 1184 ) 
4 87 181 (2048 -1024 1264 ) (2048 -1024 1184 ) (2048 -1504 1184 ) (2048 -1504 1264 ) 
4 87 180 (2048 -1024 1488 ) (2048 -1024 1264 ) (2048 -1504 1264 ) (2048 -1504 1488 ) 
4 88 131 (1024 1024 1568 ) (1024 1024 1416 ) (1024 848 1416 ) (1024 848 1568 ) 
4 88 93 (1184 848 1416 ) (1024 848 1416 ) (1024 856 1416 ) (1184 856 1416 ) 
4 88 91 (1824 848 1416 ) (1504 848 1416 ) (1504 856 1416 ) (1824 856 1416 ) 
4 88 92 (1472 848 1416 ) (1216 848 1416 ) (1216 856 1416 ) (1472 856 1416 ) 
4 88 90 (2048 848 1416 ) (1856 848 1416 ) (1856 856 1416 ) (2048 856 1416 ) 
4 88 89 (1024 856 1416 ) (1024 1024 1416 ) (2048 1024 1416 ) (2048 856 1416 ) 
4 89 131 (1024 1024 1416 ) (1024 1024 1243 ) (1024 856 1243 ) (1024 856 1416 ) 
4 89 98 (1024 856 1243 ) (1024 1024 1243 ) (2048 1024 1243 ) (2048 856 1243 ) 
4 89 93 (1184 856 1416 ) (1024 856 1416 ) (1024 856 1408 ) (1184 856 1408 ) 
4 89 91 (1824 856 1416 ) (1504 856 1416 ) (1504 856 1408 ) (1824 856 1408 ) 
4 89 92 (1472 856 1416 ) (1216 856 1416 ) (1216 856 1408 ) (1472 856 1408 ) 
4 89 90 (2048 856 1408 ) (2048 856 1416 ) (1856 856 1416 ) (1856 856 1408 ) 
4 89 94 (1024 856 1243 ) (2048 856 1243 ) (2048 856 1408 ) (1024 856 1408 ) 
4 90 94 (2048 848 1408 ) (1856 848 1408 ) (1856 856 1408 ) (2048 856 1408 ) 
4 91 94 (1824 848 1408 ) (1504 848 1408 ) (1504 856 1408 ) (1824 856 1408 ) 
4 92 94 (1472 848 1408 ) (1216 848 1408 ) (1216 856 1408 ) (1472 856 1408 ) 
4 93 131 (1024 848 1408 ) (1024 848 1416 ) (1024 856 1416 ) (1024 856 1408 ) 
4 93 94 (1184 848 1408 ) (1024 848 1408 ) (1024 856 1408 ) (1184 856 1408 ) 
4 94 131 (1024 856 1243 ) (1024 848 1243 ) (1024 848 1408 ) (1024 856 1408 ) 
4 94 98 (1024 848 1243 ) (1024 856 1243 ) (2048 856 1243 ) (2048 848 1243 ) 
4 95 129 (1024 240 1728 ) (1024 272 1728 ) (1024 272 1568 ) (1024 240 1568 ) 
4 95 128 (1024 272 1728 ) (1024 848 1728 ) (1024 848 1568 ) (1024 272 1568 ) 
4 95 130 (1024 0 1568 ) (1024 0 1728 ) (1024 240 1728 ) (1024 240 1568 ) 
4 95 105 (2048 0 1568 ) (2048 0 1728 ) (1024 0 1728 ) (1024 0 1568 ) 
4 95 96 (1024 272 1568 ) (1024 816 1568 ) (2048 816 1568 ) (2048 272 1568 ) 
4 95 97 (1024 0 1568 ) (1024 240 1568 ) (2048 240 1568 ) (2048 0 1568 ) 
4 96 132 (1024 816 1243 ) (1024 272 1243 ) (1024 272 1568 ) (1024 816 1568 ) 
4 96 99 (1024 272 1243 ) (1024 816 1243 ) (2048 816 1243 ) (2048 272 1243 ) 
4 97 133 (1024 240 1243 ) (1024 0 1243 ) (1024 0 1568 ) (1024 240 1568 ) 
4 97 108 (2048 0 1243 ) (2048 0 1408 ) (1024 0 1408 ) (1024 0 1243 ) 
4 97 105 (2048 0 1408 ) (2048 0 1568 ) (1024 0 1568 ) (1024 0 1408 ) 
4 97 100 (1024 0 1243 ) (1024 240 1243 ) (2048 240 1243 ) (2048 0 1243 ) 
4 98 138 (1024 1024 1243 ) (1024 1024 1216 ) (1024 848 1216 ) (1024 848 1243 ) 
4 99 139 (1024 816 1216 ) (1024 272 1216 ) (1024 272 1243 ) (1024 816 1243 ) 
4 100 140 (1024 240 1216 ) (1024 0 1216 ) (1024 0 1243 ) (1024 240 1243 ) 
4 100 108 (2048 0 1216 ) (2048 0 1243 ) (1024 0 1243 ) (1024 0 1216 ) 
4 101 141 (1024 1024 1184 ) (1024 1024 1055 ) (1024 336 1055 ) (1024 336 1184 ) 
4 101 103 (1024 336 1055 ) (1024 1024 1055 ) (2048 1024 1055 ) (2048 336 1055 ) 
4 102 142 (1024 240 1055 ) (1024 0 1055 ) (1024 0 1184 ) (1024 240 1184 ) 
4 102 109 (2048 0 1055 ) (2048 0 1184 ) (1024 0 1184 ) (1024 0 1055 ) 
4 102 104 (2048 0 1055 ) (1024 0 1055 ) (1024 240 1055 ) (2048 240 1055 ) 
4 103 145 (1024 1024 1055 ) (1024 1024 1024 ) (1024 336 1024 ) (1024 336 1055 ) 
4 104 146 (1024 240 1024 ) (1024 0 1024 ) (1024 0 1055 ) (1024 240 1055 ) 
4 104 122 (2048 0 1024 ) (2048 0 1055 ) (1024 0 1055 ) (1024 0 1024 ) 
4 105 150 (1024 0 1568 ) (1024 0 1408 ) (1024 -272 1408 ) (1024 -272 1568 ) 
4 105 149 (1024 0 1728 ) (1024 0 1568 ) (1024 -272 1568 ) (1024 -272 1728 ) 
4 105 108 (1024 -272 1408 ) (1024 0 1408 ) (2048 0 1408 ) (2048 -272 1408 ) 
4 105 107 (1792 -272 1568 ) (1344 -272 1728 ) (1024 -272 1728 ) (1024 -272 1568 ) 
3 105 106 (2048 -272 1476.571289 ) (2048 -272 1728 ) (1344 -272 1728 ) 
3 106 111 (2048 -304 1476.571289 ) (2048 -304 1728 ) (1344 -304 1728 ) 
4 106 107 (1344.003906 -304 1728 ) (1344.003906 -272 1728 ) (1792.004028 -272 1568 ) (1792.004028 -304 1568 ) 
4 107 149 (1024 -304 1568 ) (1024 -304 1728 ) (1024 -272 1728 ) (1024 -272 1568 ) 
4 107 111 (1792 -304 1568 ) (1344 -304 1728 ) (1024 -304 1728 ) (1024 -304 1568 ) 
4 108 151 (1024 0 1408 ) (1024 0 1216 ) (1024 -272 1216 ) (1024 -272 1408 ) 
4 109 153 (1024 0 1088 ) (1024 0 1055 ) (1024 -272 1055 ) (1024 -272 1088 ) 
4 109 152 (1024 0 1184 ) (1024 0 1088 ) (1024 -272 1088 ) (1024 -272 1184 ) 
4 109 122 (1024 -272 1055 ) (1024 0 1055 ) (2048 0 1055 ) (2048 -272 1055 ) 
4 109 110 (2048 -272 1088 ) (2048 -272 1184 ) (1024 -272 1184 ) (1024 -272 1088 ) 
4 110 152 (1024 -304 1088 ) (1024 -304 1184 ) (1024 -272 1184 ) (1024 -272 1088 ) 
4 110 111 (2048 -304 1088 ) (2048 -304 1184 ) (1024 -304 1184 ) (1024 -304 1088 ) 
4 111 155 (1024 -304 1728 ) (1024 -304 1088 ) (1024 -528 1088 ) (1024 -528 1728 ) 
4 111 113 (1024 -528 1088 ) (1024 -304 1088 ) (2048 -304 1088 ) (2048 -528 1088 ) 
5 111 112 (1024 -528 1088 ) (1808.009766 -528 1088 ) (2048 -528 1121.507446 ) (2048 -528 1728 ) (1024 -528 1728 ) 
4 112 157 (1024 -528 1088 ) (1024 -544 1088 ) (1024 -544 1728 ) (1024 -528 1728 ) 
4 113 155 (1024 -304 1088 ) (1024 -304 1055 ) (1024 -528 1055 ) (1024 -528 1088 ) 
4 113 123 (1024 -528 1055 ) (1024 -304 1055 ) (2048 -304 1055 ) (2048 -528 1055 ) 
5 114 180 (2048 -1024 1264 ) (2048 -1024 1488 ) (1048 -1024 1488 ) (1024 -1024 1482.873779 ) (1024 -1024 1264 ) 
4 114 158 (1024 -1024 1264 ) (1024 -1024 1482.873779 ) (1024 -768 1482.873779 ) (1024 -768 1264 ) 
4 114 120 (1488 -1024 1264 ) (1152 -1024 1264 ) (1152 -864 1264 ) (1488 -864 1264 ) 
4 114 121 (1120 -1024 1264 ) (1024 -1024 1264 ) (1024 -864 1264 ) (1120 -864 1264 ) 
4 114 118 (1120 -768 1264 ) (1152 -768 1264 ) (1152 -864 1264 ) (1120 -864 1264 ) 
4 114 117 (1152 -768 1264 ) (1488 -768 1264 ) (1488 -864 1264 ) (1152 -864 1264 ) 
4 114 119 (1024 -864 1264 ) (1024 -768 1264 ) (1120 -768 1264 ) (1120 -864 1264 ) 
4 114 115 (2048 -1024 1264 ) (1520 -1024 1264 ) (1520 -768 1264 ) (2048 -768 1264 ) 
4 115 181 (2048 -1024 1184 ) (2048 -1024 1264 ) (1520 -1024 1264 ) (1520 -1024 1184 ) 
4 115 116 (2048 -1024 1184 ) (1712 -1024 1184 ) (1712 -768 1184 ) (2048 -768 1184 ) 
4 116 183 (2048 -1024 1055 ) (2048 -1024 1184 ) (1712 -1024 1184 ) (1712 -1024 1055 ) 
4 116 124 (1712 -768 1055 ) (2048 -768 1055 ) (2048 -1024 1055 ) (1712 -1024 1055 ) 
4 117 125 (1152 -768 1055 ) (1488 -768 1055 ) (1488 -864 1055 ) (1152 -864 1055 ) 
4 117 120 (1152 -864 1055 ) (1488 -864 1055 ) (1488 -864 1264 ) (1152 -864 1264 ) 
4 117 118 (1152 -864 1056 ) (1152 -864 1264 ) (1152 -768 1264 ) (1152 -768 1056 ) 
4 118 119 (1120 -864 1056 ) (1120 -864 1264 ) (1120 -768 1264 ) (1120 -768 1056 ) 
4 119 159 (1024 -768 1152 ) (1024 -768 1055 ) (1024 -864 1055 ) (1024 -864 1152 ) 
4 119 158 (1024 -864 1264 ) (1024 -768 1264 ) (1024 -768 1152 ) (1024 -864 1152 ) 
4 119 126 (1024 -864 1055 ) (1024 -768 1055 ) (1120 -768 1055 ) (1120 -864 1055 ) 
4 119 121 (1024 -864 1055 ) (1120 -864 1055 ) (1120 -864 1264 ) (1024 -864 1264 ) 
4 120 184 (1488 -1024 1264 ) (1152 -1024 1264 ) (1152 -1024 1055 ) (1488 -1024 1055 ) 
4 120 125 (1152 -864 1055 ) (1488 -864 1055 ) (1488 -1024 1055 ) (1152 -1024 1055 ) 
4 121 185 (1120 -1024 1264 ) (1024 -1024 1264 ) (1024 -1024 1055 ) (1120 -1024 1055 ) 
4 121 159 (1024 -1024 1055 ) (1024 -1024 1152 ) (1024 -864 1152 ) (1024 -864 1055 ) 
4 121 158 (1024 -1024 1152 ) (1024 -1024 1264 ) (1024 -864 1264 ) (1024 -864 1152 ) 
4 121 127 (1024 -1024 1055 ) (1024 -864 1055 ) (1120 -864 1055 ) (1120 -1024 1055 ) 
4 122 170 (1024 -272 1055 ) (1024 0 1055 ) (1024 0 1024 ) (1024 -272 1024 ) 
4 123 171 (1024 -528 1055 ) (1024 -304 1055 ) (1024 -304 1024 ) (1024 -528 1024 ) 
4 124 183 (2048 -1024 864 ) (2048 -1024 1055 ) (1712 -1024 1055 ) (1712 -1024 864 ) 
4 125 184 (1488 -1024 1055 ) (1152 -1024 1055 ) (1152 -1024 864 ) (1488 -1024 864 ) 
4 126 174 (1024 -864 1055 ) (1024 -768 1055 ) (1024 -768 864 ) (1024 -864 864 ) 
4 126 127 (1024 -864 864 ) (1120 -864 864 ) (1120 -864 1055 ) (1024 -864 1055 ) 
4 127 185 (1120 -1024 1055 ) (1024 -1024 1055 ) (1024 -1024 864 ) (1120 -1024 864 ) 
4 127 174 (1024 -1024 864 ) (1024 -1024 1055 ) (1024 -864 1055 ) (1024 -864 864 ) 
4 128 135 (960 816 1568 ) (960 272 1568 ) (768 272 1568 ) (768 816 1568 ) 
4 128 132 (1024 816 1568 ) (1024 272 1568 ) (960 272 1568 ) (960 816 1568 ) 
4 128 129 (736 272 1568 ) (1024 272 1568 ) (1024 272 1728 ) (736 272 1728 ) 
4 129 136 (768 272 1568 ) (960 272 1568 ) (960 240 1568 ) (768 240 1568 ) 
4 129 130 (736 240 1568 ) (1024 240 1568 ) (1024 240 1728 ) (736 240 1728 ) 
4 130 149 (1024 0 1568 ) (1024 0 1728 ) (736 0 1728 ) (736 0 1568 ) 
4 130 137 (960 0 1568 ) (768 0 1568 ) (768 240 1568 ) (960 240 1568 ) 
4 130 133 (1024 0 1568 ) (960 0 1568 ) (960 240 1568 ) (1024 240 1568 ) 
4 131 138 (960 848 1243 ) (960 1024 1243 ) (1024 1024 1243 ) (1024 848 1243 ) 
4 131 134 (960 848 1248 ) (960 848 1568 ) (960 1024 1568 ) (960 1024 1248 ) 
4 132 139 (960 272 1243 ) (960 816 1243 ) (1024 816 1243 ) (1024 272 1243 ) 
4 132 135 (960 272 1408 ) (960 272 1568 ) (960 816 1568 ) (960 816 1408 ) 
4 133 151 (1024 0 1243 ) (1024 0 1408 ) (960 0 1408 ) (960 0 1243 ) 
4 133 150 (1024 0 1408 ) (1024 0 1568 ) (960 0 1568 ) (960 0 1408 ) 
4 133 140 (1024 0 1243 ) (960 0 1243 ) (960 240 1243 ) (1024 240 1243 ) 
4 133 137 (960 0 1408 ) (960 0 1568 ) (960 240 1568 ) (960 240 1408 ) 
4 135 136 (768 272 1568 ) (768 272 1408 ) (960 272 1408 ) (960 272 1568 ) 
4 136 137 (768 240 1568 ) (768 240 1408 ) (960 240 1408 ) (960 240 1568 ) 
4 137 150 (960 0 1568 ) (768 0 1568 ) (768 0 1408 ) (960 0 1408 ) 
4 140 151 (1024 0 1216 ) (1024 0 1243 ) (960 0 1243 ) (960 0 1216 ) 
4 141 145 (768 1024 1055 ) (1024 1024 1055 ) (1024 336 1055 ) (768 336 1055 ) 
4 141 144 (768 336 1056 ) (768 336 1184 ) (768 1024 1184 ) (768 1024 1056 ) 
4 142 153 (1024 0 1055 ) (1024 0 1088 ) (960 0 1088 ) (960 0 1055 ) 
4 142 152 (1024 0 1088 ) (1024 0 1184 ) (960 0 1184 ) (960 0 1088 ) 
4 142 146 (1024 240 1055 ) (1024 0 1055 ) (960 0 1055 ) (960 240 1055 ) 
4 142 143 (960 240 1184 ) (960 240 1056 ) (960 0 1056 ) (960 0 1184 ) 
4 143 154 (768 0 1088 ) (768 0 1056 ) (960 0 1056 ) (960 0 1088 ) 
4 143 152 (960 0 1184 ) (768 0 1184 ) (768 0 1088 ) (960 0 1088 ) 
4 146 170 (1024 0 1024 ) (1024 0 1055 ) (960 0 1055 ) (960 0 1024 ) 
4 147 173 (344 0 8 ) (344 0 424 ) (0 0 424 ) (0 0 8 ) 
4 147 148 (0 0 8 ) (0 0 424 ) (0 56 424 ) (0 56 8 ) 
4 148 177 (0 0 8 ) (0 0 424 ) (-168 0 424 ) (-168 0 8 ) 
4 149 156 (736 -304 1728 ) (736 -304 1568 ) (768 -304 1568 ) (768 -304 1728 ) 
4 149 155 (768 -304 1568 ) (1024 -304 1568 ) (1024 -304 1728 ) (768 -304 1728 ) 
4 149 150 (768 0 1568 ) (1024 0 1568 ) (1024 -272 1568 ) (768 -272 1568 ) 
4 150 151 (960 0 1408 ) (1024 0 1408 ) (1024 -272 1408 ) (960 -272 1408 ) 
4 152 155 (768 -304 1088 ) (1024 -304 1088 ) (1024 -304 1184 ) (768 -304 1184 ) 
4 152 154 (960 -304 1088 ) (768 -304 1088 ) (768 0 1088 ) (960 0 1088 ) 
4 152 153 (960 -272 1088 ) (960 0 1088 ) (1024 0 1088 ) (1024 -272 1088 ) 
4 153 170 (960 0 1055 ) (1024 0 1055 ) (1024 -272 1055 ) (960 -272 1055 ) 
4 153 154 (960 -272 1056 ) (960 -272 1088 ) (960 0 1088 ) (960 0 1056 ) 
4 154 155 (960 -304 1056 ) (960 -304 1088 ) (768 -304 1088 ) (768 -304 1056 ) 
4 155 172 (960 -528 1055 ) (768 -528 1055 ) (768 -304 1055 ) (960 -304 1055 ) 
4 155 171 (1024 -304 1055 ) (1024 -528 1055 ) (960 -528 1055 ) (960 -304 1055 ) 
4 155 157 (1024 -528 1088 ) (1024 -528 1728 ) (768 -528 1728 ) (768 -528 1088 ) 
4 155 156 (768 -528 1088 ) (768 -528 1728 ) (768 -304 1728 ) (768 -304 1184 ) 
4 156 157 (736 -528 1728 ) (736 -528 1088 ) (768 -528 1088 ) (768 -528 1728 ) 
4 158 186 (1024 -1024 1152 ) (1024 -1024 1482.873779 ) (736 -1024 1421.359131 ) (736 -1024 1152 ) 
4 158 161 (736 -1024 1152 ) (736 -1024 1421.359131 ) (736 -768 1421.359131 ) (736 -768 1152 ) 
4 158 159 (800 -768 1152 ) (1024 -768 1152 ) (1024 -1024 1152 ) (800 -1024 1152 ) 
4 158 160 (736 -1024 1152 ) (736 -768 1152 ) (768 -768 1152 ) (768 -1024 1152 ) 
4 159 187 (1024 -1024 1055 ) (1024 -1024 1152 ) (800 -1024 1152 ) (800 -1024 1055 ) 
4 159 174 (1024 -768 1055 ) (1024 -1024 1055 ) (800 -1024 1055 ) (800 -768 1055 ) 
4 160 188 (768 -1024 1152 ) (736 -1024 1152 ) (736 -1024 1055 ) (768 -1024 1055 ) 
4 160 175 (768 -1024 1055 ) (736 -1024 1055 ) (736 -768 1055 ) (768 -768 1055 ) 
4 160 168 (736 -768 1055 ) (736 -1024 1055 ) (736 -1024 1056 ) (736 -768 1056 ) 
4 160 161 (736 -1024 1056 ) (736 -1024 1152 ) (736 -768 1152 ) (736 -768 1056 ) 
4 161 188 (736 -1024 1056 ) (736 -1024 1152 ) (576 -1024 1152 ) (576 -1024 1056 ) 
4 161 186 (736 -1024 1152 ) (736 -1024 1421.359131 ) (576 -1024 1387.184448 ) (576 -1024 1152 ) 
4 161 168 (576 -768 1056 ) (736 -768 1056 ) (736 -1024 1056 ) (576 -1024 1056 ) 
4 161 162 (576 -768 1056 ) (576 -928 1056 ) (576 -928 1387.185547 ) (576 -768 1387.185547 ) 
4 162 163 (544 -768 1056 ) (544 -928 1056 ) (544 -928 1380.349609 ) (544 -768 1380.349609 ) 
4 163 192 (544 -1024 1380.349487 ) (416 -1024 1353.009644 ) (416 -1024 1056 ) (544 -1024 1056 ) 
4 163 164 (416 -776 1304 ) (416 -776 1353.007813 ) (416 -768 1353.007813 ) (416 -768 1304 ) 
4 163 165 (416 -768 1056 ) (416 -776 1056 ) (416 -776 1296 ) (416 -768 1296 ) 
4 163 166 (416 -776 1056 ) (416 -1024 1056 ) (416 -1024 1353.007813 ) (416 -776 1353.007813 ) 
4 164 167 (384 -776 1304 ) (384 -776 1346.171875 ) (384 -768 1346.171875 ) (384 -768 1304 ) 
4 164 166 (384 -776 1346.175781 ) (384 -776 1304 ) (416 -776 1304 ) (416 -776 1353.003906 ) 
4 165 166 (384 -776 1296 ) (384 -776 1056 ) (416 -776 1056 ) (416 -776 1296 ) 
4 165 167 (384 -768 1056 ) (384 -776 1056 ) (384 -776 1296 ) (384 -768 1296 ) 
4 166 193 (416 -1024 1353.009644 ) (384 -1024 1346.174683 ) (384 -1024 1056 ) (416 -1024 1056 ) 
4 166 167 (384 -776 1056 ) (384 -1024 1056 ) (384 -1024 1346.171875 ) (384 -776 1346.171875 ) 
4 167 196 (384 -1024 1346.174683 ) (224 -1024 1312 ) (224 -1024 1056 ) (384 -1024 1056 ) 
4 167 169 (224 -768 1312 ) (224 -768 1056 ) (224 -1024 1056 ) (224 -1024 1312 ) 
4 168 188 (576 -1024 1055 ) (736 -1024 1055 ) (736 -1024 1056 ) (576 -1024 1056 ) 
4 168 175 (736 -768 1055 ) (736 -1024 1055 ) (576 -1024 1055 ) (576 -768 1055 ) 
4 169 197 (0 -1024 1536 ) (0 -1024 1055 ) (224 -1024 1055 ) (224 -1024 1536 ) 
4 169 178 (0 -768 1055 ) (0 -1024 1055 ) (0 -1024 1536 ) (0 -768 1536 ) 
4 169 176 (224 -1024 1055 ) (0 -1024 1055 ) (0 -768 1055 ) (224 -768 1055 ) 
4 171 172 (960 -304 1024 ) (960 -528 1024 ) (960 -528 1055 ) (960 -304 1055 ) 
4 173 177 (0 0 424 ) (0 0 8 ) (0 -456 8 ) (0 -456 424 ) 
4 174 187 (1024 -1024 864 ) (1024 -1024 1055 ) (800 -1024 1055 ) (800 -1024 864 ) 
4 175 188 (768 -1024 1055 ) (576 -1024 1055 ) (576 -1024 864 ) (768 -1024 864 ) 
4 176 197 (224 -1024 1055 ) (0 -1024 1055 ) (0 -1024 128 ) (224 -1024 128 ) 
4 176 178 (0 -1024 128 ) (0 -1024 1055 ) (0 -768 1055 ) (0 -768 128 ) 
4 178 198 (0 -1024 128 ) (0 -1024 1536 ) (-168 -1024 1536 ) (-168 -1024 128 ) 
4 178 179 (-168 -768 128 ) (-168 -1024 128 ) (-168 -1024 1536 ) (-168 -768 1536 ) 
4 179 199 (-1024 -1024 128 ) (-1024 -1024 1536 ) (-1024 -768 1536 ) (-1024 -768 128 ) 
4 179 198 (-168 -1024 1536 ) (-1024 -1024 1536 ) (-1024 -1024 128 ) (-168 -1024 128 ) 
4 180 186 (1024 -1024 1482.873779 ) (1024 -1024 1264 ) (1024 -1504 1264 ) (1024 -1504 1482.873779 ) 
4 180 184 (1488 -1504 1264 ) (1152 -1504 1264 ) (1152 -1024 1264 ) (1488 -1024 1264 ) 
4 180 185 (1120 -1504 1264 ) (1024 -1504 1264 ) (1024 -1024 1264 ) (1120 -1024 1264 ) 
4 180 182 (1520 -1504 1264 ) (1488 -1504 1264 ) (1488 -1424 1264 ) (1520 -1424 1264 ) 
4 180 181 (2048 -1504 1264 ) (1520 -1504 1264 ) (1520 -1024 1264 ) (2048 -1024 1264 ) 
4 181 183 (2048 -1504 1184 ) (1712 -1504 1184 ) (1712 -1024 1184 ) (2048 -1024 1184 ) 
4 181 182 (1520 -1424 1184 ) (1520 -1504 1184 ) (1520 -1504 1264 ) (1520 -1424 1264 ) 
4 182 184 (1488 -1504 1184 ) (1488 -1504 1264 ) (1488 -1424 1264 ) (1488 -1424 1184 ) 
4 185 189 (1024 -1424 864 ) (1024 -1504 864 ) (1024 -1504 1152 ) (1024 -1424 1152 ) 
4 185 187 (1024 -1024 1152 ) (1024 -1024 864 ) (1024 -1424 864 ) (1024 -1424 1152 ) 
4 185 186 (1024 -1024 1264 ) (1024 -1024 1152 ) (1024 -1504 1152 ) (1024 -1504 1264 ) 
4 186 190 (800 -1504 1152 ) (768 -1504 1152 ) (768 -1424 1152 ) (800 -1424 1152 ) 
4 186 189 (1024 -1504 1152 ) (800 -1504 1152 ) (800 -1424 1152 ) (1024 -1424 1152 ) 
4 186 191 (768 -1504 1152 ) (576 -1504 1152 ) (576 -1424 1152 ) (768 -1424 1152 ) 
4 186 187 (800 -1024 1152 ) (1024 -1024 1152 ) (1024 -1424 1152 ) (800 -1424 1152 ) 
4 186 188 (576 -1424 1152 ) (576 -1024 1152 ) (768 -1024 1152 ) (768 -1424 1152 ) 
4 187 189 (800 -1424 864 ) (1024 -1424 864 ) (1024 -1424 1152 ) (800 -1424 1152 ) 
4 188 191 (576 -1424 864 ) (768 -1424 864 ) (768 -1424 1152 ) (576 -1424 1152 ) 
4 189 190 (800 -1424 1152 ) (800 -1424 1056 ) (800 -1504 1056 ) (800 -1504 1152 ) 
4 190 191 (768 -1424 1152 ) (768 -1424 1056 ) (768 -1504 1056 ) (768 -1504 1152 ) 
4 192 194 (416 -1504 1304 ) (416 -1504 1353.007690 ) (416 -1496 1353.007690 ) (416 -1496 1304 ) 
4 192 195 (416 -1496 1056 ) (416 -1504 1056 ) (416 -1504 1296 ) (416 -1496 1296 ) 
4 192 193 (416 -1024 1056 ) (416 -1496 1056 ) (416 -1496 1353.007690 ) (416 -1024 1353.007690 ) 
4 193 194 (384 -1496 1346.175781 ) (384 -1496 1304 ) (416 -1496 1304 ) (416 -1496 1353.003906 ) 
4 193 195 (384 -1496 1296 ) (384 -1496 1056 ) (416 -1496 1056 ) (416 -1496 1296 ) 
4 193 196 (384 -1024 1056 ) (384 -1496 1056 ) (384 -1496 1346.171753 ) (384 -1024 1346.171753 ) 
4 194 196 (384 -1504 1304 ) (384 -1504 1346.171753 ) (384 -1496 1346.171753 ) (384 -1496 1304 ) 
4 195 196 (384 -1496 1056 ) (384 -1504 1056 ) (384 -1504 1296 ) (384 -1496 1296 ) 
4 196 197 (224 -1504 1056 ) (224 -1504 1312 ) (224 -1024 1312 ) (224 -1024 1056 ) 
4 197 198 (0 -1024 1536 ) (0 -1024 128 ) (0 -1504 128 ) (0 -1504 1536 ) 
4 198 201 (-1024 -1504 1536 ) (-1024 -1024 1536 ) (-1024 -1024 128 ) (-1024 -1504 128 ) 
4 199 201 (-1024 -1024 128 ) (-1024 -1024 1536 ) (-2048 -1024 1536 ) (-2048 -1024 128 ) 
4 199 200 (-2048 -1024 128 ) (-2048 -1024 1536 ) (-2048 -768 1536 ) (-2048 -768 128 ) 
4 200 203 (-3072 -1024 128 ) (-3072 -1024 1536 ) (-3072 -768 1536 ) (-3072 -768 128 ) 
4 200 202 (-2048 -1024 128 ) (-2048 -1024 1536 ) (-3072 -1024 1536 ) (-3072 -1024 128 ) 
4 201 202 (-2048 -1504 1536 ) (-2048 -1024 1536 ) (-2048 -1024 128 ) (-2048 -1504 128 ) 
4 202 206 (-3072 -1504 1536 ) (-3072 -1024 1536 ) (-3072 -1024 128 ) (-3072 -1504 128 ) 
4 203 206 (-3072 -1024 128 ) (-3072 -1024 1536 ) (-4048 -1024 1536 ) (-4048 -1024 128 ) 
4 203 204 (-4048 -768 1536 ) (-4048 -768 160 ) (-4048 -1024 160 ) (-4048 -1024 1536 ) 
4 204 207 (-4048 -1024 1536 ) (-4096 -1024 1536 ) (-4096 -1024 160 ) (-4048 -1024 160 ) 
4 204 205 (-4096 -1024 160 ) (-4096 -1024 1536 ) (-4096 -768 1536 ) (-4096 -768 160 ) 
4 205 208 (-4096 -1024 160 ) (-4096 -1024 1536 ) (-4448 -1024 1536 ) (-4448 -1024 160 ) 
4 206 207 (-4048 -1504 160 ) (-4048 -1504 1536 ) (-4048 -1024 1536 ) (-4048 -1024 160 ) 
4 207 208 (-4096 -1024 1536 ) (-4096 -1024 160 ) (-4096 -1504 160 ) (-4096 -1504 1536 ) 
